<?xml version="1.0" encoding="UTF-8"?>
<testsuite name="Flujo de compra en demoblaze" tests="1" skipped="0" failures="0" errors="0" timestamp="2023-06-15T17:40:35" hostname="LIM-2X8KNN3" time="73.454">
  <properties/>
  <testcase name="Validar que se pueda realizar una compra en Demoblaze" classname="Flujo de compra en demoblaze" time="73.454"/>
  <system-out><![CDATA[
@CompraWeb @Compra
Esquema del escenario: Validar que se pueda realizar una compra en Demoblaze ?[90m# src/test/resources/features/demoBlaze.feature:18?[0m
12:40:35.668 [Test worker] INFO io.cucumber.core.plugin.SerenityReporter - Running feature from file:///C:/Users/Usuario/Documents/retoAutomatizacion/e2e/RetoDemoBlaze/src/test/resources/features/demoBlaze.feature
12:40:35.753 [Test worker] INFO  - 
  _____   ___   ___   _____     ___   _____     _     ___   _____   ___   ___  
 |_   _| | __| / __| |_   _|   / __| |_   _|   /_\   | _ \ |_   _| | __| |   \ 
   | |   | _|  \__ \   | |     \__ \   | |    / _ \  |   /   | |   | _|  | |) |
   |_|   |___| |___/   |_|     |___/   |_|   /_/ \_\ |_|_\   |_|   |___| |___/ 

Validar que se pueda realizar una compra en Demoblaze(flujo-de-compra-en-demoblaze;validar-que-se-pueda-realizar-una-compra-en-demoblaze)
--------------------------------------------------------------------------------
12:40:36.292 [Test worker] DEBUG net.thucydides.core.steps.StepInterceptor - STARTING STEP: demoBlazeStepDefinition.queSoyUnUsuarioRegistradoEnDemoblaze - performAs
12:40:36.321 [Test worker] DEBUG net.thucydides.core.steps.StepInterceptor - STARTING STEP: VisitWebPage.performAs - {0} opens the browser at #url
12:40:36.357 [Test worker] INFO net.serenitybdd.core.webdriver.driverproviders.DriverProvider - Using WebDriverManager configuration for chrome
12:40:36.672 [Test worker] DEBUG io.github.bonigarcia.wdm.cache.ResolutionCache - Resolution chrome=114 in cache (valid until 13:12:53 15/06/2023 PET)
12:40:36.673 [Test worker] DEBUG io.github.bonigarcia.wdm.cache.ResolutionCache - Resolution chrome114=114.0.5735.90 in cache (valid until 17:41:16 15/06/2023 PET)
12:40:36.674 [Test worker] INFO io.github.bonigarcia.wdm.WebDriverManager - Using chromedriver 114.0.5735.90 (resolved driver for Chrome 114)
12:40:36.696 [Test worker] DEBUG io.github.bonigarcia.wdm.WebDriverManager - Driver chromedriver 114.0.5735.90 found in cache
12:40:36.697 [Test worker] INFO io.github.bonigarcia.wdm.WebDriverManager - Exporting webdriver.chrome.driver as C:\Users\Usuario\.cache\selenium\chromedriver\win32\114.0.5735.90\chromedriver.exe
12:40:36.777 [Test worker] INFO net.serenitybdd.core.webdriver.driverproviders.ChromeDriverProvider - Starting Chrome driver instance with capabilities:
12:40:36.779 [Test worker] INFO net.serenitybdd.core.webdriver.driverproviders.ChromeDriverProvider - Capabilities {acceptInsecureCerts: false, browserName: chrome, goog:chromeOptions: {args: [--remote-allow-origins=*, start-maximized], extensions: []}}
12:40:36.825 [Test worker] DEBUG io.netty.util.internal.logging.InternalLoggerFactory - Using SLF4J as the default logging framework
12:40:36.828 [Test worker] DEBUG io.netty.util.ResourceLeakDetector - -Dio.netty.leakDetection.level: simple
12:40:36.828 [Test worker] DEBUG io.netty.util.ResourceLeakDetector - -Dio.netty.leakDetection.targetRecords: 4
12:40:36.831 [Test worker] DEBUG io.netty.util.ResourceLeakDetectorFactory - Loaded default ResourceLeakDetector: io.netty.util.ResourceLeakDetector@5f5297e3
12:40:36.847 [Test worker] DEBUG io.netty.util.internal.PlatformDependent0 - -Dio.netty.noUnsafe: false
12:40:36.848 [Test worker] DEBUG io.netty.util.internal.PlatformDependent0 - Java version: 11
12:40:36.848 [Test worker] DEBUG io.netty.util.internal.PlatformDependent0 - sun.misc.Unsafe.theUnsafe: available
12:40:36.849 [Test worker] DEBUG io.netty.util.internal.PlatformDependent0 - sun.misc.Unsafe.copyMemory: available
12:40:36.849 [Test worker] DEBUG io.netty.util.internal.PlatformDependent0 - sun.misc.Unsafe.storeFence: available
12:40:36.850 [Test worker] DEBUG io.netty.util.internal.PlatformDependent0 - java.nio.Buffer.address: available
12:40:36.850 [Test worker] DEBUG io.netty.util.internal.PlatformDependent0 - direct buffer constructor: unavailable: Reflective setAccessible(true) disabled
12:40:36.851 [Test worker] DEBUG io.netty.util.internal.PlatformDependent0 - java.nio.Bits.unaligned: available, true
12:40:36.852 [Test worker] DEBUG io.netty.util.internal.PlatformDependent0 - jdk.internal.misc.Unsafe.allocateUninitializedArray(int): unavailable: class io.netty.util.internal.PlatformDependent0$7 cannot access class jdk.internal.misc.Unsafe (in module java.base) because module java.base does not export jdk.internal.misc to unnamed module @1144a55a
12:40:36.853 [Test worker] DEBUG io.netty.util.internal.PlatformDependent0 - java.nio.DirectByteBuffer.<init>(long, int): unavailable
12:40:36.853 [Test worker] DEBUG io.netty.util.internal.PlatformDependent - sun.misc.Unsafe: available
12:40:36.861 [Test worker] DEBUG io.netty.util.internal.PlatformDependent - maxDirectMemory: 536870912 bytes (maybe)
12:40:36.861 [Test worker] DEBUG io.netty.util.internal.PlatformDependent - -Dio.netty.tmpdir: C:\Users\Usuario\AppData\Local\Temp (java.io.tmpdir)
12:40:36.861 [Test worker] DEBUG io.netty.util.internal.PlatformDependent - -Dio.netty.bitMode: 64 (sun.arch.data.model)
12:40:36.861 [Test worker] DEBUG io.netty.util.internal.PlatformDependent - Platform: Windows
12:40:36.863 [Test worker] DEBUG io.netty.util.internal.PlatformDependent - -Dio.netty.maxDirectMemory: -1 bytes
12:40:36.863 [Test worker] DEBUG io.netty.util.internal.PlatformDependent - -Dio.netty.uninitializedArrayAllocationThreshold: -1
12:40:36.864 [Test worker] DEBUG io.netty.util.internal.CleanerJava9 - java.nio.ByteBuffer.cleaner(): available
12:40:36.864 [Test worker] DEBUG io.netty.util.internal.PlatformDependent - -Dio.netty.noPreferDirect: false
12:40:36.871 [Test worker] DEBUG io.netty.util.internal.PlatformDependent - org.jctools-core.MpscChunkedArrayQueue: available
12:40:36.886 [Test worker] DEBUG io.netty.util.internal.InternalThreadLocalMap - -Dio.netty.threadLocalMap.stringBuilder.initialSize: 1024
12:40:36.887 [Test worker] DEBUG io.netty.util.internal.InternalThreadLocalMap - -Dio.netty.threadLocalMap.stringBuilder.maxSize: 4096
12:40:36.902 [Test worker] DEBUG io.netty.handler.ssl.JdkSslContext - Default protocols (JDK): [TLSv1.3, TLSv1.2] 
12:40:36.903 [Test worker] DEBUG io.netty.handler.ssl.JdkSslContext - Default cipher suites (JDK): [TLS_ECDHE_ECDSA_WITH_AES_256_GCM_SHA384, TLS_ECDHE_ECDSA_WITH_AES_128_GCM_SHA256, TLS_ECDHE_RSA_WITH_AES_128_GCM_SHA256, TLS_ECDHE_RSA_WITH_AES_256_GCM_SHA384, TLS_ECDHE_RSA_WITH_AES_128_CBC_SHA, TLS_ECDHE_RSA_WITH_AES_256_CBC_SHA, TLS_RSA_WITH_AES_128_GCM_SHA256, TLS_RSA_WITH_AES_128_CBC_SHA, TLS_RSA_WITH_AES_256_CBC_SHA, TLS_AES_128_GCM_SHA256, TLS_AES_256_GCM_SHA384]
12:40:36.926 [Test worker] DEBUG io.netty.channel.MultithreadEventLoopGroup - -Dio.netty.eventLoopThreads: 16
12:40:36.933 [Test worker] DEBUG io.netty.channel.nio.NioEventLoop - -Dio.netty.noKeySetOptimization: false
12:40:36.933 [Test worker] DEBUG io.netty.channel.nio.NioEventLoop - -Dio.netty.selectorAutoRebuildThreshold: 512
12:40:36.969 [Test worker] DEBUG io.netty.buffer.PooledByteBufAllocator - -Dio.netty.allocator.numHeapArenas: 16
12:40:36.970 [Test worker] DEBUG io.netty.buffer.PooledByteBufAllocator - -Dio.netty.allocator.numDirectArenas: 16
12:40:36.970 [Test worker] DEBUG io.netty.buffer.PooledByteBufAllocator - -Dio.netty.allocator.pageSize: 8192
12:40:36.970 [Test worker] DEBUG io.netty.buffer.PooledByteBufAllocator - -Dio.netty.allocator.maxOrder: 9
12:40:36.970 [Test worker] DEBUG io.netty.buffer.PooledByteBufAllocator - -Dio.netty.allocator.chunkSize: 4194304
12:40:36.970 [Test worker] DEBUG io.netty.buffer.PooledByteBufAllocator - -Dio.netty.allocator.smallCacheSize: 256
12:40:36.970 [Test worker] DEBUG io.netty.buffer.PooledByteBufAllocator - -Dio.netty.allocator.normalCacheSize: 64
12:40:36.970 [Test worker] DEBUG io.netty.buffer.PooledByteBufAllocator - -Dio.netty.allocator.maxCachedBufferCapacity: 32768
12:40:36.970 [Test worker] DEBUG io.netty.buffer.PooledByteBufAllocator - -Dio.netty.allocator.cacheTrimInterval: 8192
12:40:36.970 [Test worker] DEBUG io.netty.buffer.PooledByteBufAllocator - -Dio.netty.allocator.cacheTrimIntervalMillis: 0
12:40:36.970 [Test worker] DEBUG io.netty.buffer.PooledByteBufAllocator - -Dio.netty.allocator.useCacheForAllThreads: false
12:40:36.970 [Test worker] DEBUG io.netty.buffer.PooledByteBufAllocator - -Dio.netty.allocator.maxCachedByteBuffersPerChunk: 1023
12:40:36.979 [Test worker] DEBUG io.netty.buffer.ByteBufUtil - -Dio.netty.allocator.type: pooled
12:40:36.980 [Test worker] DEBUG io.netty.buffer.ByteBufUtil - -Dio.netty.threadLocalDirectBufferSize: 0
12:40:36.980 [Test worker] DEBUG io.netty.buffer.ByteBufUtil - -Dio.netty.maxThreadLocalCharBufferSize: 16384
12:40:37.285 [Forwarding newSession on session null to remote] DEBUG io.netty.channel.DefaultChannelId - -Dio.netty.processId: 16284 (auto-detected)
12:40:37.287 [Forwarding newSession on session null to remote] DEBUG io.netty.util.NetUtil - -Djava.net.preferIPv4Stack: false
12:40:37.288 [Forwarding newSession on session null to remote] DEBUG io.netty.util.NetUtil - -Djava.net.preferIPv6Addresses: false
12:40:37.375 [Forwarding newSession on session null to remote] DEBUG io.netty.util.NetUtilInitializations - Loopback interface: lo (Software Loopback Interface 1, 127.0.0.1)
12:40:37.377 [Forwarding newSession on session null to remote] DEBUG io.netty.util.NetUtil - Failed to get SOMAXCONN from sysctl and file \proc\sys\net\core\somaxconn. Default: 200
12:40:37.508 [Forwarding newSession on session null to remote] DEBUG io.netty.channel.DefaultChannelId - -Dio.netty.machineId: 4c:44:5b:ff:fe:94:d7:48 (auto-detected)
12:40:37.559 [AsyncHttpClient-1-2] DEBUG io.netty.buffer.AbstractByteBuf - -Dio.netty.buffer.checkAccessible: true
12:40:37.560 [AsyncHttpClient-1-2] DEBUG io.netty.buffer.AbstractByteBuf - -Dio.netty.buffer.checkBounds: true
12:40:37.560 [AsyncHttpClient-1-2] DEBUG io.netty.util.ResourceLeakDetectorFactory - Loaded default ResourceLeakDetector: io.netty.util.ResourceLeakDetector@28f6bed4
12:40:37.574 [AsyncHttpClient-1-2] DEBUG org.asynchttpclient.netty.channel.NettyConnectListener - Using new Channel '[id: 0x2fef61ae, L:/127.0.0.1:50390 - R:localhost/127.0.0.1:8874]' for 'POST' to '/session'
12:40:37.595 [AsyncHttpClient-1-2] DEBUG io.netty.util.Recycler - -Dio.netty.recycler.maxCapacityPerThread: 4096
12:40:37.595 [AsyncHttpClient-1-2] DEBUG io.netty.util.Recycler - -Dio.netty.recycler.ratio: 8
12:40:37.595 [AsyncHttpClient-1-2] DEBUG io.netty.util.Recycler - -Dio.netty.recycler.chunkSize: 32
12:40:37.595 [AsyncHttpClient-1-2] DEBUG io.netty.util.Recycler - -Dio.netty.recycler.blocking: false
12:40:38.259 [AsyncHttpClient-1-2] DEBUG io.netty.handler.codec.compression.Brotli - brotli4j not in the classpath; Brotli support will be unavailable.
12:40:38.259 [AsyncHttpClient-1-2] DEBUG org.asynchttpclient.netty.handler.HttpHandler - 

Request DefaultHttpRequest(decodeResult: success, version: HTTP/1.1)
POST /session HTTP/1.1
User-Agent: selenium/4.6.0 (java windows)
Content-Length: 569
Content-Type: application/json; charset=utf-8
host: localhost:8874
accept: */*

Response DefaultHttpResponse(decodeResult: success, version: HTTP/1.1)
HTTP/1.1 200 OK
Content-Type: application/json; charset=utf-8
cache-control: no-cache
content-length: 863

12:40:38.267 [AsyncHttpClient-1-2] DEBUG org.asynchttpclient.netty.channel.ChannelManager - Adding key: http://localhost:8874 for channel [id: 0x2fef61ae, L:/127.0.0.1:50390 - R:localhost/127.0.0.1:8874]
12:40:38.343 [AsyncHttpClient-1-3] DEBUG org.asynchttpclient.netty.channel.NettyConnectListener - Using new Channel '[id: 0x82d83611, L:/127.0.0.1:50398 - R:localhost/127.0.0.1:50391]' for 'GET' to '/json/version'
12:40:38.347 [AsyncHttpClient-1-3] DEBUG org.asynchttpclient.netty.handler.HttpHandler - 

Request DefaultFullHttpRequest(decodeResult: success, version: HTTP/1.1, content: EmptyByteBufBE)
GET /json/version HTTP/1.1
User-Agent: selenium/4.6.0 (java windows)
host: localhost:50391
accept: */*

Response DefaultHttpResponse(decodeResult: success, version: HTTP/1.1)
HTTP/1.1 200 OK
Content-Security-Policy: frame-ancestors 'none'
Content-Type: application/json; charset=UTF-8
content-length: 424

12:40:38.348 [AsyncHttpClient-1-3] DEBUG org.asynchttpclient.netty.channel.ChannelManager - Adding key: http://localhost:50391 for channel [id: 0x82d83611, L:/127.0.0.1:50398 - R:localhost/127.0.0.1:50391]
12:40:38.356 [Test worker] DEBUG io.netty.util.internal.ThreadLocalRandom - -Dio.netty.initialSeedUniquifier: 0x2e38f43a991d1097
12:40:38.361 [AsyncHttpClient-1-4] DEBUG org.asynchttpclient.netty.channel.NettyConnectListener - Using new Channel '[id: 0x3daf45ef, L:/127.0.0.1:50399 - R:localhost/127.0.0.1:50391]' for 'GET' to '/devtools/browser/8cd303cb-41f2-4e91-b7c5-9198359fd2b3'
12:40:38.365 [AsyncHttpClient-1-4] DEBUG org.asynchttpclient.netty.handler.WebSocketHandler - 

Request DefaultFullHttpRequest(decodeResult: success, version: HTTP/1.1, content: EmptyByteBufBE)
GET /devtools/browser/8cd303cb-41f2-4e91-b7c5-9198359fd2b3 HTTP/1.1
upgrade: websocket
connection: upgrade
sec-websocket-key: RUB1a0dhYyE5hpERkKTJAg==
sec-websocket-version: 13
origin: http://localhost:50391
host: localhost:50391
accept: */*
user-agent: AHC/2.1

Response DefaultHttpResponse(decodeResult: success, version: HTTP/1.1)
HTTP/1.1 101 WebSocket Protocol Handshake
Upgrade: WebSocket
Connection: Upgrade
Sec-WebSocket-Accept: b8i4V36buo4/lK3HTmZmTrBlEIM=

12:40:38.947 [Test worker] DEBUG net.thucydides.core.reflection.ClassFinder - Could not load class .org.example.pageObject.DB_MainPage
12:40:38.947 [Test worker] DEBUG net.thucydides.core.reflection.ClassFinder - Could not load class .org.example.pageObject.LoginForm
12:40:38.947 [Test worker] DEBUG net.thucydides.core.reflection.ClassFinder - Could not load class .org.example.pageObject.OrderForm
12:40:38.947 [Test worker] DEBUG net.thucydides.core.reflection.ClassFinder - Could not load class .org.example.question.LoginSuccess
12:40:38.947 [Test worker] DEBUG net.thucydides.core.reflection.ClassFinder - Could not load class .org.example.question.MainPage
12:40:38.947 [Test worker] DEBUG net.thucydides.core.reflection.ClassFinder - Could not load class .org.example.runner.RunnerTests
12:40:38.947 [Test worker] DEBUG net.thucydides.core.reflection.ClassFinder - Could not load class .org.example.stepsdefinition.demoBlazeStepDefinition
12:40:38.948 [Test worker] DEBUG net.thucydides.core.reflection.ClassFinder - Could not load class .org.example.tasks.ConfirmOrder
12:40:38.948 [Test worker] DEBUG net.thucydides.core.reflection.ClassFinder - Could not load class .org.example.tasks.Login
12:40:38.948 [Test worker] DEBUG net.thucydides.core.reflection.ClassFinder - Could not load class .org.example.tasks.PickCategory
12:40:38.948 [Test worker] DEBUG net.thucydides.core.reflection.ClassFinder - Could not load class .org.example.tasks.PickItem
12:40:38.948 [Test worker] DEBUG net.thucydides.core.reflection.ClassFinder - Could not load class .org.example.tasks.PlaceOrder
12:40:38.948 [Test worker] DEBUG net.thucydides.core.reflection.ClassFinder - Could not load class .org.example.tasks.VisitWebPage
12:40:38.948 [Test worker] DEBUG net.thucydides.core.reflection.ClassFinder - Could not load class .org.example.tasks.WaitFor
12:40:38.948 [Test worker] DEBUG net.thucydides.core.reflection.ClassFinder - Could not load class .org.example.utils.CucumberTable
12:40:38.948 [Test worker] DEBUG net.thucydides.core.reflection.ClassFinder - Could not load class .org.example.utils.EnvConf
12:40:38.949 [Test worker] DEBUG net.thucydides.core.reflection.ClassFinder - Could not load class META-INF.versions.9.com.sun.istack.logging.StackHelper
12:40:38.950 [Test worker] DEBUG net.thucydides.core.reflection.ClassFinder - Could not load class META-INF.versions.9.com.sun.xml.bind.v2.runtime.reflect.opt.AccessorInjector
12:40:38.950 [Test worker] DEBUG net.thucydides.core.reflection.ClassFinder - Could not load class META-INF.versions.9.com.sun.xml.bind.v2.runtime.reflect.opt.Injector
12:40:38.950 [Test worker] DEBUG net.thucydides.core.reflection.ClassFinder - Could not load class META-INF.versions.9.com.sun.xml.bind.v2.runtime.reflect.opt.OptimizedAccessorFactory
12:40:38.951 [Test worker] DEBUG net.thucydides.core.reflection.ClassFinder - Could not load class META-INF.versions.9.com.sun.xml.bind.v2.runtime.reflect.opt.OptimizedTransducedAccessorFactory
12:40:38.951 [Test worker] DEBUG net.thucydides.core.reflection.ClassFinder - Could not load class META-INF.versions.9.io.opentelemetry.sdk.internal.CurrentJavaVersionSpecific
12:40:38.952 [Test worker] DEBUG net.thucydides.core.reflection.ClassFinder - Could not load class META-INF.versions.9.io.opentelemetry.sdk.internal.Java9VersionSpecific
12:40:38.952 [Test worker] DEBUG net.thucydides.core.reflection.ClassFinder - Could not load class META-INF.versions.9.javax.xml.bind.ModuleUtil
12:40:38.953 [Test worker] DEBUG net.thucydides.core.reflection.ClassFinder - Could not load class META-INF.versions.9.module-info
12:40:39.078 [AsyncHttpClient-1-1] DEBUG org.asynchttpclient.netty.channel.DefaultChannelPool - Entry count for : http://localhost:50391 : 1
12:40:39.078 [AsyncHttpClient-1-1] DEBUG org.asynchttpclient.netty.channel.DefaultChannelPool - Entry count for : http://localhost:8874 : 1
12:40:39.308 [Test worker] DEBUG net.thucydides.core.reflection.ClassFinder - Could not load class com.google.gson.internal.
12:40:39.523 [Test worker] DEBUG net.thucydides.core.reflection.ClassFinder - Could not load class com.sun.xml.bind.v2.runtime.output.FastInfosetStreamWriterOutput
12:40:40.051 [Test worker] DEBUG net.thucydides.core.reflection.ClassFinder - Could not load class module-info
12:40:40.182 [AsyncHttpClient-1-1] DEBUG org.asynchttpclient.netty.channel.DefaultChannelPool - Entry count for : http://localhost:50391 : 1
12:40:40.183 [AsyncHttpClient-1-1] DEBUG org.asynchttpclient.netty.channel.DefaultChannelPool - Entry count for : http://localhost:8874 : 1
12:40:40.620 [Test worker] DEBUG net.thucydides.core.reflection.ClassFinder - Could not load class org.assertj.core.api.JUnitJupiterBDDSoftAssertions
12:40:40.622 [Test worker] DEBUG net.thucydides.core.reflection.ClassFinder - Could not load class org.assertj.core.api.JUnitJupiterSoftAssertions
12:40:40.653 [Test worker] DEBUG net.thucydides.core.reflection.ClassFinder - Could not load class org.assertj.core.api.junit.jupiter.SoftAssertionsExtension
12:40:40.654 [Test worker] DEBUG net.thucydides.core.reflection.ClassFinder - Could not load class org.assertj.core.api.junit.jupiter.SoftlyExtension
12:40:41.276 [AsyncHttpClient-1-1] DEBUG org.asynchttpclient.netty.channel.DefaultChannelPool - Entry count for : http://localhost:50391 : 1
12:40:41.276 [AsyncHttpClient-1-1] DEBUG org.asynchttpclient.netty.channel.DefaultChannelPool - Entry count for : http://localhost:8874 : 1
12:40:42.376 [AsyncHttpClient-1-1] DEBUG org.asynchttpclient.netty.channel.DefaultChannelPool - Entry count for : http://localhost:50391 : 1
12:40:42.376 [AsyncHttpClient-1-1] DEBUG org.asynchttpclient.netty.channel.DefaultChannelPool - Entry count for : http://localhost:8874 : 1
12:40:43.480 [AsyncHttpClient-1-1] DEBUG org.asynchttpclient.netty.channel.DefaultChannelPool - Entry count for : http://localhost:50391 : 1
12:40:43.480 [AsyncHttpClient-1-1] DEBUG org.asynchttpclient.netty.channel.DefaultChannelPool - Entry count for : http://localhost:8874 : 1
12:40:43.620 [Forwarding get on session dbb78d66cb98e0e2c4900f0f2a545f64 to remote] DEBUG org.asynchttpclient.netty.request.NettyRequestSender - Using pooled Channel '[id: 0x2fef61ae, L:/127.0.0.1:50390 - R:localhost/127.0.0.1:8874]' for 'POST' to 'http://localhost:8874/session/dbb78d66cb98e0e2c4900f0f2a545f64/url'
12:40:43.620 [Forwarding get on session dbb78d66cb98e0e2c4900f0f2a545f64 to remote] DEBUG org.asynchttpclient.netty.request.NettyRequestSender - Using open Channel [id: 0x2fef61ae, L:/127.0.0.1:50390 - R:localhost/127.0.0.1:8874] for POST '/session/dbb78d66cb98e0e2c4900f0f2a545f64/url'
12:40:44.576 [AsyncHttpClient-1-1] DEBUG org.asynchttpclient.netty.channel.DefaultChannelPool - Entry count for : http://localhost:50391 : 1
12:40:45.677 [AsyncHttpClient-1-1] DEBUG org.asynchttpclient.netty.channel.DefaultChannelPool - Entry count for : http://localhost:50391 : 1
12:40:46.484 [AsyncHttpClient-1-2] DEBUG org.asynchttpclient.netty.handler.HttpHandler - 

Request DefaultHttpRequest(decodeResult: success, version: HTTP/1.1)
POST /session/dbb78d66cb98e0e2c4900f0f2a545f64/url HTTP/1.1
User-Agent: selenium/4.6.0 (java windows)
Content-Length: 56
Content-Type: application/json; charset=utf-8
host: localhost:8874
accept: */*

Response DefaultHttpResponse(decodeResult: success, version: HTTP/1.1)
HTTP/1.1 200 OK
Content-Type: application/json; charset=utf-8
cache-control: no-cache
content-length: 14

12:40:46.485 [AsyncHttpClient-1-2] DEBUG org.asynchttpclient.netty.channel.ChannelManager - Adding key: http://localhost:8874 for channel [id: 0x2fef61ae, L:/127.0.0.1:50390 - R:localhost/127.0.0.1:8874]
12:40:46.499 [Forwarding setTimeout on session dbb78d66cb98e0e2c4900f0f2a545f64 to remote] DEBUG org.asynchttpclient.netty.request.NettyRequestSender - Using pooled Channel '[id: 0x2fef61ae, L:/127.0.0.1:50390 - R:localhost/127.0.0.1:8874]' for 'POST' to 'http://localhost:8874/session/dbb78d66cb98e0e2c4900f0f2a545f64/timeouts'
12:40:46.500 [Forwarding setTimeout on session dbb78d66cb98e0e2c4900f0f2a545f64 to remote] DEBUG org.asynchttpclient.netty.request.NettyRequestSender - Using open Channel [id: 0x2fef61ae, L:/127.0.0.1:50390 - R:localhost/127.0.0.1:8874] for POST '/session/dbb78d66cb98e0e2c4900f0f2a545f64/timeouts'
12:40:46.501 [AsyncHttpClient-1-2] DEBUG org.asynchttpclient.netty.handler.HttpHandler - 

Request DefaultHttpRequest(decodeResult: success, version: HTTP/1.1)
POST /session/dbb78d66cb98e0e2c4900f0f2a545f64/timeouts HTTP/1.1
User-Agent: selenium/4.6.0 (java windows)
Content-Length: 22
Content-Type: application/json; charset=utf-8
host: localhost:8874
accept: */*

Response DefaultHttpResponse(decodeResult: success, version: HTTP/1.1)
HTTP/1.1 200 OK
Content-Type: application/json; charset=utf-8
cache-control: no-cache
content-length: 14

12:40:46.502 [AsyncHttpClient-1-2] DEBUG org.asynchttpclient.netty.channel.ChannelManager - Adding key: http://localhost:8874 for channel [id: 0x2fef61ae, L:/127.0.0.1:50390 - R:localhost/127.0.0.1:8874]
12:40:46.525 [Forwarding getCurrentUrl on session dbb78d66cb98e0e2c4900f0f2a545f64 to remote] DEBUG org.asynchttpclient.netty.request.NettyRequestSender - Using pooled Channel '[id: 0x2fef61ae, L:/127.0.0.1:50390 - R:localhost/127.0.0.1:8874]' for 'GET' to 'http://localhost:8874/session/dbb78d66cb98e0e2c4900f0f2a545f64/url'
12:40:46.525 [Forwarding getCurrentUrl on session dbb78d66cb98e0e2c4900f0f2a545f64 to remote] DEBUG org.asynchttpclient.netty.request.NettyRequestSender - Using open Channel [id: 0x2fef61ae, L:/127.0.0.1:50390 - R:localhost/127.0.0.1:8874] for GET '/session/dbb78d66cb98e0e2c4900f0f2a545f64/url'
12:40:46.531 [AsyncHttpClient-1-2] DEBUG org.asynchttpclient.netty.handler.HttpHandler - 

Request DefaultFullHttpRequest(decodeResult: success, version: HTTP/1.1, content: EmptyByteBufBE)
GET /session/dbb78d66cb98e0e2c4900f0f2a545f64/url HTTP/1.1
User-Agent: selenium/4.6.0 (java windows)
Cache-Control: no-cache
Content-Type: application/json; charset=utf-8
host: localhost:8874
accept: */*

Response DefaultHttpResponse(decodeResult: success, version: HTTP/1.1)
HTTP/1.1 200 OK
Content-Type: application/json; charset=utf-8
cache-control: no-cache
content-length: 38

12:40:46.531 [AsyncHttpClient-1-2] DEBUG org.asynchttpclient.netty.channel.ChannelManager - Adding key: http://localhost:8874 for channel [id: 0x2fef61ae, L:/127.0.0.1:50390 - R:localhost/127.0.0.1:8874]
12:40:46.573 [Test worker] DEBUG net.serenitybdd.core.photography.Darkroom - Opening darkroom
12:40:46.577 [Darkroom Processing Line] DEBUG net.serenitybdd.core.photography.DarkroomProcessingLine - Darkroom processing line starting up
12:40:46.596 [Forwarding getCurrentWindowHandle on session dbb78d66cb98e0e2c4900f0f2a545f64 to remote] DEBUG org.asynchttpclient.netty.request.NettyRequestSender - Using pooled Channel '[id: 0x2fef61ae, L:/127.0.0.1:50390 - R:localhost/127.0.0.1:8874]' for 'GET' to 'http://localhost:8874/session/dbb78d66cb98e0e2c4900f0f2a545f64/window'
12:40:46.596 [Forwarding getCurrentWindowHandle on session dbb78d66cb98e0e2c4900f0f2a545f64 to remote] DEBUG org.asynchttpclient.netty.request.NettyRequestSender - Using open Channel [id: 0x2fef61ae, L:/127.0.0.1:50390 - R:localhost/127.0.0.1:8874] for GET '/session/dbb78d66cb98e0e2c4900f0f2a545f64/window'
12:40:46.597 [AsyncHttpClient-1-2] DEBUG org.asynchttpclient.netty.handler.HttpHandler - 

Request DefaultFullHttpRequest(decodeResult: success, version: HTTP/1.1, content: EmptyByteBufBE)
GET /session/dbb78d66cb98e0e2c4900f0f2a545f64/window HTTP/1.1
User-Agent: selenium/4.6.0 (java windows)
Cache-Control: no-cache
Content-Type: application/json; charset=utf-8
host: localhost:8874
accept: */*

Response DefaultHttpResponse(decodeResult: success, version: HTTP/1.1)
HTTP/1.1 200 OK
Content-Type: application/json; charset=utf-8
cache-control: no-cache
content-length: 44

12:40:46.598 [AsyncHttpClient-1-2] DEBUG org.asynchttpclient.netty.channel.ChannelManager - Adding key: http://localhost:8874 for channel [id: 0x2fef61ae, L:/127.0.0.1:50390 - R:localhost/127.0.0.1:8874]
12:40:46.609 [Forwarding getAlertText on session dbb78d66cb98e0e2c4900f0f2a545f64 to remote] DEBUG org.asynchttpclient.netty.request.NettyRequestSender - Using pooled Channel '[id: 0x2fef61ae, L:/127.0.0.1:50390 - R:localhost/127.0.0.1:8874]' for 'GET' to 'http://localhost:8874/session/dbb78d66cb98e0e2c4900f0f2a545f64/alert/text'
12:40:46.609 [Forwarding getAlertText on session dbb78d66cb98e0e2c4900f0f2a545f64 to remote] DEBUG org.asynchttpclient.netty.request.NettyRequestSender - Using open Channel [id: 0x2fef61ae, L:/127.0.0.1:50390 - R:localhost/127.0.0.1:8874] for GET '/session/dbb78d66cb98e0e2c4900f0f2a545f64/alert/text'
12:40:46.611 [AsyncHttpClient-1-2] DEBUG org.asynchttpclient.netty.handler.HttpHandler - 

Request DefaultFullHttpRequest(decodeResult: success, version: HTTP/1.1, content: EmptyByteBufBE)
GET /session/dbb78d66cb98e0e2c4900f0f2a545f64/alert/text HTTP/1.1
User-Agent: selenium/4.6.0 (java windows)
Cache-Control: no-cache
Content-Type: application/json; charset=utf-8
host: localhost:8874
accept: */*

Response DefaultHttpResponse(decodeResult: success, version: HTTP/1.1)
HTTP/1.1 404 Not Found
Content-Type: application/json; charset=utf-8
cache-control: no-cache
content-length: 848

12:40:46.612 [AsyncHttpClient-1-2] DEBUG org.asynchttpclient.netty.channel.ChannelManager - Adding key: http://localhost:8874 for channel [id: 0x2fef61ae, L:/127.0.0.1:50390 - R:localhost/127.0.0.1:8874]
12:40:46.624 [Forwarding switchToWindow on session dbb78d66cb98e0e2c4900f0f2a545f64 to remote] DEBUG org.asynchttpclient.netty.request.NettyRequestSender - Using pooled Channel '[id: 0x2fef61ae, L:/127.0.0.1:50390 - R:localhost/127.0.0.1:8874]' for 'POST' to 'http://localhost:8874/session/dbb78d66cb98e0e2c4900f0f2a545f64/window'
12:40:46.624 [Forwarding switchToWindow on session dbb78d66cb98e0e2c4900f0f2a545f64 to remote] DEBUG org.asynchttpclient.netty.request.NettyRequestSender - Using open Channel [id: 0x2fef61ae, L:/127.0.0.1:50390 - R:localhost/127.0.0.1:8874] for POST '/session/dbb78d66cb98e0e2c4900f0f2a545f64/window'
12:40:46.627 [AsyncHttpClient-1-2] DEBUG org.asynchttpclient.netty.handler.HttpHandler - 

Request DefaultHttpRequest(decodeResult: success, version: HTTP/1.1)
POST /session/dbb78d66cb98e0e2c4900f0f2a545f64/window HTTP/1.1
User-Agent: selenium/4.6.0 (java windows)
Content-Length: 50
Content-Type: application/json; charset=utf-8
host: localhost:8874
accept: */*

Response DefaultHttpResponse(decodeResult: success, version: HTTP/1.1)
HTTP/1.1 200 OK
Content-Type: application/json; charset=utf-8
cache-control: no-cache
content-length: 14

12:40:46.628 [AsyncHttpClient-1-2] DEBUG org.asynchttpclient.netty.channel.ChannelManager - Adding key: http://localhost:8874 for channel [id: 0x2fef61ae, L:/127.0.0.1:50390 - R:localhost/127.0.0.1:8874]
12:40:46.628 [Forwarding getCurrentUrl on session dbb78d66cb98e0e2c4900f0f2a545f64 to remote] DEBUG org.asynchttpclient.netty.request.NettyRequestSender - Using pooled Channel '[id: 0x2fef61ae, L:/127.0.0.1:50390 - R:localhost/127.0.0.1:8874]' for 'GET' to 'http://localhost:8874/session/dbb78d66cb98e0e2c4900f0f2a545f64/url'
12:40:46.628 [Forwarding getCurrentUrl on session dbb78d66cb98e0e2c4900f0f2a545f64 to remote] DEBUG org.asynchttpclient.netty.request.NettyRequestSender - Using open Channel [id: 0x2fef61ae, L:/127.0.0.1:50390 - R:localhost/127.0.0.1:8874] for GET '/session/dbb78d66cb98e0e2c4900f0f2a545f64/url'
12:40:46.632 [AsyncHttpClient-1-2] DEBUG org.asynchttpclient.netty.handler.HttpHandler - 

Request DefaultFullHttpRequest(decodeResult: success, version: HTTP/1.1, content: EmptyByteBufBE)
GET /session/dbb78d66cb98e0e2c4900f0f2a545f64/url HTTP/1.1
User-Agent: selenium/4.6.0 (java windows)
Cache-Control: no-cache
Content-Type: application/json; charset=utf-8
host: localhost:8874
accept: */*

Response DefaultHttpResponse(decodeResult: success, version: HTTP/1.1)
HTTP/1.1 200 OK
Content-Type: application/json; charset=utf-8
cache-control: no-cache
content-length: 38

12:40:46.632 [AsyncHttpClient-1-2] DEBUG org.asynchttpclient.netty.channel.ChannelManager - Adding key: http://localhost:8874 for channel [id: 0x2fef61ae, L:/127.0.0.1:50390 - R:localhost/127.0.0.1:8874]
12:40:46.636 [Forwarding screenshot on session dbb78d66cb98e0e2c4900f0f2a545f64 to remote] DEBUG org.asynchttpclient.netty.request.NettyRequestSender - Using pooled Channel '[id: 0x2fef61ae, L:/127.0.0.1:50390 - R:localhost/127.0.0.1:8874]' for 'GET' to 'http://localhost:8874/session/dbb78d66cb98e0e2c4900f0f2a545f64/screenshot'
12:40:46.636 [Forwarding screenshot on session dbb78d66cb98e0e2c4900f0f2a545f64 to remote] DEBUG org.asynchttpclient.netty.request.NettyRequestSender - Using open Channel [id: 0x2fef61ae, L:/127.0.0.1:50390 - R:localhost/127.0.0.1:8874] for GET '/session/dbb78d66cb98e0e2c4900f0f2a545f64/screenshot'
12:40:46.775 [AsyncHttpClient-1-1] DEBUG org.asynchttpclient.netty.channel.DefaultChannelPool - Entry count for : http://localhost:50391 : 1
12:40:46.911 [AsyncHttpClient-1-2] DEBUG org.asynchttpclient.netty.handler.HttpHandler - 

Request DefaultFullHttpRequest(decodeResult: success, version: HTTP/1.1, content: EmptyByteBufBE)
GET /session/dbb78d66cb98e0e2c4900f0f2a545f64/screenshot HTTP/1.1
User-Agent: selenium/4.6.0 (java windows)
Cache-Control: no-cache
Content-Type: application/json; charset=utf-8
host: localhost:8874
accept: */*

Response DefaultHttpResponse(decodeResult: success, version: HTTP/1.1)
HTTP/1.1 200 OK
Content-Type: application/json; charset=utf-8
cache-control: no-cache
content-length: 652644

12:40:46.918 [AsyncHttpClient-1-2] DEBUG org.asynchttpclient.netty.channel.ChannelManager - Adding key: http://localhost:8874 for channel [id: 0x2fef61ae, L:/127.0.0.1:50390 - R:localhost/127.0.0.1:8874]
12:40:47.021 [Test worker] DEBUG net.serenitybdd.core.photography.Darkroom - Send negative for processing for C:\Users\Usuario\Documents\retoAutomatizacion\e2e\RetoDemoBlaze\target\site\serenity\92d99eff6d25c1a5037c6e5c50d93de47a6dfb89ce539badfdff01c5f9ac4738.png
12:40:47.023 [Darkroom Processing Line] DEBUG net.serenitybdd.core.photography.DarkroomProcessingLine - Processing screenshot image in /var/screenshots/screenshot-11389630199125241939
12:40:47.023 [Darkroom Processing Line] DEBUG net.serenitybdd.core.photography.DarkroomProcessingLine - Saving screenshot to C:\Users\Usuario\Documents\retoAutomatizacion\e2e\RetoDemoBlaze\target\site\serenity\92d99eff6d25c1a5037c6e5c50d93de47a6dfb89ce539badfdff01c5f9ac4738.png
12:40:47.028 [Test worker] DEBUG net.thucydides.core.steps.StepInterceptor - STEP DONE: {0} opens the browser at #url
12:40:47.060 [Forwarding getPageSource on session dbb78d66cb98e0e2c4900f0f2a545f64 to remote] DEBUG org.asynchttpclient.netty.request.NettyRequestSender - Using pooled Channel '[id: 0x2fef61ae, L:/127.0.0.1:50390 - R:localhost/127.0.0.1:8874]' for 'POST' to 'http://localhost:8874/session/dbb78d66cb98e0e2c4900f0f2a545f64/execute/sync'
12:40:47.061 [Forwarding getPageSource on session dbb78d66cb98e0e2c4900f0f2a545f64 to remote] DEBUG org.asynchttpclient.netty.request.NettyRequestSender - Using open Channel [id: 0x2fef61ae, L:/127.0.0.1:50390 - R:localhost/127.0.0.1:8874] for POST '/session/dbb78d66cb98e0e2c4900f0f2a545f64/execute/sync'
12:40:47.070 [AsyncHttpClient-1-2] DEBUG org.asynchttpclient.netty.handler.HttpHandler - 

Request DefaultHttpRequest(decodeResult: success, version: HTTP/1.1)
POST /session/dbb78d66cb98e0e2c4900f0f2a545f64/execute/sync HTTP/1.1
User-Agent: selenium/4.6.0 (java windows)
Content-Length: 176
Content-Type: application/json; charset=utf-8
host: localhost:8874
accept: */*

Response DefaultHttpResponse(decodeResult: success, version: HTTP/1.1)
HTTP/1.1 200 OK
Content-Type: application/json; charset=utf-8
cache-control: no-cache
content-length: 51721

12:40:47.070 [AsyncHttpClient-1-2] DEBUG org.asynchttpclient.netty.channel.ChannelManager - Adding key: http://localhost:8874 for channel [id: 0x2fef61ae, L:/127.0.0.1:50390 - R:localhost/127.0.0.1:8874]
12:40:47.217 [Forwarding getCurrentUrl on session dbb78d66cb98e0e2c4900f0f2a545f64 to remote] DEBUG org.asynchttpclient.netty.request.NettyRequestSender - Using pooled Channel '[id: 0x2fef61ae, L:/127.0.0.1:50390 - R:localhost/127.0.0.1:8874]' for 'GET' to 'http://localhost:8874/session/dbb78d66cb98e0e2c4900f0f2a545f64/url'
12:40:47.217 [Forwarding getCurrentUrl on session dbb78d66cb98e0e2c4900f0f2a545f64 to remote] DEBUG org.asynchttpclient.netty.request.NettyRequestSender - Using open Channel [id: 0x2fef61ae, L:/127.0.0.1:50390 - R:localhost/127.0.0.1:8874] for GET '/session/dbb78d66cb98e0e2c4900f0f2a545f64/url'
12:40:47.220 [AsyncHttpClient-1-2] DEBUG org.asynchttpclient.netty.handler.HttpHandler - 

Request DefaultFullHttpRequest(decodeResult: success, version: HTTP/1.1, content: EmptyByteBufBE)
GET /session/dbb78d66cb98e0e2c4900f0f2a545f64/url HTTP/1.1
User-Agent: selenium/4.6.0 (java windows)
Cache-Control: no-cache
Content-Type: application/json; charset=utf-8
host: localhost:8874
accept: */*

Response DefaultHttpResponse(decodeResult: success, version: HTTP/1.1)
HTTP/1.1 200 OK
Content-Type: application/json; charset=utf-8
cache-control: no-cache
content-length: 38

12:40:47.221 [AsyncHttpClient-1-2] DEBUG org.asynchttpclient.netty.channel.ChannelManager - Adding key: http://localhost:8874 for channel [id: 0x2fef61ae, L:/127.0.0.1:50390 - R:localhost/127.0.0.1:8874]
12:40:47.226 [Test worker] DEBUG net.thucydides.core.steps.StepInterceptor - STARTING STEP: VisitWebPage.performAs - performAs
12:40:47.876 [AsyncHttpClient-1-1] DEBUG org.asynchttpclient.netty.channel.DefaultChannelPool - Entry count for : http://localhost:50391 : 1
12:40:47.876 [AsyncHttpClient-1-1] DEBUG org.asynchttpclient.netty.channel.DefaultChannelPool - Entry count for : http://localhost:8874 : 1
12:40:48.980 [AsyncHttpClient-1-1] DEBUG org.asynchttpclient.netty.channel.DefaultChannelPool - Entry count for : http://localhost:50391 : 1
12:40:48.981 [AsyncHttpClient-1-1] DEBUG org.asynchttpclient.netty.channel.DefaultChannelPool - Entry count for : http://localhost:8874 : 1
12:40:50.075 [AsyncHttpClient-1-1] DEBUG org.asynchttpclient.netty.channel.DefaultChannelPool - Entry count for : http://localhost:50391 : 1
12:40:50.075 [AsyncHttpClient-1-1] DEBUG org.asynchttpclient.netty.channel.DefaultChannelPool - Entry count for : http://localhost:8874 : 1
12:40:50.304 [Forwarding getCurrentWindowHandle on session dbb78d66cb98e0e2c4900f0f2a545f64 to remote] DEBUG org.asynchttpclient.netty.request.NettyRequestSender - Using pooled Channel '[id: 0x2fef61ae, L:/127.0.0.1:50390 - R:localhost/127.0.0.1:8874]' for 'GET' to 'http://localhost:8874/session/dbb78d66cb98e0e2c4900f0f2a545f64/window'
12:40:50.306 [Forwarding getCurrentWindowHandle on session dbb78d66cb98e0e2c4900f0f2a545f64 to remote] DEBUG org.asynchttpclient.netty.request.NettyRequestSender - Using open Channel [id: 0x2fef61ae, L:/127.0.0.1:50390 - R:localhost/127.0.0.1:8874] for GET '/session/dbb78d66cb98e0e2c4900f0f2a545f64/window'
12:40:50.306 [AsyncHttpClient-1-2] DEBUG org.asynchttpclient.netty.handler.HttpHandler - 

Request DefaultFullHttpRequest(decodeResult: success, version: HTTP/1.1, content: EmptyByteBufBE)
GET /session/dbb78d66cb98e0e2c4900f0f2a545f64/window HTTP/1.1
User-Agent: selenium/4.6.0 (java windows)
Cache-Control: no-cache
Content-Type: application/json; charset=utf-8
host: localhost:8874
accept: */*

Response DefaultHttpResponse(decodeResult: success, version: HTTP/1.1)
HTTP/1.1 200 OK
Content-Type: application/json; charset=utf-8
cache-control: no-cache
content-length: 44

12:40:50.306 [AsyncHttpClient-1-2] DEBUG org.asynchttpclient.netty.channel.ChannelManager - Adding key: http://localhost:8874 for channel [id: 0x2fef61ae, L:/127.0.0.1:50390 - R:localhost/127.0.0.1:8874]
12:40:50.316 [Forwarding getAlertText on session dbb78d66cb98e0e2c4900f0f2a545f64 to remote] DEBUG org.asynchttpclient.netty.request.NettyRequestSender - Using pooled Channel '[id: 0x2fef61ae, L:/127.0.0.1:50390 - R:localhost/127.0.0.1:8874]' for 'GET' to 'http://localhost:8874/session/dbb78d66cb98e0e2c4900f0f2a545f64/alert/text'
12:40:50.316 [Forwarding getAlertText on session dbb78d66cb98e0e2c4900f0f2a545f64 to remote] DEBUG org.asynchttpclient.netty.request.NettyRequestSender - Using open Channel [id: 0x2fef61ae, L:/127.0.0.1:50390 - R:localhost/127.0.0.1:8874] for GET '/session/dbb78d66cb98e0e2c4900f0f2a545f64/alert/text'
12:40:50.317 [AsyncHttpClient-1-2] DEBUG org.asynchttpclient.netty.handler.HttpHandler - 

Request DefaultFullHttpRequest(decodeResult: success, version: HTTP/1.1, content: EmptyByteBufBE)
GET /session/dbb78d66cb98e0e2c4900f0f2a545f64/alert/text HTTP/1.1
User-Agent: selenium/4.6.0 (java windows)
Cache-Control: no-cache
Content-Type: application/json; charset=utf-8
host: localhost:8874
accept: */*

Response DefaultHttpResponse(decodeResult: success, version: HTTP/1.1)
HTTP/1.1 404 Not Found
Content-Type: application/json; charset=utf-8
cache-control: no-cache
content-length: 848

12:40:50.317 [AsyncHttpClient-1-2] DEBUG org.asynchttpclient.netty.channel.ChannelManager - Adding key: http://localhost:8874 for channel [id: 0x2fef61ae, L:/127.0.0.1:50390 - R:localhost/127.0.0.1:8874]
12:40:50.329 [Forwarding switchToWindow on session dbb78d66cb98e0e2c4900f0f2a545f64 to remote] DEBUG org.asynchttpclient.netty.request.NettyRequestSender - Using pooled Channel '[id: 0x2fef61ae, L:/127.0.0.1:50390 - R:localhost/127.0.0.1:8874]' for 'POST' to 'http://localhost:8874/session/dbb78d66cb98e0e2c4900f0f2a545f64/window'
12:40:50.329 [Forwarding switchToWindow on session dbb78d66cb98e0e2c4900f0f2a545f64 to remote] DEBUG org.asynchttpclient.netty.request.NettyRequestSender - Using open Channel [id: 0x2fef61ae, L:/127.0.0.1:50390 - R:localhost/127.0.0.1:8874] for POST '/session/dbb78d66cb98e0e2c4900f0f2a545f64/window'
12:40:50.331 [AsyncHttpClient-1-2] DEBUG org.asynchttpclient.netty.handler.HttpHandler - 

Request DefaultHttpRequest(decodeResult: success, version: HTTP/1.1)
POST /session/dbb78d66cb98e0e2c4900f0f2a545f64/window HTTP/1.1
User-Agent: selenium/4.6.0 (java windows)
Content-Length: 50
Content-Type: application/json; charset=utf-8
host: localhost:8874
accept: */*

Response DefaultHttpResponse(decodeResult: success, version: HTTP/1.1)
HTTP/1.1 200 OK
Content-Type: application/json; charset=utf-8
cache-control: no-cache
content-length: 14

12:40:50.332 [AsyncHttpClient-1-2] DEBUG org.asynchttpclient.netty.channel.ChannelManager - Adding key: http://localhost:8874 for channel [id: 0x2fef61ae, L:/127.0.0.1:50390 - R:localhost/127.0.0.1:8874]
12:40:50.333 [Forwarding getCurrentUrl on session dbb78d66cb98e0e2c4900f0f2a545f64 to remote] DEBUG org.asynchttpclient.netty.request.NettyRequestSender - Using pooled Channel '[id: 0x2fef61ae, L:/127.0.0.1:50390 - R:localhost/127.0.0.1:8874]' for 'GET' to 'http://localhost:8874/session/dbb78d66cb98e0e2c4900f0f2a545f64/url'
12:40:50.333 [Forwarding getCurrentUrl on session dbb78d66cb98e0e2c4900f0f2a545f64 to remote] DEBUG org.asynchttpclient.netty.request.NettyRequestSender - Using open Channel [id: 0x2fef61ae, L:/127.0.0.1:50390 - R:localhost/127.0.0.1:8874] for GET '/session/dbb78d66cb98e0e2c4900f0f2a545f64/url'
12:40:50.340 [AsyncHttpClient-1-2] DEBUG org.asynchttpclient.netty.handler.HttpHandler - 

Request DefaultFullHttpRequest(decodeResult: success, version: HTTP/1.1, content: EmptyByteBufBE)
GET /session/dbb78d66cb98e0e2c4900f0f2a545f64/url HTTP/1.1
User-Agent: selenium/4.6.0 (java windows)
Cache-Control: no-cache
Content-Type: application/json; charset=utf-8
host: localhost:8874
accept: */*

Response DefaultHttpResponse(decodeResult: success, version: HTTP/1.1)
HTTP/1.1 200 OK
Content-Type: application/json; charset=utf-8
cache-control: no-cache
content-length: 38

12:40:50.340 [AsyncHttpClient-1-2] DEBUG org.asynchttpclient.netty.channel.ChannelManager - Adding key: http://localhost:8874 for channel [id: 0x2fef61ae, L:/127.0.0.1:50390 - R:localhost/127.0.0.1:8874]
12:40:50.341 [Forwarding screenshot on session dbb78d66cb98e0e2c4900f0f2a545f64 to remote] DEBUG org.asynchttpclient.netty.request.NettyRequestSender - Using pooled Channel '[id: 0x2fef61ae, L:/127.0.0.1:50390 - R:localhost/127.0.0.1:8874]' for 'GET' to 'http://localhost:8874/session/dbb78d66cb98e0e2c4900f0f2a545f64/screenshot'
12:40:50.341 [Forwarding screenshot on session dbb78d66cb98e0e2c4900f0f2a545f64 to remote] DEBUG org.asynchttpclient.netty.request.NettyRequestSender - Using open Channel [id: 0x2fef61ae, L:/127.0.0.1:50390 - R:localhost/127.0.0.1:8874] for GET '/session/dbb78d66cb98e0e2c4900f0f2a545f64/screenshot'
12:40:50.569 [AsyncHttpClient-1-2] DEBUG org.asynchttpclient.netty.handler.HttpHandler - 

Request DefaultFullHttpRequest(decodeResult: success, version: HTTP/1.1, content: EmptyByteBufBE)
GET /session/dbb78d66cb98e0e2c4900f0f2a545f64/screenshot HTTP/1.1
User-Agent: selenium/4.6.0 (java windows)
Cache-Control: no-cache
Content-Type: application/json; charset=utf-8
host: localhost:8874
accept: */*

Response DefaultHttpResponse(decodeResult: success, version: HTTP/1.1)
HTTP/1.1 200 OK
Content-Type: application/json; charset=utf-8
cache-control: no-cache
content-length: 698364

12:40:50.574 [AsyncHttpClient-1-2] DEBUG org.asynchttpclient.netty.channel.ChannelManager - Adding key: http://localhost:8874 for channel [id: 0x2fef61ae, L:/127.0.0.1:50390 - R:localhost/127.0.0.1:8874]
12:40:50.610 [Test worker] DEBUG net.serenitybdd.core.photography.Darkroom - Send negative for processing for C:\Users\Usuario\Documents\retoAutomatizacion\e2e\RetoDemoBlaze\target\site\serenity\c265d1430a6209799d315b300bde6c3d16329ba25aca6b89896ae457e44d87a0.png
12:40:50.610 [Darkroom Processing Line] DEBUG net.serenitybdd.core.photography.DarkroomProcessingLine - Processing screenshot image in /var/screenshots/screenshot-7557234709694358945
12:40:50.610 [Darkroom Processing Line] DEBUG net.serenitybdd.core.photography.DarkroomProcessingLine - Saving screenshot to C:\Users\Usuario\Documents\retoAutomatizacion\e2e\RetoDemoBlaze\target\site\serenity\c265d1430a6209799d315b300bde6c3d16329ba25aca6b89896ae457e44d87a0.png
12:40:50.611 [Test worker] DEBUG net.thucydides.core.steps.StepInterceptor - STEP DONE: performAs
12:40:50.657 [Test worker] DEBUG net.thucydides.core.steps.StepInterceptor - STEP DONE: performAs
12:40:50.851 [Forwarding getCurrentWindowHandle on session dbb78d66cb98e0e2c4900f0f2a545f64 to remote] DEBUG org.asynchttpclient.netty.request.NettyRequestSender - Using pooled Channel '[id: 0x2fef61ae, L:/127.0.0.1:50390 - R:localhost/127.0.0.1:8874]' for 'GET' to 'http://localhost:8874/session/dbb78d66cb98e0e2c4900f0f2a545f64/window'
12:40:50.851 [Forwarding getCurrentWindowHandle on session dbb78d66cb98e0e2c4900f0f2a545f64 to remote] DEBUG org.asynchttpclient.netty.request.NettyRequestSender - Using open Channel [id: 0x2fef61ae, L:/127.0.0.1:50390 - R:localhost/127.0.0.1:8874] for GET '/session/dbb78d66cb98e0e2c4900f0f2a545f64/window'
12:40:50.853 [AsyncHttpClient-1-2] DEBUG org.asynchttpclient.netty.handler.HttpHandler - 

Request DefaultFullHttpRequest(decodeResult: success, version: HTTP/1.1, content: EmptyByteBufBE)
GET /session/dbb78d66cb98e0e2c4900f0f2a545f64/window HTTP/1.1
User-Agent: selenium/4.6.0 (java windows)
Cache-Control: no-cache
Content-Type: application/json; charset=utf-8
host: localhost:8874
accept: */*

Response DefaultHttpResponse(decodeResult: success, version: HTTP/1.1)
HTTP/1.1 200 OK
Content-Type: application/json; charset=utf-8
cache-control: no-cache
content-length: 44

12:40:50.854 [AsyncHttpClient-1-2] DEBUG org.asynchttpclient.netty.channel.ChannelManager - Adding key: http://localhost:8874 for channel [id: 0x2fef61ae, L:/127.0.0.1:50390 - R:localhost/127.0.0.1:8874]
12:40:50.875 [Forwarding getAlertText on session dbb78d66cb98e0e2c4900f0f2a545f64 to remote] DEBUG org.asynchttpclient.netty.request.NettyRequestSender - Using pooled Channel '[id: 0x2fef61ae, L:/127.0.0.1:50390 - R:localhost/127.0.0.1:8874]' for 'GET' to 'http://localhost:8874/session/dbb78d66cb98e0e2c4900f0f2a545f64/alert/text'
12:40:50.875 [Forwarding getAlertText on session dbb78d66cb98e0e2c4900f0f2a545f64 to remote] DEBUG org.asynchttpclient.netty.request.NettyRequestSender - Using open Channel [id: 0x2fef61ae, L:/127.0.0.1:50390 - R:localhost/127.0.0.1:8874] for GET '/session/dbb78d66cb98e0e2c4900f0f2a545f64/alert/text'
12:40:50.877 [AsyncHttpClient-1-2] DEBUG org.asynchttpclient.netty.handler.HttpHandler - 

Request DefaultFullHttpRequest(decodeResult: success, version: HTTP/1.1, content: EmptyByteBufBE)
GET /session/dbb78d66cb98e0e2c4900f0f2a545f64/alert/text HTTP/1.1
User-Agent: selenium/4.6.0 (java windows)
Cache-Control: no-cache
Content-Type: application/json; charset=utf-8
host: localhost:8874
accept: */*

Response DefaultHttpResponse(decodeResult: success, version: HTTP/1.1)
HTTP/1.1 404 Not Found
Content-Type: application/json; charset=utf-8
cache-control: no-cache
content-length: 848

12:40:50.878 [AsyncHttpClient-1-2] DEBUG org.asynchttpclient.netty.channel.ChannelManager - Adding key: http://localhost:8874 for channel [id: 0x2fef61ae, L:/127.0.0.1:50390 - R:localhost/127.0.0.1:8874]
12:40:50.890 [Forwarding switchToWindow on session dbb78d66cb98e0e2c4900f0f2a545f64 to remote] DEBUG org.asynchttpclient.netty.request.NettyRequestSender - Using pooled Channel '[id: 0x2fef61ae, L:/127.0.0.1:50390 - R:localhost/127.0.0.1:8874]' for 'POST' to 'http://localhost:8874/session/dbb78d66cb98e0e2c4900f0f2a545f64/window'
12:40:50.891 [Forwarding switchToWindow on session dbb78d66cb98e0e2c4900f0f2a545f64 to remote] DEBUG org.asynchttpclient.netty.request.NettyRequestSender - Using open Channel [id: 0x2fef61ae, L:/127.0.0.1:50390 - R:localhost/127.0.0.1:8874] for POST '/session/dbb78d66cb98e0e2c4900f0f2a545f64/window'
12:40:50.894 [AsyncHttpClient-1-2] DEBUG org.asynchttpclient.netty.handler.HttpHandler - 

Request DefaultHttpRequest(decodeResult: success, version: HTTP/1.1)
POST /session/dbb78d66cb98e0e2c4900f0f2a545f64/window HTTP/1.1
User-Agent: selenium/4.6.0 (java windows)
Content-Length: 50
Content-Type: application/json; charset=utf-8
host: localhost:8874
accept: */*

Response DefaultHttpResponse(decodeResult: success, version: HTTP/1.1)
HTTP/1.1 200 OK
Content-Type: application/json; charset=utf-8
cache-control: no-cache
content-length: 14

12:40:50.895 [AsyncHttpClient-1-2] DEBUG org.asynchttpclient.netty.channel.ChannelManager - Adding key: http://localhost:8874 for channel [id: 0x2fef61ae, L:/127.0.0.1:50390 - R:localhost/127.0.0.1:8874]
12:40:50.896 [Forwarding getCurrentUrl on session dbb78d66cb98e0e2c4900f0f2a545f64 to remote] DEBUG org.asynchttpclient.netty.request.NettyRequestSender - Using pooled Channel '[id: 0x2fef61ae, L:/127.0.0.1:50390 - R:localhost/127.0.0.1:8874]' for 'GET' to 'http://localhost:8874/session/dbb78d66cb98e0e2c4900f0f2a545f64/url'
12:40:50.896 [Forwarding getCurrentUrl on session dbb78d66cb98e0e2c4900f0f2a545f64 to remote] DEBUG org.asynchttpclient.netty.request.NettyRequestSender - Using open Channel [id: 0x2fef61ae, L:/127.0.0.1:50390 - R:localhost/127.0.0.1:8874] for GET '/session/dbb78d66cb98e0e2c4900f0f2a545f64/url'
12:40:50.901 [AsyncHttpClient-1-2] DEBUG org.asynchttpclient.netty.handler.HttpHandler - 

Request DefaultFullHttpRequest(decodeResult: success, version: HTTP/1.1, content: EmptyByteBufBE)
GET /session/dbb78d66cb98e0e2c4900f0f2a545f64/url HTTP/1.1
User-Agent: selenium/4.6.0 (java windows)
Cache-Control: no-cache
Content-Type: application/json; charset=utf-8
host: localhost:8874
accept: */*

Response DefaultHttpResponse(decodeResult: success, version: HTTP/1.1)
HTTP/1.1 200 OK
Content-Type: application/json; charset=utf-8
cache-control: no-cache
content-length: 38

12:40:50.903 [AsyncHttpClient-1-2] DEBUG org.asynchttpclient.netty.channel.ChannelManager - Adding key: http://localhost:8874 for channel [id: 0x2fef61ae, L:/127.0.0.1:50390 - R:localhost/127.0.0.1:8874]
12:40:50.903 [Forwarding screenshot on session dbb78d66cb98e0e2c4900f0f2a545f64 to remote] DEBUG org.asynchttpclient.netty.request.NettyRequestSender - Using pooled Channel '[id: 0x2fef61ae, L:/127.0.0.1:50390 - R:localhost/127.0.0.1:8874]' for 'GET' to 'http://localhost:8874/session/dbb78d66cb98e0e2c4900f0f2a545f64/screenshot'
12:40:50.903 [Forwarding screenshot on session dbb78d66cb98e0e2c4900f0f2a545f64 to remote] DEBUG org.asynchttpclient.netty.request.NettyRequestSender - Using open Channel [id: 0x2fef61ae, L:/127.0.0.1:50390 - R:localhost/127.0.0.1:8874] for GET '/session/dbb78d66cb98e0e2c4900f0f2a545f64/screenshot'
12:40:51.158 [AsyncHttpClient-1-2] DEBUG org.asynchttpclient.netty.handler.HttpHandler - 

Request DefaultFullHttpRequest(decodeResult: success, version: HTTP/1.1, content: EmptyByteBufBE)
GET /session/dbb78d66cb98e0e2c4900f0f2a545f64/screenshot HTTP/1.1
User-Agent: selenium/4.6.0 (java windows)
Cache-Control: no-cache
Content-Type: application/json; charset=utf-8
host: localhost:8874
accept: */*

Response DefaultHttpResponse(decodeResult: success, version: HTTP/1.1)
HTTP/1.1 200 OK
Content-Type: application/json; charset=utf-8
cache-control: no-cache
content-length: 698364

12:40:51.165 [AsyncHttpClient-1-2] DEBUG org.asynchttpclient.netty.channel.ChannelManager - Adding key: http://localhost:8874 for channel [id: 0x2fef61ae, L:/127.0.0.1:50390 - R:localhost/127.0.0.1:8874]
12:40:51.176 [AsyncHttpClient-1-1] DEBUG org.asynchttpclient.netty.channel.DefaultChannelPool - Entry count for : http://localhost:50391 : 1
12:40:51.176 [AsyncHttpClient-1-1] DEBUG org.asynchttpclient.netty.channel.DefaultChannelPool - Entry count for : http://localhost:8874 : 1
12:40:51.185 [Test worker] DEBUG net.serenitybdd.core.photography.Darkroom - Send negative for processing for C:\Users\Usuario\Documents\retoAutomatizacion\e2e\RetoDemoBlaze\target\site\serenity\c265d1430a6209799d315b300bde6c3d16329ba25aca6b89896ae457e44d87a0.png
12:40:51.206 [Forwarding getPageSource on session dbb78d66cb98e0e2c4900f0f2a545f64 to remote] DEBUG org.asynchttpclient.netty.request.NettyRequestSender - Using pooled Channel '[id: 0x2fef61ae, L:/127.0.0.1:50390 - R:localhost/127.0.0.1:8874]' for 'POST' to 'http://localhost:8874/session/dbb78d66cb98e0e2c4900f0f2a545f64/execute/sync'
12:40:51.206 [Forwarding getPageSource on session dbb78d66cb98e0e2c4900f0f2a545f64 to remote] DEBUG org.asynchttpclient.netty.request.NettyRequestSender - Using open Channel [id: 0x2fef61ae, L:/127.0.0.1:50390 - R:localhost/127.0.0.1:8874] for POST '/session/dbb78d66cb98e0e2c4900f0f2a545f64/execute/sync'
12:40:51.217 [AsyncHttpClient-1-2] DEBUG org.asynchttpclient.netty.handler.HttpHandler - 

Request DefaultHttpRequest(decodeResult: success, version: HTTP/1.1)
POST /session/dbb78d66cb98e0e2c4900f0f2a545f64/execute/sync HTTP/1.1
User-Agent: selenium/4.6.0 (java windows)
Content-Length: 176
Content-Type: application/json; charset=utf-8
host: localhost:8874
accept: */*

Response DefaultHttpResponse(decodeResult: success, version: HTTP/1.1)
HTTP/1.1 200 OK
Content-Type: application/json; charset=utf-8
cache-control: no-cache
content-length: 57581

12:40:51.218 [AsyncHttpClient-1-2] DEBUG org.asynchttpclient.netty.channel.ChannelManager - Adding key: http://localhost:8874 for channel [id: 0x2fef61ae, L:/127.0.0.1:50390 - R:localhost/127.0.0.1:8874]
12:40:51.250 [Forwarding getCurrentUrl on session dbb78d66cb98e0e2c4900f0f2a545f64 to remote] DEBUG org.asynchttpclient.netty.request.NettyRequestSender - Using pooled Channel '[id: 0x2fef61ae, L:/127.0.0.1:50390 - R:localhost/127.0.0.1:8874]' for 'GET' to 'http://localhost:8874/session/dbb78d66cb98e0e2c4900f0f2a545f64/url'
12:40:51.251 [Forwarding getCurrentUrl on session dbb78d66cb98e0e2c4900f0f2a545f64 to remote] DEBUG org.asynchttpclient.netty.request.NettyRequestSender - Using open Channel [id: 0x2fef61ae, L:/127.0.0.1:50390 - R:localhost/127.0.0.1:8874] for GET '/session/dbb78d66cb98e0e2c4900f0f2a545f64/url'
12:40:51.255 [AsyncHttpClient-1-2] DEBUG org.asynchttpclient.netty.handler.HttpHandler - 

Request DefaultFullHttpRequest(decodeResult: success, version: HTTP/1.1, content: EmptyByteBufBE)
GET /session/dbb78d66cb98e0e2c4900f0f2a545f64/url HTTP/1.1
User-Agent: selenium/4.6.0 (java windows)
Cache-Control: no-cache
Content-Type: application/json; charset=utf-8
host: localhost:8874
accept: */*

Response DefaultHttpResponse(decodeResult: success, version: HTTP/1.1)
HTTP/1.1 200 OK
Content-Type: application/json; charset=utf-8
cache-control: no-cache
content-length: 38

12:40:51.255 [AsyncHttpClient-1-2] DEBUG org.asynchttpclient.netty.channel.ChannelManager - Adding key: http://localhost:8874 for channel [id: 0x2fef61ae, L:/127.0.0.1:50390 - R:localhost/127.0.0.1:8874]
12:40:51.313 [Test worker] DEBUG net.serenitybdd.screenplay.targets.IFrameSwitcher - default content already selected for CATEGORIES
12:40:51.337 [Forwarding findElements on session dbb78d66cb98e0e2c4900f0f2a545f64 to remote] DEBUG org.asynchttpclient.netty.request.NettyRequestSender - Using pooled Channel '[id: 0x2fef61ae, L:/127.0.0.1:50390 - R:localhost/127.0.0.1:8874]' for 'POST' to 'http://localhost:8874/session/dbb78d66cb98e0e2c4900f0f2a545f64/elements'
12:40:51.338 [Forwarding findElements on session dbb78d66cb98e0e2c4900f0f2a545f64 to remote] DEBUG org.asynchttpclient.netty.request.NettyRequestSender - Using open Channel [id: 0x2fef61ae, L:/127.0.0.1:50390 - R:localhost/127.0.0.1:8874] for POST '/session/dbb78d66cb98e0e2c4900f0f2a545f64/elements'
12:40:51.356 [AsyncHttpClient-1-2] DEBUG org.asynchttpclient.netty.handler.HttpHandler - 

Request DefaultHttpRequest(decodeResult: success, version: HTTP/1.1)
POST /session/dbb78d66cb98e0e2c4900f0f2a545f64/elements HTTP/1.1
User-Agent: selenium/4.6.0 (java windows)
Content-Length: 48
Content-Type: application/json; charset=utf-8
host: localhost:8874
accept: */*

Response DefaultHttpResponse(decodeResult: success, version: HTTP/1.1)
HTTP/1.1 200 OK
Content-Type: application/json; charset=utf-8
cache-control: no-cache
content-length: 97

12:40:51.356 [AsyncHttpClient-1-2] DEBUG org.asynchttpclient.netty.channel.ChannelManager - Adding key: http://localhost:8874 for channel [id: 0x2fef61ae, L:/127.0.0.1:50390 - R:localhost/127.0.0.1:8874]
12:40:51.398 [Forwarding getElementText on session dbb78d66cb98e0e2c4900f0f2a545f64 to remote] DEBUG org.asynchttpclient.netty.request.NettyRequestSender - Using pooled Channel '[id: 0x2fef61ae, L:/127.0.0.1:50390 - R:localhost/127.0.0.1:8874]' for 'GET' to 'http://localhost:8874/session/dbb78d66cb98e0e2c4900f0f2a545f64/element/5C47C3DD6CA6AB3F44FF387C3C045FD0_element_28/text'
12:40:51.398 [Forwarding getElementText on session dbb78d66cb98e0e2c4900f0f2a545f64 to remote] DEBUG org.asynchttpclient.netty.request.NettyRequestSender - Using open Channel [id: 0x2fef61ae, L:/127.0.0.1:50390 - R:localhost/127.0.0.1:8874] for GET '/session/dbb78d66cb98e0e2c4900f0f2a545f64/element/5C47C3DD6CA6AB3F44FF387C3C045FD0_element_28/text'
12:40:51.409 [AsyncHttpClient-1-2] DEBUG org.asynchttpclient.netty.handler.HttpHandler - 

Request DefaultFullHttpRequest(decodeResult: success, version: HTTP/1.1, content: EmptyByteBufBE)
GET /session/dbb78d66cb98e0e2c4900f0f2a545f64/element/5C47C3DD6CA6AB3F44FF387C3C045FD0_element_28/text HTTP/1.1
User-Agent: selenium/4.6.0 (java windows)
Cache-Control: no-cache
Content-Type: application/json; charset=utf-8
host: localhost:8874
accept: */*

Response DefaultHttpResponse(decodeResult: success, version: HTTP/1.1)
HTTP/1.1 200 OK
Content-Type: application/json; charset=utf-8
cache-control: no-cache
content-length: 22

12:40:51.410 [AsyncHttpClient-1-2] DEBUG org.asynchttpclient.netty.channel.ChannelManager - Adding key: http://localhost:8874 for channel [id: 0x2fef61ae, L:/127.0.0.1:50390 - R:localhost/127.0.0.1:8874]
12:40:51.471 [Forwarding getCurrentWindowHandle on session dbb78d66cb98e0e2c4900f0f2a545f64 to remote] DEBUG org.asynchttpclient.netty.request.NettyRequestSender - Using pooled Channel '[id: 0x2fef61ae, L:/127.0.0.1:50390 - R:localhost/127.0.0.1:8874]' for 'GET' to 'http://localhost:8874/session/dbb78d66cb98e0e2c4900f0f2a545f64/window'
12:40:51.471 [Forwarding getCurrentWindowHandle on session dbb78d66cb98e0e2c4900f0f2a545f64 to remote] DEBUG org.asynchttpclient.netty.request.NettyRequestSender - Using open Channel [id: 0x2fef61ae, L:/127.0.0.1:50390 - R:localhost/127.0.0.1:8874] for GET '/session/dbb78d66cb98e0e2c4900f0f2a545f64/window'
12:40:51.472 [AsyncHttpClient-1-2] DEBUG org.asynchttpclient.netty.handler.HttpHandler - 

Request DefaultFullHttpRequest(decodeResult: success, version: HTTP/1.1, content: EmptyByteBufBE)
GET /session/dbb78d66cb98e0e2c4900f0f2a545f64/window HTTP/1.1
User-Agent: selenium/4.6.0 (java windows)
Cache-Control: no-cache
Content-Type: application/json; charset=utf-8
host: localhost:8874
accept: */*

Response DefaultHttpResponse(decodeResult: success, version: HTTP/1.1)
HTTP/1.1 200 OK
Content-Type: application/json; charset=utf-8
cache-control: no-cache
content-length: 44

12:40:51.473 [AsyncHttpClient-1-2] DEBUG org.asynchttpclient.netty.channel.ChannelManager - Adding key: http://localhost:8874 for channel [id: 0x2fef61ae, L:/127.0.0.1:50390 - R:localhost/127.0.0.1:8874]
12:40:51.494 [Forwarding getAlertText on session dbb78d66cb98e0e2c4900f0f2a545f64 to remote] DEBUG org.asynchttpclient.netty.request.NettyRequestSender - Using pooled Channel '[id: 0x2fef61ae, L:/127.0.0.1:50390 - R:localhost/127.0.0.1:8874]' for 'GET' to 'http://localhost:8874/session/dbb78d66cb98e0e2c4900f0f2a545f64/alert/text'
12:40:51.494 [Forwarding getAlertText on session dbb78d66cb98e0e2c4900f0f2a545f64 to remote] DEBUG org.asynchttpclient.netty.request.NettyRequestSender - Using open Channel [id: 0x2fef61ae, L:/127.0.0.1:50390 - R:localhost/127.0.0.1:8874] for GET '/session/dbb78d66cb98e0e2c4900f0f2a545f64/alert/text'
12:40:51.497 [AsyncHttpClient-1-2] DEBUG org.asynchttpclient.netty.handler.HttpHandler - 

Request DefaultFullHttpRequest(decodeResult: success, version: HTTP/1.1, content: EmptyByteBufBE)
GET /session/dbb78d66cb98e0e2c4900f0f2a545f64/alert/text HTTP/1.1
User-Agent: selenium/4.6.0 (java windows)
Cache-Control: no-cache
Content-Type: application/json; charset=utf-8
host: localhost:8874
accept: */*

Response DefaultHttpResponse(decodeResult: success, version: HTTP/1.1)
HTTP/1.1 404 Not Found
Content-Type: application/json; charset=utf-8
cache-control: no-cache
content-length: 848

12:40:51.498 [AsyncHttpClient-1-2] DEBUG org.asynchttpclient.netty.channel.ChannelManager - Adding key: http://localhost:8874 for channel [id: 0x2fef61ae, L:/127.0.0.1:50390 - R:localhost/127.0.0.1:8874]
12:40:51.519 [Forwarding switchToWindow on session dbb78d66cb98e0e2c4900f0f2a545f64 to remote] DEBUG org.asynchttpclient.netty.request.NettyRequestSender - Using pooled Channel '[id: 0x2fef61ae, L:/127.0.0.1:50390 - R:localhost/127.0.0.1:8874]' for 'POST' to 'http://localhost:8874/session/dbb78d66cb98e0e2c4900f0f2a545f64/window'
12:40:51.519 [Forwarding switchToWindow on session dbb78d66cb98e0e2c4900f0f2a545f64 to remote] DEBUG org.asynchttpclient.netty.request.NettyRequestSender - Using open Channel [id: 0x2fef61ae, L:/127.0.0.1:50390 - R:localhost/127.0.0.1:8874] for POST '/session/dbb78d66cb98e0e2c4900f0f2a545f64/window'
12:40:51.521 [AsyncHttpClient-1-2] DEBUG org.asynchttpclient.netty.handler.HttpHandler - 

Request DefaultHttpRequest(decodeResult: success, version: HTTP/1.1)
POST /session/dbb78d66cb98e0e2c4900f0f2a545f64/window HTTP/1.1
User-Agent: selenium/4.6.0 (java windows)
Content-Length: 50
Content-Type: application/json; charset=utf-8
host: localhost:8874
accept: */*

Response DefaultHttpResponse(decodeResult: success, version: HTTP/1.1)
HTTP/1.1 200 OK
Content-Type: application/json; charset=utf-8
cache-control: no-cache
content-length: 14

12:40:51.522 [AsyncHttpClient-1-2] DEBUG org.asynchttpclient.netty.channel.ChannelManager - Adding key: http://localhost:8874 for channel [id: 0x2fef61ae, L:/127.0.0.1:50390 - R:localhost/127.0.0.1:8874]
12:40:51.523 [Forwarding getCurrentUrl on session dbb78d66cb98e0e2c4900f0f2a545f64 to remote] DEBUG org.asynchttpclient.netty.request.NettyRequestSender - Using pooled Channel '[id: 0x2fef61ae, L:/127.0.0.1:50390 - R:localhost/127.0.0.1:8874]' for 'GET' to 'http://localhost:8874/session/dbb78d66cb98e0e2c4900f0f2a545f64/url'
12:40:51.524 [Forwarding getCurrentUrl on session dbb78d66cb98e0e2c4900f0f2a545f64 to remote] DEBUG org.asynchttpclient.netty.request.NettyRequestSender - Using open Channel [id: 0x2fef61ae, L:/127.0.0.1:50390 - R:localhost/127.0.0.1:8874] for GET '/session/dbb78d66cb98e0e2c4900f0f2a545f64/url'
12:40:51.530 [AsyncHttpClient-1-2] DEBUG org.asynchttpclient.netty.handler.HttpHandler - 

Request DefaultFullHttpRequest(decodeResult: success, version: HTTP/1.1, content: EmptyByteBufBE)
GET /session/dbb78d66cb98e0e2c4900f0f2a545f64/url HTTP/1.1
User-Agent: selenium/4.6.0 (java windows)
Cache-Control: no-cache
Content-Type: application/json; charset=utf-8
host: localhost:8874
accept: */*

Response DefaultHttpResponse(decodeResult: success, version: HTTP/1.1)
HTTP/1.1 200 OK
Content-Type: application/json; charset=utf-8
cache-control: no-cache
content-length: 38

12:40:51.531 [AsyncHttpClient-1-2] DEBUG org.asynchttpclient.netty.channel.ChannelManager - Adding key: http://localhost:8874 for channel [id: 0x2fef61ae, L:/127.0.0.1:50390 - R:localhost/127.0.0.1:8874]
12:40:51.532 [Forwarding screenshot on session dbb78d66cb98e0e2c4900f0f2a545f64 to remote] DEBUG org.asynchttpclient.netty.request.NettyRequestSender - Using pooled Channel '[id: 0x2fef61ae, L:/127.0.0.1:50390 - R:localhost/127.0.0.1:8874]' for 'GET' to 'http://localhost:8874/session/dbb78d66cb98e0e2c4900f0f2a545f64/screenshot'
12:40:51.533 [Forwarding screenshot on session dbb78d66cb98e0e2c4900f0f2a545f64 to remote] DEBUG org.asynchttpclient.netty.request.NettyRequestSender - Using open Channel [id: 0x2fef61ae, L:/127.0.0.1:50390 - R:localhost/127.0.0.1:8874] for GET '/session/dbb78d66cb98e0e2c4900f0f2a545f64/screenshot'
12:40:51.839 [AsyncHttpClient-1-2] DEBUG org.asynchttpclient.netty.handler.HttpHandler - 

Request DefaultFullHttpRequest(decodeResult: success, version: HTTP/1.1, content: EmptyByteBufBE)
GET /session/dbb78d66cb98e0e2c4900f0f2a545f64/screenshot HTTP/1.1
User-Agent: selenium/4.6.0 (java windows)
Cache-Control: no-cache
Content-Type: application/json; charset=utf-8
host: localhost:8874
accept: */*

Response DefaultHttpResponse(decodeResult: success, version: HTTP/1.1)
HTTP/1.1 200 OK
Content-Type: application/json; charset=utf-8
cache-control: no-cache
content-length: 699112

12:40:51.844 [AsyncHttpClient-1-2] DEBUG org.asynchttpclient.netty.channel.ChannelManager - Adding key: http://localhost:8874 for channel [id: 0x2fef61ae, L:/127.0.0.1:50390 - R:localhost/127.0.0.1:8874]
12:40:51.857 [Test worker] DEBUG net.serenitybdd.core.photography.Darkroom - Send negative for processing for C:\Users\Usuario\Documents\retoAutomatizacion\e2e\RetoDemoBlaze\target\site\serenity\cc700b98782fb1542b1cee3f1b473a2f95dd6527b631b29a7e41fda7338db2de.png
12:40:51.858 [Darkroom Processing Line] DEBUG net.serenitybdd.core.photography.DarkroomProcessingLine - Processing screenshot image in /var/screenshots/screenshot-8129542552274493254
12:40:51.859 [Darkroom Processing Line] DEBUG net.serenitybdd.core.photography.DarkroomProcessingLine - Saving screenshot to C:\Users\Usuario\Documents\retoAutomatizacion\e2e\RetoDemoBlaze\target\site\serenity\cc700b98782fb1542b1cee3f1b473a2f95dd6527b631b29a7e41fda7338db2de.png
12:40:51.938 [Forwarding getCurrentWindowHandle on session dbb78d66cb98e0e2c4900f0f2a545f64 to remote] DEBUG org.asynchttpclient.netty.request.NettyRequestSender - Using pooled Channel '[id: 0x2fef61ae, L:/127.0.0.1:50390 - R:localhost/127.0.0.1:8874]' for 'GET' to 'http://localhost:8874/session/dbb78d66cb98e0e2c4900f0f2a545f64/window'
12:40:51.938 [Forwarding getCurrentWindowHandle on session dbb78d66cb98e0e2c4900f0f2a545f64 to remote] DEBUG org.asynchttpclient.netty.request.NettyRequestSender - Using open Channel [id: 0x2fef61ae, L:/127.0.0.1:50390 - R:localhost/127.0.0.1:8874] for GET '/session/dbb78d66cb98e0e2c4900f0f2a545f64/window'
12:40:51.939 [AsyncHttpClient-1-2] DEBUG org.asynchttpclient.netty.handler.HttpHandler - 

Request DefaultFullHttpRequest(decodeResult: success, version: HTTP/1.1, content: EmptyByteBufBE)
GET /session/dbb78d66cb98e0e2c4900f0f2a545f64/window HTTP/1.1
User-Agent: selenium/4.6.0 (java windows)
Cache-Control: no-cache
Content-Type: application/json; charset=utf-8
host: localhost:8874
accept: */*

Response DefaultHttpResponse(decodeResult: success, version: HTTP/1.1)
HTTP/1.1 200 OK
Content-Type: application/json; charset=utf-8
cache-control: no-cache
content-length: 44

12:40:51.939 [AsyncHttpClient-1-2] DEBUG org.asynchttpclient.netty.channel.ChannelManager - Adding key: http://localhost:8874 for channel [id: 0x2fef61ae, L:/127.0.0.1:50390 - R:localhost/127.0.0.1:8874]
12:40:51.955 [Forwarding getAlertText on session dbb78d66cb98e0e2c4900f0f2a545f64 to remote] DEBUG org.asynchttpclient.netty.request.NettyRequestSender - Using pooled Channel '[id: 0x2fef61ae, L:/127.0.0.1:50390 - R:localhost/127.0.0.1:8874]' for 'GET' to 'http://localhost:8874/session/dbb78d66cb98e0e2c4900f0f2a545f64/alert/text'
12:40:51.956 [Forwarding getAlertText on session dbb78d66cb98e0e2c4900f0f2a545f64 to remote] DEBUG org.asynchttpclient.netty.request.NettyRequestSender - Using open Channel [id: 0x2fef61ae, L:/127.0.0.1:50390 - R:localhost/127.0.0.1:8874] for GET '/session/dbb78d66cb98e0e2c4900f0f2a545f64/alert/text'
12:40:51.957 [AsyncHttpClient-1-2] DEBUG org.asynchttpclient.netty.handler.HttpHandler - 

Request DefaultFullHttpRequest(decodeResult: success, version: HTTP/1.1, content: EmptyByteBufBE)
GET /session/dbb78d66cb98e0e2c4900f0f2a545f64/alert/text HTTP/1.1
User-Agent: selenium/4.6.0 (java windows)
Cache-Control: no-cache
Content-Type: application/json; charset=utf-8
host: localhost:8874
accept: */*

Response DefaultHttpResponse(decodeResult: success, version: HTTP/1.1)
HTTP/1.1 404 Not Found
Content-Type: application/json; charset=utf-8
cache-control: no-cache
content-length: 848

12:40:51.957 [AsyncHttpClient-1-2] DEBUG org.asynchttpclient.netty.channel.ChannelManager - Adding key: http://localhost:8874 for channel [id: 0x2fef61ae, L:/127.0.0.1:50390 - R:localhost/127.0.0.1:8874]
12:40:51.970 [Forwarding switchToWindow on session dbb78d66cb98e0e2c4900f0f2a545f64 to remote] DEBUG org.asynchttpclient.netty.request.NettyRequestSender - Using pooled Channel '[id: 0x2fef61ae, L:/127.0.0.1:50390 - R:localhost/127.0.0.1:8874]' for 'POST' to 'http://localhost:8874/session/dbb78d66cb98e0e2c4900f0f2a545f64/window'
12:40:51.970 [Forwarding switchToWindow on session dbb78d66cb98e0e2c4900f0f2a545f64 to remote] DEBUG org.asynchttpclient.netty.request.NettyRequestSender - Using open Channel [id: 0x2fef61ae, L:/127.0.0.1:50390 - R:localhost/127.0.0.1:8874] for POST '/session/dbb78d66cb98e0e2c4900f0f2a545f64/window'
12:40:51.972 [AsyncHttpClient-1-2] DEBUG org.asynchttpclient.netty.handler.HttpHandler - 

Request DefaultHttpRequest(decodeResult: success, version: HTTP/1.1)
POST /session/dbb78d66cb98e0e2c4900f0f2a545f64/window HTTP/1.1
User-Agent: selenium/4.6.0 (java windows)
Content-Length: 50
Content-Type: application/json; charset=utf-8
host: localhost:8874
accept: */*

Response DefaultHttpResponse(decodeResult: success, version: HTTP/1.1)
HTTP/1.1 200 OK
Content-Type: application/json; charset=utf-8
cache-control: no-cache
content-length: 14

12:40:51.972 [AsyncHttpClient-1-2] DEBUG org.asynchttpclient.netty.channel.ChannelManager - Adding key: http://localhost:8874 for channel [id: 0x2fef61ae, L:/127.0.0.1:50390 - R:localhost/127.0.0.1:8874]
12:40:51.973 [Forwarding getCurrentUrl on session dbb78d66cb98e0e2c4900f0f2a545f64 to remote] DEBUG org.asynchttpclient.netty.request.NettyRequestSender - Using pooled Channel '[id: 0x2fef61ae, L:/127.0.0.1:50390 - R:localhost/127.0.0.1:8874]' for 'GET' to 'http://localhost:8874/session/dbb78d66cb98e0e2c4900f0f2a545f64/url'
12:40:51.973 [Forwarding getCurrentUrl on session dbb78d66cb98e0e2c4900f0f2a545f64 to remote] DEBUG org.asynchttpclient.netty.request.NettyRequestSender - Using open Channel [id: 0x2fef61ae, L:/127.0.0.1:50390 - R:localhost/127.0.0.1:8874] for GET '/session/dbb78d66cb98e0e2c4900f0f2a545f64/url'
12:40:51.979 [AsyncHttpClient-1-2] DEBUG org.asynchttpclient.netty.handler.HttpHandler - 

Request DefaultFullHttpRequest(decodeResult: success, version: HTTP/1.1, content: EmptyByteBufBE)
GET /session/dbb78d66cb98e0e2c4900f0f2a545f64/url HTTP/1.1
User-Agent: selenium/4.6.0 (java windows)
Cache-Control: no-cache
Content-Type: application/json; charset=utf-8
host: localhost:8874
accept: */*

Response DefaultHttpResponse(decodeResult: success, version: HTTP/1.1)
HTTP/1.1 200 OK
Content-Type: application/json; charset=utf-8
cache-control: no-cache
content-length: 38

12:40:51.980 [AsyncHttpClient-1-2] DEBUG org.asynchttpclient.netty.channel.ChannelManager - Adding key: http://localhost:8874 for channel [id: 0x2fef61ae, L:/127.0.0.1:50390 - R:localhost/127.0.0.1:8874]
12:40:51.981 [Forwarding screenshot on session dbb78d66cb98e0e2c4900f0f2a545f64 to remote] DEBUG org.asynchttpclient.netty.request.NettyRequestSender - Using pooled Channel '[id: 0x2fef61ae, L:/127.0.0.1:50390 - R:localhost/127.0.0.1:8874]' for 'GET' to 'http://localhost:8874/session/dbb78d66cb98e0e2c4900f0f2a545f64/screenshot'
12:40:51.982 [Forwarding screenshot on session dbb78d66cb98e0e2c4900f0f2a545f64 to remote] DEBUG org.asynchttpclient.netty.request.NettyRequestSender - Using open Channel [id: 0x2fef61ae, L:/127.0.0.1:50390 - R:localhost/127.0.0.1:8874] for GET '/session/dbb78d66cb98e0e2c4900f0f2a545f64/screenshot'
12:40:52.275 [AsyncHttpClient-1-1] DEBUG org.asynchttpclient.netty.channel.DefaultChannelPool - Entry count for : http://localhost:50391 : 1
12:40:52.284 [AsyncHttpClient-1-2] DEBUG org.asynchttpclient.netty.handler.HttpHandler - 

Request DefaultFullHttpRequest(decodeResult: success, version: HTTP/1.1, content: EmptyByteBufBE)
GET /session/dbb78d66cb98e0e2c4900f0f2a545f64/screenshot HTTP/1.1
User-Agent: selenium/4.6.0 (java windows)
Cache-Control: no-cache
Content-Type: application/json; charset=utf-8
host: localhost:8874
accept: */*

Response DefaultHttpResponse(decodeResult: success, version: HTTP/1.1)
HTTP/1.1 200 OK
Content-Type: application/json; charset=utf-8
cache-control: no-cache
content-length: 770272

12:40:52.288 [AsyncHttpClient-1-2] DEBUG org.asynchttpclient.netty.channel.ChannelManager - Adding key: http://localhost:8874 for channel [id: 0x2fef61ae, L:/127.0.0.1:50390 - R:localhost/127.0.0.1:8874]
12:40:52.310 [Test worker] DEBUG net.serenitybdd.core.photography.Darkroom - Send negative for processing for C:\Users\Usuario\Documents\retoAutomatizacion\e2e\RetoDemoBlaze\target\site\serenity\4505bf101d61c12821883b358e313759572f31c20e0bdb17f14ceed483d24b5a.png
12:40:52.310 [Darkroom Processing Line] DEBUG net.serenitybdd.core.photography.DarkroomProcessingLine - Processing screenshot image in /var/screenshots/screenshot-14349726547261304303
12:40:52.311 [Darkroom Processing Line] DEBUG net.serenitybdd.core.photography.DarkroomProcessingLine - Saving screenshot to C:\Users\Usuario\Documents\retoAutomatizacion\e2e\RetoDemoBlaze\target\site\serenity\4505bf101d61c12821883b358e313759572f31c20e0bdb17f14ceed483d24b5a.png
12:40:52.319 [Forwarding getPageSource on session dbb78d66cb98e0e2c4900f0f2a545f64 to remote] DEBUG org.asynchttpclient.netty.request.NettyRequestSender - Using pooled Channel '[id: 0x2fef61ae, L:/127.0.0.1:50390 - R:localhost/127.0.0.1:8874]' for 'POST' to 'http://localhost:8874/session/dbb78d66cb98e0e2c4900f0f2a545f64/execute/sync'
12:40:52.319 [Forwarding getPageSource on session dbb78d66cb98e0e2c4900f0f2a545f64 to remote] DEBUG org.asynchttpclient.netty.request.NettyRequestSender - Using open Channel [id: 0x2fef61ae, L:/127.0.0.1:50390 - R:localhost/127.0.0.1:8874] for POST '/session/dbb78d66cb98e0e2c4900f0f2a545f64/execute/sync'
12:40:52.328 [AsyncHttpClient-1-2] DEBUG org.asynchttpclient.netty.handler.HttpHandler - 

Request DefaultHttpRequest(decodeResult: success, version: HTTP/1.1)
POST /session/dbb78d66cb98e0e2c4900f0f2a545f64/execute/sync HTTP/1.1
User-Agent: selenium/4.6.0 (java windows)
Content-Length: 176
Content-Type: application/json; charset=utf-8
host: localhost:8874
accept: */*

Response DefaultHttpResponse(decodeResult: success, version: HTTP/1.1)
HTTP/1.1 200 OK
Content-Type: application/json; charset=utf-8
cache-control: no-cache
content-length: 57592

12:40:52.329 [AsyncHttpClient-1-2] DEBUG org.asynchttpclient.netty.channel.ChannelManager - Adding key: http://localhost:8874 for channel [id: 0x2fef61ae, L:/127.0.0.1:50390 - R:localhost/127.0.0.1:8874]
12:40:52.340 [Forwarding getCurrentUrl on session dbb78d66cb98e0e2c4900f0f2a545f64 to remote] DEBUG org.asynchttpclient.netty.request.NettyRequestSender - Using pooled Channel '[id: 0x2fef61ae, L:/127.0.0.1:50390 - R:localhost/127.0.0.1:8874]' for 'GET' to 'http://localhost:8874/session/dbb78d66cb98e0e2c4900f0f2a545f64/url'
12:40:52.341 [Forwarding getCurrentUrl on session dbb78d66cb98e0e2c4900f0f2a545f64 to remote] DEBUG org.asynchttpclient.netty.request.NettyRequestSender - Using open Channel [id: 0x2fef61ae, L:/127.0.0.1:50390 - R:localhost/127.0.0.1:8874] for GET '/session/dbb78d66cb98e0e2c4900f0f2a545f64/url'
12:40:52.349 [AsyncHttpClient-1-2] DEBUG org.asynchttpclient.netty.handler.HttpHandler - 

Request DefaultFullHttpRequest(decodeResult: success, version: HTTP/1.1, content: EmptyByteBufBE)
GET /session/dbb78d66cb98e0e2c4900f0f2a545f64/url HTTP/1.1
User-Agent: selenium/4.6.0 (java windows)
Cache-Control: no-cache
Content-Type: application/json; charset=utf-8
host: localhost:8874
accept: */*

Response DefaultHttpResponse(decodeResult: success, version: HTTP/1.1)
HTTP/1.1 200 OK
Content-Type: application/json; charset=utf-8
cache-control: no-cache
content-length: 38

12:40:52.349 [AsyncHttpClient-1-2] DEBUG org.asynchttpclient.netty.channel.ChannelManager - Adding key: http://localhost:8874 for channel [id: 0x2fef61ae, L:/127.0.0.1:50390 - R:localhost/127.0.0.1:8874]
12:40:52.351 [Test worker] DEBUG net.thucydides.core.steps.StepInterceptor - STARTING STEP: demoBlazeStepDefinition.queSoyUnUsuarioRegistradoEnDemoblaze - performAs
12:40:52.462 [Forwarding getCurrentWindowHandle on session dbb78d66cb98e0e2c4900f0f2a545f64 to remote] DEBUG org.asynchttpclient.netty.request.NettyRequestSender - Using pooled Channel '[id: 0x2fef61ae, L:/127.0.0.1:50390 - R:localhost/127.0.0.1:8874]' for 'GET' to 'http://localhost:8874/session/dbb78d66cb98e0e2c4900f0f2a545f64/window'
12:40:52.462 [Forwarding getCurrentWindowHandle on session dbb78d66cb98e0e2c4900f0f2a545f64 to remote] DEBUG org.asynchttpclient.netty.request.NettyRequestSender - Using open Channel [id: 0x2fef61ae, L:/127.0.0.1:50390 - R:localhost/127.0.0.1:8874] for GET '/session/dbb78d66cb98e0e2c4900f0f2a545f64/window'
12:40:52.463 [AsyncHttpClient-1-2] DEBUG org.asynchttpclient.netty.handler.HttpHandler - 

Request DefaultFullHttpRequest(decodeResult: success, version: HTTP/1.1, content: EmptyByteBufBE)
GET /session/dbb78d66cb98e0e2c4900f0f2a545f64/window HTTP/1.1
User-Agent: selenium/4.6.0 (java windows)
Cache-Control: no-cache
Content-Type: application/json; charset=utf-8
host: localhost:8874
accept: */*

Response DefaultHttpResponse(decodeResult: success, version: HTTP/1.1)
HTTP/1.1 200 OK
Content-Type: application/json; charset=utf-8
cache-control: no-cache
content-length: 44

12:40:52.463 [AsyncHttpClient-1-2] DEBUG org.asynchttpclient.netty.channel.ChannelManager - Adding key: http://localhost:8874 for channel [id: 0x2fef61ae, L:/127.0.0.1:50390 - R:localhost/127.0.0.1:8874]
12:40:52.474 [Forwarding getAlertText on session dbb78d66cb98e0e2c4900f0f2a545f64 to remote] DEBUG org.asynchttpclient.netty.request.NettyRequestSender - Using pooled Channel '[id: 0x2fef61ae, L:/127.0.0.1:50390 - R:localhost/127.0.0.1:8874]' for 'GET' to 'http://localhost:8874/session/dbb78d66cb98e0e2c4900f0f2a545f64/alert/text'
12:40:52.474 [Forwarding getAlertText on session dbb78d66cb98e0e2c4900f0f2a545f64 to remote] DEBUG org.asynchttpclient.netty.request.NettyRequestSender - Using open Channel [id: 0x2fef61ae, L:/127.0.0.1:50390 - R:localhost/127.0.0.1:8874] for GET '/session/dbb78d66cb98e0e2c4900f0f2a545f64/alert/text'
12:40:52.476 [AsyncHttpClient-1-2] DEBUG org.asynchttpclient.netty.handler.HttpHandler - 

Request DefaultFullHttpRequest(decodeResult: success, version: HTTP/1.1, content: EmptyByteBufBE)
GET /session/dbb78d66cb98e0e2c4900f0f2a545f64/alert/text HTTP/1.1
User-Agent: selenium/4.6.0 (java windows)
Cache-Control: no-cache
Content-Type: application/json; charset=utf-8
host: localhost:8874
accept: */*

Response DefaultHttpResponse(decodeResult: success, version: HTTP/1.1)
HTTP/1.1 404 Not Found
Content-Type: application/json; charset=utf-8
cache-control: no-cache
content-length: 848

12:40:52.476 [AsyncHttpClient-1-2] DEBUG org.asynchttpclient.netty.channel.ChannelManager - Adding key: http://localhost:8874 for channel [id: 0x2fef61ae, L:/127.0.0.1:50390 - R:localhost/127.0.0.1:8874]
12:40:52.487 [Forwarding switchToWindow on session dbb78d66cb98e0e2c4900f0f2a545f64 to remote] DEBUG org.asynchttpclient.netty.request.NettyRequestSender - Using pooled Channel '[id: 0x2fef61ae, L:/127.0.0.1:50390 - R:localhost/127.0.0.1:8874]' for 'POST' to 'http://localhost:8874/session/dbb78d66cb98e0e2c4900f0f2a545f64/window'
12:40:52.488 [Forwarding switchToWindow on session dbb78d66cb98e0e2c4900f0f2a545f64 to remote] DEBUG org.asynchttpclient.netty.request.NettyRequestSender - Using open Channel [id: 0x2fef61ae, L:/127.0.0.1:50390 - R:localhost/127.0.0.1:8874] for POST '/session/dbb78d66cb98e0e2c4900f0f2a545f64/window'
12:40:52.489 [AsyncHttpClient-1-2] DEBUG org.asynchttpclient.netty.handler.HttpHandler - 

Request DefaultHttpRequest(decodeResult: success, version: HTTP/1.1)
POST /session/dbb78d66cb98e0e2c4900f0f2a545f64/window HTTP/1.1
User-Agent: selenium/4.6.0 (java windows)
Content-Length: 50
[...]
12:41:47.952 [Forwarding isElementDisplayed on session dbb78d66cb98e0e2c4900f0f2a545f64 to remote] DEBUG org.asynchttpclient.netty.request.NettyRequestSender - Using open Channel [id: 0x2fef61ae, L:/127.0.0.1:50390 - R:localhost/127.0.0.1:8874] for POST '/session/dbb78d66cb98e0e2c4900f0f2a545f64/execute/sync'
12:41:47.962 [AsyncHttpClient-1-2] DEBUG org.asynchttpclient.netty.handler.HttpHandler - 

Request DefaultHttpRequest(decodeResult: success, version: HTTP/1.1)
POST /session/dbb78d66cb98e0e2c4900f0f2a545f64/execute/sync HTTP/1.1
User-Agent: selenium/4.6.0 (java windows)
Content-Length: 48788
Content-Type: application/json; charset=utf-8
host: localhost:8874
accept: */*

Response DefaultHttpResponse(decodeResult: success, version: HTTP/1.1)
HTTP/1.1 200 OK
Content-Type: application/json; charset=utf-8
cache-control: no-cache
content-length: 14

12:41:47.963 [AsyncHttpClient-1-2] DEBUG org.asynchttpclient.netty.channel.ChannelManager - Adding key: http://localhost:8874 for channel [id: 0x2fef61ae, L:/127.0.0.1:50390 - R:localhost/127.0.0.1:8874]
12:41:48.027 [Forwarding getCurrentWindowHandle on session dbb78d66cb98e0e2c4900f0f2a545f64 to remote] DEBUG org.asynchttpclient.netty.request.NettyRequestSender - Using pooled Channel '[id: 0x2fef61ae, L:/127.0.0.1:50390 - R:localhost/127.0.0.1:8874]' for 'GET' to 'http://localhost:8874/session/dbb78d66cb98e0e2c4900f0f2a545f64/window'
12:41:48.027 [Forwarding getCurrentWindowHandle on session dbb78d66cb98e0e2c4900f0f2a545f64 to remote] DEBUG org.asynchttpclient.netty.request.NettyRequestSender - Using open Channel [id: 0x2fef61ae, L:/127.0.0.1:50390 - R:localhost/127.0.0.1:8874] for GET '/session/dbb78d66cb98e0e2c4900f0f2a545f64/window'
12:41:48.028 [AsyncHttpClient-1-2] DEBUG org.asynchttpclient.netty.handler.HttpHandler - 

Request DefaultFullHttpRequest(decodeResult: success, version: HTTP/1.1, content: EmptyByteBufBE)
GET /session/dbb78d66cb98e0e2c4900f0f2a545f64/window HTTP/1.1
User-Agent: selenium/4.6.0 (java windows)
Cache-Control: no-cache
Content-Type: application/json; charset=utf-8
host: localhost:8874
accept: */*

Response DefaultHttpResponse(decodeResult: success, version: HTTP/1.1)
HTTP/1.1 200 OK
Content-Type: application/json; charset=utf-8
cache-control: no-cache
content-length: 44

12:41:48.028 [AsyncHttpClient-1-2] DEBUG org.asynchttpclient.netty.channel.ChannelManager - Adding key: http://localhost:8874 for channel [id: 0x2fef61ae, L:/127.0.0.1:50390 - R:localhost/127.0.0.1:8874]
12:41:48.038 [Forwarding getAlertText on session dbb78d66cb98e0e2c4900f0f2a545f64 to remote] DEBUG org.asynchttpclient.netty.request.NettyRequestSender - Using pooled Channel '[id: 0x2fef61ae, L:/127.0.0.1:50390 - R:localhost/127.0.0.1:8874]' for 'GET' to 'http://localhost:8874/session/dbb78d66cb98e0e2c4900f0f2a545f64/alert/text'
12:41:48.038 [Forwarding getAlertText on session dbb78d66cb98e0e2c4900f0f2a545f64 to remote] DEBUG org.asynchttpclient.netty.request.NettyRequestSender - Using open Channel [id: 0x2fef61ae, L:/127.0.0.1:50390 - R:localhost/127.0.0.1:8874] for GET '/session/dbb78d66cb98e0e2c4900f0f2a545f64/alert/text'
12:41:48.040 [AsyncHttpClient-1-2] DEBUG org.asynchttpclient.netty.handler.HttpHandler - 

Request DefaultFullHttpRequest(decodeResult: success, version: HTTP/1.1, content: EmptyByteBufBE)
GET /session/dbb78d66cb98e0e2c4900f0f2a545f64/alert/text HTTP/1.1
User-Agent: selenium/4.6.0 (java windows)
Cache-Control: no-cache
Content-Type: application/json; charset=utf-8
host: localhost:8874
accept: */*

Response DefaultHttpResponse(decodeResult: success, version: HTTP/1.1)
HTTP/1.1 404 Not Found
Content-Type: application/json; charset=utf-8
cache-control: no-cache
content-length: 848

12:41:48.041 [AsyncHttpClient-1-2] DEBUG org.asynchttpclient.netty.channel.ChannelManager - Adding key: http://localhost:8874 for channel [id: 0x2fef61ae, L:/127.0.0.1:50390 - R:localhost/127.0.0.1:8874]
12:41:48.055 [Forwarding switchToWindow on session dbb78d66cb98e0e2c4900f0f2a545f64 to remote] DEBUG org.asynchttpclient.netty.request.NettyRequestSender - Using pooled Channel '[id: 0x2fef61ae, L:/127.0.0.1:50390 - R:localhost/127.0.0.1:8874]' for 'POST' to 'http://localhost:8874/session/dbb78d66cb98e0e2c4900f0f2a545f64/window'
12:41:48.055 [Forwarding switchToWindow on session dbb78d66cb98e0e2c4900f0f2a545f64 to remote] DEBUG org.asynchttpclient.netty.request.NettyRequestSender - Using open Channel [id: 0x2fef61ae, L:/127.0.0.1:50390 - R:localhost/127.0.0.1:8874] for POST '/session/dbb78d66cb98e0e2c4900f0f2a545f64/window'
12:41:48.056 [AsyncHttpClient-1-2] DEBUG org.asynchttpclient.netty.handler.HttpHandler - 

Request DefaultHttpRequest(decodeResult: success, version: HTTP/1.1)
POST /session/dbb78d66cb98e0e2c4900f0f2a545f64/window HTTP/1.1
User-Agent: selenium/4.6.0 (java windows)
Content-Length: 50
Content-Type: application/json; charset=utf-8
host: localhost:8874
accept: */*

Response DefaultHttpResponse(decodeResult: success, version: HTTP/1.1)
HTTP/1.1 200 OK
Content-Type: application/json; charset=utf-8
cache-control: no-cache
content-length: 14

12:41:48.056 [AsyncHttpClient-1-2] DEBUG org.asynchttpclient.netty.channel.ChannelManager - Adding key: http://localhost:8874 for channel [id: 0x2fef61ae, L:/127.0.0.1:50390 - R:localhost/127.0.0.1:8874]
12:41:48.056 [Forwarding getCurrentUrl on session dbb78d66cb98e0e2c4900f0f2a545f64 to remote] DEBUG org.asynchttpclient.netty.request.NettyRequestSender - Using pooled Channel '[id: 0x2fef61ae, L:/127.0.0.1:50390 - R:localhost/127.0.0.1:8874]' for 'GET' to 'http://localhost:8874/session/dbb78d66cb98e0e2c4900f0f2a545f64/url'
12:41:48.056 [Forwarding getCurrentUrl on session dbb78d66cb98e0e2c4900f0f2a545f64 to remote] DEBUG org.asynchttpclient.netty.request.NettyRequestSender - Using open Channel [id: 0x2fef61ae, L:/127.0.0.1:50390 - R:localhost/127.0.0.1:8874] for GET '/session/dbb78d66cb98e0e2c4900f0f2a545f64/url'
12:41:48.061 [AsyncHttpClient-1-2] DEBUG org.asynchttpclient.netty.handler.HttpHandler - 

Request DefaultFullHttpRequest(decodeResult: success, version: HTTP/1.1, content: EmptyByteBufBE)
GET /session/dbb78d66cb98e0e2c4900f0f2a545f64/url HTTP/1.1
User-Agent: selenium/4.6.0 (java windows)
Cache-Control: no-cache
Content-Type: application/json; charset=utf-8
host: localhost:8874
accept: */*

Response DefaultHttpResponse(decodeResult: success, version: HTTP/1.1)
HTTP/1.1 200 OK
Content-Type: application/json; charset=utf-8
cache-control: no-cache
content-length: 48

12:41:48.061 [AsyncHttpClient-1-2] DEBUG org.asynchttpclient.netty.channel.ChannelManager - Adding key: http://localhost:8874 for channel [id: 0x2fef61ae, L:/127.0.0.1:50390 - R:localhost/127.0.0.1:8874]
12:41:48.061 [Forwarding screenshot on session dbb78d66cb98e0e2c4900f0f2a545f64 to remote] DEBUG org.asynchttpclient.netty.request.NettyRequestSender - Using pooled Channel '[id: 0x2fef61ae, L:/127.0.0.1:50390 - R:localhost/127.0.0.1:8874]' for 'GET' to 'http://localhost:8874/session/dbb78d66cb98e0e2c4900f0f2a545f64/screenshot'
12:41:48.061 [Forwarding screenshot on session dbb78d66cb98e0e2c4900f0f2a545f64 to remote] DEBUG org.asynchttpclient.netty.request.NettyRequestSender - Using open Channel [id: 0x2fef61ae, L:/127.0.0.1:50390 - R:localhost/127.0.0.1:8874] for GET '/session/dbb78d66cb98e0e2c4900f0f2a545f64/screenshot'
12:41:48.291 [AsyncHttpClient-1-2] DEBUG org.asynchttpclient.netty.handler.HttpHandler - 

Request DefaultFullHttpRequest(decodeResult: success, version: HTTP/1.1, content: EmptyByteBufBE)
GET /session/dbb78d66cb98e0e2c4900f0f2a545f64/screenshot HTTP/1.1
User-Agent: selenium/4.6.0 (java windows)
Cache-Control: no-cache
Content-Type: application/json; charset=utf-8
host: localhost:8874
accept: */*

Response DefaultHttpResponse(decodeResult: success, version: HTTP/1.1)
HTTP/1.1 200 OK
Content-Type: application/json; charset=utf-8
cache-control: no-cache
content-length: 495788

12:41:48.292 [AsyncHttpClient-1-2] DEBUG org.asynchttpclient.netty.channel.ChannelManager - Adding key: http://localhost:8874 for channel [id: 0x2fef61ae, L:/127.0.0.1:50390 - R:localhost/127.0.0.1:8874]
12:41:48.308 [Test worker] DEBUG net.serenitybdd.core.photography.Darkroom - Send negative for processing for C:\Users\Usuario\Documents\retoAutomatizacion\e2e\RetoDemoBlaze\target\site\serenity\fda2aa28c32319c4fa3c1ffce8c9f8e390b0aa7cc6f832ce00c9f8d8b205fa92.png
12:41:48.309 [Test worker] DEBUG net.thucydides.core.steps.StepInterceptor - STEP DONE: performAs
  ?[32mEntonces ?[0m?[32mvalido que la compra se haya realizado de forma satisfactoria?[0m     ?[90m# org.example.stepsdefinition.demoBlazeStepDefinition.validoQueLaCompraSeHayaRealizadoDeFormaSatisfactoria()?[0m
12:41:48.383 [AsyncHttpClient-1-1] DEBUG org.asynchttpclient.netty.channel.DefaultChannelPool - Entry count for : http://localhost:8874 : 1
12:41:48.394 [Forwarding getCurrentWindowHandle on session dbb78d66cb98e0e2c4900f0f2a545f64 to remote] DEBUG org.asynchttpclient.netty.request.NettyRequestSender - Using pooled Channel '[id: 0x2fef61ae, L:/127.0.0.1:50390 - R:localhost/127.0.0.1:8874]' for 'GET' to 'http://localhost:8874/session/dbb78d66cb98e0e2c4900f0f2a545f64/window'
12:41:48.394 [Forwarding getCurrentWindowHandle on session dbb78d66cb98e0e2c4900f0f2a545f64 to remote] DEBUG org.asynchttpclient.netty.request.NettyRequestSender - Using open Channel [id: 0x2fef61ae, L:/127.0.0.1:50390 - R:localhost/127.0.0.1:8874] for GET '/session/dbb78d66cb98e0e2c4900f0f2a545f64/window'
12:41:48.395 [AsyncHttpClient-1-2] DEBUG org.asynchttpclient.netty.handler.HttpHandler - 

Request DefaultFullHttpRequest(decodeResult: success, version: HTTP/1.1, content: EmptyByteBufBE)
GET /session/dbb78d66cb98e0e2c4900f0f2a545f64/window HTTP/1.1
User-Agent: selenium/4.6.0 (java windows)
Cache-Control: no-cache
Content-Type: application/json; charset=utf-8
host: localhost:8874
accept: */*

Response DefaultHttpResponse(decodeResult: success, version: HTTP/1.1)
HTTP/1.1 200 OK
Content-Type: application/json; charset=utf-8
cache-control: no-cache
content-length: 44

12:41:48.395 [AsyncHttpClient-1-2] DEBUG org.asynchttpclient.netty.channel.ChannelManager - Adding key: http://localhost:8874 for channel [id: 0x2fef61ae, L:/127.0.0.1:50390 - R:localhost/127.0.0.1:8874]
12:41:48.411 [Forwarding getAlertText on session dbb78d66cb98e0e2c4900f0f2a545f64 to remote] DEBUG org.asynchttpclient.netty.request.NettyRequestSender - Using pooled Channel '[id: 0x2fef61ae, L:/127.0.0.1:50390 - R:localhost/127.0.0.1:8874]' for 'GET' to 'http://localhost:8874/session/dbb78d66cb98e0e2c4900f0f2a545f64/alert/text'
12:41:48.411 [Forwarding getAlertText on session dbb78d66cb98e0e2c4900f0f2a545f64 to remote] DEBUG org.asynchttpclient.netty.request.NettyRequestSender - Using open Channel [id: 0x2fef61ae, L:/127.0.0.1:50390 - R:localhost/127.0.0.1:8874] for GET '/session/dbb78d66cb98e0e2c4900f0f2a545f64/alert/text'
12:41:48.414 [AsyncHttpClient-1-2] DEBUG org.asynchttpclient.netty.handler.HttpHandler - 

Request DefaultFullHttpRequest(decodeResult: success, version: HTTP/1.1, content: EmptyByteBufBE)
GET /session/dbb78d66cb98e0e2c4900f0f2a545f64/alert/text HTTP/1.1
User-Agent: selenium/4.6.0 (java windows)
Cache-Control: no-cache
Content-Type: application/json; charset=utf-8
host: localhost:8874
accept: */*

Response DefaultHttpResponse(decodeResult: success, version: HTTP/1.1)
HTTP/1.1 404 Not Found
Content-Type: application/json; charset=utf-8
cache-control: no-cache
content-length: 848

12:41:48.414 [AsyncHttpClient-1-2] DEBUG org.asynchttpclient.netty.channel.ChannelManager - Adding key: http://localhost:8874 for channel [id: 0x2fef61ae, L:/127.0.0.1:50390 - R:localhost/127.0.0.1:8874]
12:41:48.427 [Forwarding switchToWindow on session dbb78d66cb98e0e2c4900f0f2a545f64 to remote] DEBUG org.asynchttpclient.netty.request.NettyRequestSender - Using pooled Channel '[id: 0x2fef61ae, L:/127.0.0.1:50390 - R:localhost/127.0.0.1:8874]' for 'POST' to 'http://localhost:8874/session/dbb78d66cb98e0e2c4900f0f2a545f64/window'
12:41:48.427 [Forwarding switchToWindow on session dbb78d66cb98e0e2c4900f0f2a545f64 to remote] DEBUG org.asynchttpclient.netty.request.NettyRequestSender - Using open Channel [id: 0x2fef61ae, L:/127.0.0.1:50390 - R:localhost/127.0.0.1:8874] for POST '/session/dbb78d66cb98e0e2c4900f0f2a545f64/window'
12:41:48.429 [AsyncHttpClient-1-2] DEBUG org.asynchttpclient.netty.handler.HttpHandler - 

Request DefaultHttpRequest(decodeResult: success, version: HTTP/1.1)
POST /session/dbb78d66cb98e0e2c4900f0f2a545f64/window HTTP/1.1
User-Agent: selenium/4.6.0 (java windows)
Content-Length: 50
Content-Type: application/json; charset=utf-8
host: localhost:8874
accept: */*

Response DefaultHttpResponse(decodeResult: success, version: HTTP/1.1)
HTTP/1.1 200 OK
Content-Type: application/json; charset=utf-8
cache-control: no-cache
content-length: 14

12:41:48.429 [AsyncHttpClient-1-2] DEBUG org.asynchttpclient.netty.channel.ChannelManager - Adding key: http://localhost:8874 for channel [id: 0x2fef61ae, L:/127.0.0.1:50390 - R:localhost/127.0.0.1:8874]
12:41:48.429 [Forwarding getCurrentUrl on session dbb78d66cb98e0e2c4900f0f2a545f64 to remote] DEBUG org.asynchttpclient.netty.request.NettyRequestSender - Using pooled Channel '[id: 0x2fef61ae, L:/127.0.0.1:50390 - R:localhost/127.0.0.1:8874]' for 'GET' to 'http://localhost:8874/session/dbb78d66cb98e0e2c4900f0f2a545f64/url'
12:41:48.429 [Forwarding getCurrentUrl on session dbb78d66cb98e0e2c4900f0f2a545f64 to remote] DEBUG org.asynchttpclient.netty.request.NettyRequestSender - Using open Channel [id: 0x2fef61ae, L:/127.0.0.1:50390 - R:localhost/127.0.0.1:8874] for GET '/session/dbb78d66cb98e0e2c4900f0f2a545f64/url'
12:41:48.433 [AsyncHttpClient-1-2] DEBUG org.asynchttpclient.netty.handler.HttpHandler - 

Request DefaultFullHttpRequest(decodeResult: success, version: HTTP/1.1, content: EmptyByteBufBE)
GET /session/dbb78d66cb98e0e2c4900f0f2a545f64/url HTTP/1.1
User-Agent: selenium/4.6.0 (java windows)
Cache-Control: no-cache
Content-Type: application/json; charset=utf-8
host: localhost:8874
accept: */*

Response DefaultHttpResponse(decodeResult: success, version: HTTP/1.1)
HTTP/1.1 200 OK
Content-Type: application/json; charset=utf-8
cache-control: no-cache
content-length: 48

12:41:48.433 [AsyncHttpClient-1-2] DEBUG org.asynchttpclient.netty.channel.ChannelManager - Adding key: http://localhost:8874 for channel [id: 0x2fef61ae, L:/127.0.0.1:50390 - R:localhost/127.0.0.1:8874]
12:41:48.433 [Forwarding screenshot on session dbb78d66cb98e0e2c4900f0f2a545f64 to remote] DEBUG org.asynchttpclient.netty.request.NettyRequestSender - Using pooled Channel '[id: 0x2fef61ae, L:/127.0.0.1:50390 - R:localhost/127.0.0.1:8874]' for 'GET' to 'http://localhost:8874/session/dbb78d66cb98e0e2c4900f0f2a545f64/screenshot'
12:41:48.433 [Forwarding screenshot on session dbb78d66cb98e0e2c4900f0f2a545f64 to remote] DEBUG org.asynchttpclient.netty.request.NettyRequestSender - Using open Channel [id: 0x2fef61ae, L:/127.0.0.1:50390 - R:localhost/127.0.0.1:8874] for GET '/session/dbb78d66cb98e0e2c4900f0f2a545f64/screenshot'
12:41:48.668 [AsyncHttpClient-1-2] DEBUG org.asynchttpclient.netty.handler.HttpHandler - 

Request DefaultFullHttpRequest(decodeResult: success, version: HTTP/1.1, content: EmptyByteBufBE)
GET /session/dbb78d66cb98e0e2c4900f0f2a545f64/screenshot HTTP/1.1
User-Agent: selenium/4.6.0 (java windows)
Cache-Control: no-cache
Content-Type: application/json; charset=utf-8
host: localhost:8874
accept: */*

Response DefaultHttpResponse(decodeResult: success, version: HTTP/1.1)
HTTP/1.1 200 OK
Content-Type: application/json; charset=utf-8
cache-control: no-cache
content-length: 714680

12:41:48.669 [AsyncHttpClient-1-2] DEBUG org.asynchttpclient.netty.channel.ChannelManager - Adding key: http://localhost:8874 for channel [id: 0x2fef61ae, L:/127.0.0.1:50390 - R:localhost/127.0.0.1:8874]
12:41:48.682 [Test worker] DEBUG net.serenitybdd.core.photography.Darkroom - Send negative for processing for C:\Users\Usuario\Documents\retoAutomatizacion\e2e\RetoDemoBlaze\target\site\serenity\c069ffb79a758c44f962c30bb14cbe08ff10a402751c71fcf4d508d77278746f.png
12:41:48.793 [Driver Command Executor] DEBUG org.asynchttpclient.netty.request.NettyRequestSender - Using pooled Channel '[id: 0x2fef61ae, L:/127.0.0.1:50390 - R:localhost/127.0.0.1:8874]' for 'DELETE' to 'http://localhost:8874/session/dbb78d66cb98e0e2c4900f0f2a545f64'
12:41:48.793 [Driver Command Executor] DEBUG org.asynchttpclient.netty.request.NettyRequestSender - Using open Channel [id: 0x2fef61ae, L:/127.0.0.1:50390 - R:localhost/127.0.0.1:8874] for DELETE '/session/dbb78d66cb98e0e2c4900f0f2a545f64'
12:41:48.794 [AsyncHttpClient-1-4] DEBUG org.asynchttpclient.netty.handler.WebSocketHandler - Channel Closed: [id: 0x3daf45ef, L:/127.0.0.1:50399 ! R:localhost/127.0.0.1:50391] with attribute NettyResponseFuture{currentRetry=0,
	isDone=1,
	isCancelled=0,
	asyncHandler=org.asynchttpclient.ws.WebSocketUpgradeHandler@46d9899a,
	nettyRequest=org.asynchttpclient.netty.request.NettyRequest@77a1584b,
	future=java.util.concurrent.CompletableFuture@40bb7c9c[Completed normally],
	uri=ws://localhost:50391/devtools/browser/8cd303cb-41f2-4e91-b7c5-9198359fd2b3,
	keepAlive=true,
	redirectCount=0,
	timeoutsHolder=null,
	inAuth=0,
	touch=1686850838380}
12:41:48.795 [AsyncHttpClient-1-4] DEBUG org.asynchttpclient.netty.channel.ChannelManager - Closing Channel [id: 0x3daf45ef, L:/127.0.0.1:50399 ! R:localhost/127.0.0.1:50391] 
12:41:48.889 [AsyncHttpClient-1-2] DEBUG org.asynchttpclient.netty.handler.HttpHandler - 

Request DefaultFullHttpRequest(decodeResult: success, version: HTTP/1.1, content: EmptyByteBufBE)
DELETE /session/dbb78d66cb98e0e2c4900f0f2a545f64 HTTP/1.1
User-Agent: selenium/4.6.0 (java windows)
Content-Type: application/json; charset=utf-8
host: localhost:8874
accept: */*

Response DefaultHttpResponse(decodeResult: success, version: HTTP/1.1)
HTTP/1.1 200 OK
Content-Type: application/json; charset=utf-8
cache-control: no-cache
content-length: 14

12:41:48.889 [AsyncHttpClient-1-2] DEBUG org.asynchttpclient.netty.channel.ChannelManager - Adding key: http://localhost:8874 for channel [id: 0x2fef61ae, L:/127.0.0.1:50390 - R:localhost/127.0.0.1:8874]
12:41:49.013 [AsyncHttpClient-1-2] DEBUG org.asynchttpclient.netty.handler.HttpHandler - Channel Closed: [id: 0x2fef61ae, L:/127.0.0.1:50390 ! R:localhost/127.0.0.1:8874] with attribute DISCARD
12:41:49.039 [Test worker] INFO  - 
  _____   ___   ___   _____     ___     _     ___   ___   ___   ___  
 |_   _| | __| / __| |_   _|   | _ \   /_\   / __| / __| | __| |   \ 
   | |   | _|  \__ \   | |     |  _/  / _ \  \__ \ \__ \ | _|  | |) |
   |_|   |___| |___/   |_|     |_|   /_/ \_\ |___/ |___/ |___| |___/ 

Validar que se pueda realizar una compra en Demoblaze
----------------------------------------------------------------------
]]></system-out>
  <system-err><![CDATA[Starting ChromeDriver 114.0.5735.90 (386bc09e8f4f2e025eddae123f36f6263096ae49-refs/branch-heads/5735@{#1052}) on port 8874
Only local connections are allowed.
Please see https://chromedriver.chromium.org/security-considerations for suggestions on keeping ChromeDriver safe.
ChromeDriver was started successfully.
jun. 15, 2023 12:40:38 P. M. org.openqa.selenium.devtools.CdpVersionFinder findNearestMatch
WARNING: Unable to find CDP implementation matching 114
jun. 15, 2023 12:40:38 P. M. org.openqa.selenium.chromium.ChromiumDriver lambda$new$3
WARNING: Unable to find version of CDP to use for . You may need to include a dependency on a specific version of the CDP using something similar to `org.seleniumhq.selenium:selenium-devtools-v86:4.6.0` where the version ("v86") matches the version of the chromium-based browser you're using and the version number of the artifact is the same as Selenium's.
]]></system-err>
</testsuite>
