<?xml version="1.0" encoding="UTF-8"?>
<testsuite name="Flujo de compra en demoblaze" tests="1" skipped="0" failures="0" errors="0" timestamp="2023-06-15T17:03:19" hostname="LIM-2X8KNN3" time="61.304">
  <properties/>
  <testcase name="Validar que se pueda realizar una compra en Demoblaze" classname="Flujo de compra en demoblaze" time="61.304"/>
  <system-out><![CDATA[
@CompraWeb @Compra
Esquema del escenario: Validar que se pueda realizar una compra en Demoblaze ?[90m# src/test/resources/features/demoBlaze.feature:18?[0m
12:03:20.052 [Test worker] INFO io.cucumber.core.plugin.SerenityReporter - Running feature from file:///C:/Users/Usuario/Documents/retoAutomatizacion/e2e/RetoDemoBlaze/src/test/resources/features/demoBlaze.feature
12:03:20.147 [Test worker] INFO  - 
  _____   ___   ___   _____     ___   _____     _     ___   _____   ___   ___  
 |_   _| | __| / __| |_   _|   / __| |_   _|   /_\   | _ \ |_   _| | __| |   \ 
   | |   | _|  \__ \   | |     \__ \   | |    / _ \  |   /   | |   | _|  | |) |
   |_|   |___| |___/   |_|     |___/   |_|   /_/ \_\ |_|_\   |_|   |___| |___/ 

Validar que se pueda realizar una compra en Demoblaze(flujo-de-compra-en-demoblaze;validar-que-se-pueda-realizar-una-compra-en-demoblaze)
--------------------------------------------------------------------------------
12:03:20.690 [Test worker] DEBUG net.thucydides.core.steps.StepInterceptor - STARTING STEP: demoBlazeStepDefinition.queSoyUnUsuarioRegistradoEnDemoblaze - performAs
12:03:20.713 [Test worker] DEBUG net.thucydides.core.steps.StepInterceptor - STARTING STEP: VisitWebPage.performAs - {0} opens the browser at #url
12:03:20.741 [Test worker] INFO net.serenitybdd.core.webdriver.driverproviders.DriverProvider - Using WebDriverManager configuration for chrome
12:03:21.039 [Test worker] DEBUG io.github.bonigarcia.wdm.cache.ResolutionCache - Resolution chrome=114 in cache (valid until 12:11:34 15/06/2023 PET)
12:03:21.040 [Test worker] DEBUG io.github.bonigarcia.wdm.cache.ResolutionCache - Resolution chrome114=114.0.5735.90 in cache (valid until 17:41:16 15/06/2023 PET)
12:03:21.041 [Test worker] INFO io.github.bonigarcia.wdm.WebDriverManager - Using chromedriver 114.0.5735.90 (resolved driver for Chrome 114)
12:03:21.055 [Test worker] DEBUG io.github.bonigarcia.wdm.WebDriverManager - Driver chromedriver 114.0.5735.90 found in cache
12:03:21.056 [Test worker] INFO io.github.bonigarcia.wdm.WebDriverManager - Exporting webdriver.chrome.driver as C:\Users\Usuario\.cache\selenium\chromedriver\win32\114.0.5735.90\chromedriver.exe
12:03:21.126 [Test worker] INFO net.serenitybdd.core.webdriver.driverproviders.ChromeDriverProvider - Starting Chrome driver instance with capabilities:
12:03:21.128 [Test worker] INFO net.serenitybdd.core.webdriver.driverproviders.ChromeDriverProvider - Capabilities {acceptInsecureCerts: false, browserName: chrome, goog:chromeOptions: {args: [--remote-allow-origins=*, start-maximized], extensions: []}}
12:03:21.196 [Test worker] DEBUG io.netty.util.internal.logging.InternalLoggerFactory - Using SLF4J as the default logging framework
12:03:21.200 [Test worker] DEBUG io.netty.util.ResourceLeakDetector - -Dio.netty.leakDetection.level: simple
12:03:21.200 [Test worker] DEBUG io.netty.util.ResourceLeakDetector - -Dio.netty.leakDetection.targetRecords: 4
12:03:21.205 [Test worker] DEBUG io.netty.util.ResourceLeakDetectorFactory - Loaded default ResourceLeakDetector: io.netty.util.ResourceLeakDetector@781654f8
12:03:21.224 [Test worker] DEBUG io.netty.util.internal.PlatformDependent0 - -Dio.netty.noUnsafe: false
12:03:21.224 [Test worker] DEBUG io.netty.util.internal.PlatformDependent0 - Java version: 11
12:03:21.225 [Test worker] DEBUG io.netty.util.internal.PlatformDependent0 - sun.misc.Unsafe.theUnsafe: available
12:03:21.225 [Test worker] DEBUG io.netty.util.internal.PlatformDependent0 - sun.misc.Unsafe.copyMemory: available
12:03:21.226 [Test worker] DEBUG io.netty.util.internal.PlatformDependent0 - sun.misc.Unsafe.storeFence: available
12:03:21.226 [Test worker] DEBUG io.netty.util.internal.PlatformDependent0 - java.nio.Buffer.address: available
12:03:21.227 [Test worker] DEBUG io.netty.util.internal.PlatformDependent0 - direct buffer constructor: unavailable: Reflective setAccessible(true) disabled
12:03:21.228 [Test worker] DEBUG io.netty.util.internal.PlatformDependent0 - java.nio.Bits.unaligned: available, true
12:03:21.229 [Test worker] DEBUG io.netty.util.internal.PlatformDependent0 - jdk.internal.misc.Unsafe.allocateUninitializedArray(int): unavailable: class io.netty.util.internal.PlatformDependent0$7 cannot access class jdk.internal.misc.Unsafe (in module java.base) because module java.base does not export jdk.internal.misc to unnamed module @1144a55a
12:03:21.231 [Test worker] DEBUG io.netty.util.internal.PlatformDependent0 - java.nio.DirectByteBuffer.<init>(long, int): unavailable
12:03:21.231 [Test worker] DEBUG io.netty.util.internal.PlatformDependent - sun.misc.Unsafe: available
12:03:21.242 [Test worker] DEBUG io.netty.util.internal.PlatformDependent - maxDirectMemory: 536870912 bytes (maybe)
12:03:21.243 [Test worker] DEBUG io.netty.util.internal.PlatformDependent - -Dio.netty.tmpdir: C:\Users\Usuario\AppData\Local\Temp (java.io.tmpdir)
12:03:21.243 [Test worker] DEBUG io.netty.util.internal.PlatformDependent - -Dio.netty.bitMode: 64 (sun.arch.data.model)
12:03:21.243 [Test worker] DEBUG io.netty.util.internal.PlatformDependent - Platform: Windows
12:03:21.244 [Test worker] DEBUG io.netty.util.internal.PlatformDependent - -Dio.netty.maxDirectMemory: -1 bytes
12:03:21.244 [Test worker] DEBUG io.netty.util.internal.PlatformDependent - -Dio.netty.uninitializedArrayAllocationThreshold: -1
12:03:21.245 [Test worker] DEBUG io.netty.util.internal.CleanerJava9 - java.nio.ByteBuffer.cleaner(): available
12:03:21.246 [Test worker] DEBUG io.netty.util.internal.PlatformDependent - -Dio.netty.noPreferDirect: false
12:03:21.258 [Test worker] DEBUG io.netty.util.internal.PlatformDependent - org.jctools-core.MpscChunkedArrayQueue: available
12:03:21.279 [Test worker] DEBUG io.netty.util.internal.InternalThreadLocalMap - -Dio.netty.threadLocalMap.stringBuilder.initialSize: 1024
12:03:21.279 [Test worker] DEBUG io.netty.util.internal.InternalThreadLocalMap - -Dio.netty.threadLocalMap.stringBuilder.maxSize: 4096
12:03:21.305 [Test worker] DEBUG io.netty.handler.ssl.JdkSslContext - Default protocols (JDK): [TLSv1.3, TLSv1.2] 
12:03:21.305 [Test worker] DEBUG io.netty.handler.ssl.JdkSslContext - Default cipher suites (JDK): [TLS_ECDHE_ECDSA_WITH_AES_256_GCM_SHA384, TLS_ECDHE_ECDSA_WITH_AES_128_GCM_SHA256, TLS_ECDHE_RSA_WITH_AES_128_GCM_SHA256, TLS_ECDHE_RSA_WITH_AES_256_GCM_SHA384, TLS_ECDHE_RSA_WITH_AES_128_CBC_SHA, TLS_ECDHE_RSA_WITH_AES_256_CBC_SHA, TLS_RSA_WITH_AES_128_GCM_SHA256, TLS_RSA_WITH_AES_128_CBC_SHA, TLS_RSA_WITH_AES_256_CBC_SHA, TLS_AES_128_GCM_SHA256, TLS_AES_256_GCM_SHA384]
12:03:21.343 [Test worker] DEBUG io.netty.channel.MultithreadEventLoopGroup - -Dio.netty.eventLoopThreads: 16
12:03:21.355 [Test worker] DEBUG io.netty.channel.nio.NioEventLoop - -Dio.netty.noKeySetOptimization: false
12:03:21.355 [Test worker] DEBUG io.netty.channel.nio.NioEventLoop - -Dio.netty.selectorAutoRebuildThreshold: 512
12:03:21.391 [Test worker] DEBUG io.netty.buffer.PooledByteBufAllocator - -Dio.netty.allocator.numHeapArenas: 1
12:03:21.391 [Test worker] DEBUG io.netty.buffer.PooledByteBufAllocator - -Dio.netty.allocator.numDirectArenas: 1
12:03:21.391 [Test worker] DEBUG io.netty.buffer.PooledByteBufAllocator - -Dio.netty.allocator.pageSize: 8192
12:03:21.391 [Test worker] DEBUG io.netty.buffer.PooledByteBufAllocator - -Dio.netty.allocator.maxOrder: 9
12:03:21.391 [Test worker] DEBUG io.netty.buffer.PooledByteBufAllocator - -Dio.netty.allocator.chunkSize: 4194304
12:03:21.391 [Test worker] DEBUG io.netty.buffer.PooledByteBufAllocator - -Dio.netty.allocator.smallCacheSize: 256
12:03:21.391 [Test worker] DEBUG io.netty.buffer.PooledByteBufAllocator - -Dio.netty.allocator.normalCacheSize: 64
12:03:21.391 [Test worker] DEBUG io.netty.buffer.PooledByteBufAllocator - -Dio.netty.allocator.maxCachedBufferCapacity: 32768
12:03:21.391 [Test worker] DEBUG io.netty.buffer.PooledByteBufAllocator - -Dio.netty.allocator.cacheTrimInterval: 8192
12:03:21.391 [Test worker] DEBUG io.netty.buffer.PooledByteBufAllocator - -Dio.netty.allocator.cacheTrimIntervalMillis: 600000
12:03:21.392 [Test worker] DEBUG io.netty.buffer.PooledByteBufAllocator - -Dio.netty.allocator.useCacheForAllThreads: false
12:03:21.392 [Test worker] DEBUG io.netty.buffer.PooledByteBufAllocator - -Dio.netty.allocator.maxCachedByteBuffersPerChunk: 1023
12:03:21.403 [Test worker] DEBUG io.netty.buffer.ByteBufUtil - -Dio.netty.allocator.type: pooled
12:03:21.403 [Test worker] DEBUG io.netty.buffer.ByteBufUtil - -Dio.netty.threadLocalDirectBufferSize: 0
12:03:21.403 [Test worker] DEBUG io.netty.buffer.ByteBufUtil - -Dio.netty.maxThreadLocalCharBufferSize: 16384
12:03:21.792 [Forwarding newSession on session null to remote] DEBUG io.netty.channel.DefaultChannelId - -Dio.netty.processId: 26525 (user-set)
12:03:21.793 [Forwarding newSession on session null to remote] DEBUG io.netty.channel.DefaultChannelId - -Dio.netty.machineId: 28:f0:76:ff:fe:16:65:0e (user-set)
12:03:21.856 [AsyncHttpClient-1-2] DEBUG io.netty.buffer.AbstractByteBuf - -Dio.netty.buffer.checkAccessible: true
12:03:21.856 [AsyncHttpClient-1-2] DEBUG io.netty.buffer.AbstractByteBuf - -Dio.netty.buffer.checkBounds: true
12:03:21.856 [AsyncHttpClient-1-2] DEBUG io.netty.util.ResourceLeakDetectorFactory - Loaded default ResourceLeakDetector: io.netty.util.ResourceLeakDetector@277d4bb4
12:03:21.873 [AsyncHttpClient-1-2] DEBUG org.asynchttpclient.netty.channel.NettyConnectListener - Using new Channel '[id: 0x5e9e9eb4, L:/127.0.0.1:64175 - R:localhost/127.0.0.1:26374]' for 'POST' to '/session'
12:03:21.893 [AsyncHttpClient-1-2] DEBUG io.netty.util.Recycler - -Dio.netty.recycler.maxCapacityPerThread: 4096
12:03:21.893 [AsyncHttpClient-1-2] DEBUG io.netty.util.Recycler - -Dio.netty.recycler.ratio: 8
12:03:21.893 [AsyncHttpClient-1-2] DEBUG io.netty.util.Recycler - -Dio.netty.recycler.chunkSize: 32
12:03:21.893 [AsyncHttpClient-1-2] DEBUG io.netty.util.Recycler - -Dio.netty.recycler.blocking: false
12:03:22.630 [AsyncHttpClient-1-2] DEBUG io.netty.handler.codec.compression.Brotli - brotli4j not in the classpath; Brotli support will be unavailable.
12:03:22.631 [AsyncHttpClient-1-2] DEBUG org.asynchttpclient.netty.handler.HttpHandler - 

Request DefaultHttpRequest(decodeResult: success, version: HTTP/1.1)
POST /session HTTP/1.1
User-Agent: selenium/4.6.0 (java windows)
Content-Length: 569
Content-Type: application/json; charset=utf-8
host: localhost:26374
accept: */*

Response DefaultHttpResponse(decodeResult: success, version: HTTP/1.1)
HTTP/1.1 200 OK
Content-Type: application/json; charset=utf-8
cache-control: no-cache
content-length: 863

12:03:22.644 [AsyncHttpClient-1-2] DEBUG org.asynchttpclient.netty.channel.ChannelManager - Adding key: http://localhost:26374 for channel [id: 0x5e9e9eb4, L:/127.0.0.1:64175 - R:localhost/127.0.0.1:26374]
12:03:22.713 [AsyncHttpClient-1-3] DEBUG org.asynchttpclient.netty.channel.NettyConnectListener - Using new Channel '[id: 0x489aa274, L:/127.0.0.1:64182 - R:localhost/127.0.0.1:64176]' for 'GET' to '/json/version'
12:03:22.714 [AsyncHttpClient-1-3] DEBUG org.asynchttpclient.netty.handler.HttpHandler - 

Request DefaultFullHttpRequest(decodeResult: success, version: HTTP/1.1, content: EmptyByteBufBE)
GET /json/version HTTP/1.1
User-Agent: selenium/4.6.0 (java windows)
host: localhost:64176
accept: */*

Response DefaultHttpResponse(decodeResult: success, version: HTTP/1.1)
HTTP/1.1 200 OK
Content-Security-Policy: frame-ancestors 'none'
Content-Type: application/json; charset=UTF-8
content-length: 424

12:03:22.714 [AsyncHttpClient-1-3] DEBUG org.asynchttpclient.netty.channel.ChannelManager - Adding key: http://localhost:64176 for channel [id: 0x489aa274, L:/127.0.0.1:64182 - R:localhost/127.0.0.1:64176]
12:03:22.722 [Test worker] DEBUG io.netty.util.internal.ThreadLocalRandom - -Dio.netty.initialSeedUniquifier: 0xecb994a91ecdbfbb
12:03:22.728 [AsyncHttpClient-1-4] DEBUG org.asynchttpclient.netty.channel.NettyConnectListener - Using new Channel '[id: 0x60641db5, L:/127.0.0.1:64183 - R:localhost/127.0.0.1:64176]' for 'GET' to '/devtools/browser/7d4edfb6-3cd2-4f99-a922-9474aeea55f5'
12:03:22.731 [AsyncHttpClient-1-4] DEBUG org.asynchttpclient.netty.handler.WebSocketHandler - 

Request DefaultFullHttpRequest(decodeResult: success, version: HTTP/1.1, content: EmptyByteBufBE)
GET /devtools/browser/7d4edfb6-3cd2-4f99-a922-9474aeea55f5 HTTP/1.1
upgrade: websocket
connection: upgrade
sec-websocket-key: /z0dRMbE6oQioCfAXRtnGw==
sec-websocket-version: 13
origin: http://localhost:64176
host: localhost:64176
accept: */*
user-agent: AHC/2.1

Response DefaultHttpResponse(decodeResult: success, version: HTTP/1.1)
HTTP/1.1 101 WebSocket Protocol Handshake
Upgrade: WebSocket
Connection: Upgrade
Sec-WebSocket-Accept: OE5IqiujWMwVLiTVZ/fNzarSt7k=

12:03:23.416 [Test worker] DEBUG net.thucydides.core.reflection.ClassFinder - Could not load class .org.example.pageObject.DB_MainPage
12:03:23.416 [Test worker] DEBUG net.thucydides.core.reflection.ClassFinder - Could not load class .org.example.pageObject.LoginForm
12:03:23.416 [Test worker] DEBUG net.thucydides.core.reflection.ClassFinder - Could not load class .org.example.pageObject.OrderForm
12:03:23.416 [Test worker] DEBUG net.thucydides.core.reflection.ClassFinder - Could not load class .org.example.question.LoginSuccess
12:03:23.416 [Test worker] DEBUG net.thucydides.core.reflection.ClassFinder - Could not load class .org.example.question.MainPage
12:03:23.417 [Test worker] DEBUG net.thucydides.core.reflection.ClassFinder - Could not load class .org.example.runner.RunnerTests
12:03:23.417 [Test worker] DEBUG net.thucydides.core.reflection.ClassFinder - Could not load class .org.example.stepsdefinition.demoBlazeStepDefinition
12:03:23.417 [Test worker] DEBUG net.thucydides.core.reflection.ClassFinder - Could not load class .org.example.tasks.ConfirmOrder
12:03:23.417 [Test worker] DEBUG net.thucydides.core.reflection.ClassFinder - Could not load class .org.example.tasks.Login
12:03:23.417 [Test worker] DEBUG net.thucydides.core.reflection.ClassFinder - Could not load class .org.example.tasks.PickCategory
12:03:23.417 [Test worker] DEBUG net.thucydides.core.reflection.ClassFinder - Could not load class .org.example.tasks.PickItem
12:03:23.417 [Test worker] DEBUG net.thucydides.core.reflection.ClassFinder - Could not load class .org.example.tasks.PlaceOrder
12:03:23.417 [Test worker] DEBUG net.thucydides.core.reflection.ClassFinder - Could not load class .org.example.tasks.VisitWebPage
12:03:23.417 [Test worker] DEBUG net.thucydides.core.reflection.ClassFinder - Could not load class .org.example.tasks.WaitFor
12:03:23.417 [Test worker] DEBUG net.thucydides.core.reflection.ClassFinder - Could not load class .org.example.utils.CucumberTable
12:03:23.417 [Test worker] DEBUG net.thucydides.core.reflection.ClassFinder - Could not load class .org.example.utils.EnvConf
12:03:23.418 [Test worker] DEBUG net.thucydides.core.reflection.ClassFinder - Could not load class META-INF.versions.9.com.sun.istack.logging.StackHelper
12:03:23.419 [Test worker] DEBUG net.thucydides.core.reflection.ClassFinder - Could not load class META-INF.versions.9.com.sun.xml.bind.v2.runtime.reflect.opt.AccessorInjector
12:03:23.420 [Test worker] DEBUG net.thucydides.core.reflection.ClassFinder - Could not load class META-INF.versions.9.com.sun.xml.bind.v2.runtime.reflect.opt.Injector
12:03:23.420 [Test worker] DEBUG net.thucydides.core.reflection.ClassFinder - Could not load class META-INF.versions.9.com.sun.xml.bind.v2.runtime.reflect.opt.OptimizedAccessorFactory
12:03:23.421 [Test worker] DEBUG net.thucydides.core.reflection.ClassFinder - Could not load class META-INF.versions.9.com.sun.xml.bind.v2.runtime.reflect.opt.OptimizedTransducedAccessorFactory
12:03:23.421 [Test worker] DEBUG net.thucydides.core.reflection.ClassFinder - Could not load class META-INF.versions.9.io.opentelemetry.sdk.internal.CurrentJavaVersionSpecific
12:03:23.422 [Test worker] DEBUG net.thucydides.core.reflection.ClassFinder - Could not load class META-INF.versions.9.io.opentelemetry.sdk.internal.Java9VersionSpecific
12:03:23.423 [Test worker] DEBUG net.thucydides.core.reflection.ClassFinder - Could not load class META-INF.versions.9.javax.xml.bind.ModuleUtil
12:03:23.423 [Test worker] DEBUG net.thucydides.core.reflection.ClassFinder - Could not load class META-INF.versions.9.module-info
12:03:23.463 [AsyncHttpClient-1-1] DEBUG org.asynchttpclient.netty.channel.DefaultChannelPool - Entry count for : http://localhost:64176 : 1
12:03:23.463 [AsyncHttpClient-1-1] DEBUG org.asynchttpclient.netty.channel.DefaultChannelPool - Entry count for : http://localhost:26374 : 1
12:03:23.769 [Test worker] DEBUG net.thucydides.core.reflection.ClassFinder - Could not load class com.google.gson.internal.
12:03:23.948 [Test worker] DEBUG net.thucydides.core.reflection.ClassFinder - Could not load class com.sun.xml.bind.v2.runtime.output.FastInfosetStreamWriterOutput
12:03:24.423 [Test worker] DEBUG net.thucydides.core.reflection.ClassFinder - Could not load class module-info
12:03:24.568 [AsyncHttpClient-1-1] DEBUG org.asynchttpclient.netty.channel.DefaultChannelPool - Entry count for : http://localhost:64176 : 1
12:03:24.568 [AsyncHttpClient-1-1] DEBUG org.asynchttpclient.netty.channel.DefaultChannelPool - Entry count for : http://localhost:26374 : 1
12:03:25.006 [Test worker] DEBUG net.thucydides.core.reflection.ClassFinder - Could not load class org.assertj.core.api.JUnitJupiterBDDSoftAssertions
12:03:25.007 [Test worker] DEBUG net.thucydides.core.reflection.ClassFinder - Could not load class org.assertj.core.api.JUnitJupiterSoftAssertions
12:03:25.031 [Test worker] DEBUG net.thucydides.core.reflection.ClassFinder - Could not load class org.assertj.core.api.junit.jupiter.SoftAssertionsExtension
12:03:25.032 [Test worker] DEBUG net.thucydides.core.reflection.ClassFinder - Could not load class org.assertj.core.api.junit.jupiter.SoftlyExtension
12:03:25.664 [AsyncHttpClient-1-1] DEBUG org.asynchttpclient.netty.channel.DefaultChannelPool - Entry count for : http://localhost:64176 : 1
12:03:25.664 [AsyncHttpClient-1-1] DEBUG org.asynchttpclient.netty.channel.DefaultChannelPool - Entry count for : http://localhost:26374 : 1
12:03:26.765 [AsyncHttpClient-1-1] DEBUG org.asynchttpclient.netty.channel.DefaultChannelPool - Entry count for : http://localhost:64176 : 1
12:03:26.765 [AsyncHttpClient-1-1] DEBUG org.asynchttpclient.netty.channel.DefaultChannelPool - Entry count for : http://localhost:26374 : 1
12:03:27.652 [Forwarding get on session 541e5fbff23d86bb83d3a1a7e5bf5bb4 to remote] DEBUG org.asynchttpclient.netty.request.NettyRequestSender - Using pooled Channel '[id: 0x5e9e9eb4, L:/127.0.0.1:64175 - R:localhost/127.0.0.1:26374]' for 'POST' to 'http://localhost:26374/session/541e5fbff23d86bb83d3a1a7e5bf5bb4/url'
12:03:27.652 [Forwarding get on session 541e5fbff23d86bb83d3a1a7e5bf5bb4 to remote] DEBUG org.asynchttpclient.netty.request.NettyRequestSender - Using open Channel [id: 0x5e9e9eb4, L:/127.0.0.1:64175 - R:localhost/127.0.0.1:26374] for POST '/session/541e5fbff23d86bb83d3a1a7e5bf5bb4/url'
12:03:27.871 [AsyncHttpClient-1-1] DEBUG org.asynchttpclient.netty.channel.DefaultChannelPool - Entry count for : http://localhost:64176 : 1
12:03:28.964 [AsyncHttpClient-1-1] DEBUG org.asynchttpclient.netty.channel.DefaultChannelPool - Entry count for : http://localhost:64176 : 1
12:03:30.072 [AsyncHttpClient-1-1] DEBUG org.asynchttpclient.netty.channel.DefaultChannelPool - Entry count for : http://localhost:64176 : 1
12:03:30.362 [AsyncHttpClient-1-2] DEBUG org.asynchttpclient.netty.handler.HttpHandler - 

Request DefaultHttpRequest(decodeResult: success, version: HTTP/1.1)
POST /session/541e5fbff23d86bb83d3a1a7e5bf5bb4/url HTTP/1.1
User-Agent: selenium/4.6.0 (java windows)
Content-Length: 56
Content-Type: application/json; charset=utf-8
host: localhost:26374
accept: */*

Response DefaultHttpResponse(decodeResult: success, version: HTTP/1.1)
HTTP/1.1 200 OK
Content-Type: application/json; charset=utf-8
cache-control: no-cache
content-length: 14

12:03:30.362 [AsyncHttpClient-1-2] DEBUG org.asynchttpclient.netty.channel.ChannelManager - Adding key: http://localhost:26374 for channel [id: 0x5e9e9eb4, L:/127.0.0.1:64175 - R:localhost/127.0.0.1:26374]
12:03:30.368 [Forwarding setTimeout on session 541e5fbff23d86bb83d3a1a7e5bf5bb4 to remote] DEBUG org.asynchttpclient.netty.request.NettyRequestSender - Using pooled Channel '[id: 0x5e9e9eb4, L:/127.0.0.1:64175 - R:localhost/127.0.0.1:26374]' for 'POST' to 'http://localhost:26374/session/541e5fbff23d86bb83d3a1a7e5bf5bb4/timeouts'
12:03:30.368 [Forwarding setTimeout on session 541e5fbff23d86bb83d3a1a7e5bf5bb4 to remote] DEBUG org.asynchttpclient.netty.request.NettyRequestSender - Using open Channel [id: 0x5e9e9eb4, L:/127.0.0.1:64175 - R:localhost/127.0.0.1:26374] for POST '/session/541e5fbff23d86bb83d3a1a7e5bf5bb4/timeouts'
12:03:30.373 [AsyncHttpClient-1-2] DEBUG org.asynchttpclient.netty.handler.HttpHandler - 

Request DefaultHttpRequest(decodeResult: success, version: HTTP/1.1)
POST /session/541e5fbff23d86bb83d3a1a7e5bf5bb4/timeouts HTTP/1.1
User-Agent: selenium/4.6.0 (java windows)
Content-Length: 22
Content-Type: application/json; charset=utf-8
host: localhost:26374
accept: */*

Response DefaultHttpResponse(decodeResult: success, version: HTTP/1.1)
HTTP/1.1 200 OK
Content-Type: application/json; charset=utf-8
cache-control: no-cache
content-length: 14

12:03:30.374 [AsyncHttpClient-1-2] DEBUG org.asynchttpclient.netty.channel.ChannelManager - Adding key: http://localhost:26374 for channel [id: 0x5e9e9eb4, L:/127.0.0.1:64175 - R:localhost/127.0.0.1:26374]
12:03:30.393 [Forwarding getCurrentUrl on session 541e5fbff23d86bb83d3a1a7e5bf5bb4 to remote] DEBUG org.asynchttpclient.netty.request.NettyRequestSender - Using pooled Channel '[id: 0x5e9e9eb4, L:/127.0.0.1:64175 - R:localhost/127.0.0.1:26374]' for 'GET' to 'http://localhost:26374/session/541e5fbff23d86bb83d3a1a7e5bf5bb4/url'
12:03:30.393 [Forwarding getCurrentUrl on session 541e5fbff23d86bb83d3a1a7e5bf5bb4 to remote] DEBUG org.asynchttpclient.netty.request.NettyRequestSender - Using open Channel [id: 0x5e9e9eb4, L:/127.0.0.1:64175 - R:localhost/127.0.0.1:26374] for GET '/session/541e5fbff23d86bb83d3a1a7e5bf5bb4/url'
12:03:30.402 [AsyncHttpClient-1-2] DEBUG org.asynchttpclient.netty.handler.HttpHandler - 

Request DefaultFullHttpRequest(decodeResult: success, version: HTTP/1.1, content: EmptyByteBufBE)
GET /session/541e5fbff23d86bb83d3a1a7e5bf5bb4/url HTTP/1.1
User-Agent: selenium/4.6.0 (java windows)
Cache-Control: no-cache
Content-Type: application/json; charset=utf-8
host: localhost:26374
accept: */*

Response DefaultHttpResponse(decodeResult: success, version: HTTP/1.1)
HTTP/1.1 200 OK
Content-Type: application/json; charset=utf-8
cache-control: no-cache
content-length: 38

12:03:30.403 [AsyncHttpClient-1-2] DEBUG org.asynchttpclient.netty.channel.ChannelManager - Adding key: http://localhost:26374 for channel [id: 0x5e9e9eb4, L:/127.0.0.1:64175 - R:localhost/127.0.0.1:26374]
12:03:30.442 [Test worker] DEBUG net.serenitybdd.core.photography.Darkroom - Opening darkroom
12:03:30.444 [Darkroom Processing Line] DEBUG net.serenitybdd.core.photography.DarkroomProcessingLine - Darkroom processing line starting up
12:03:30.469 [Forwarding getCurrentWindowHandle on session 541e5fbff23d86bb83d3a1a7e5bf5bb4 to remote] DEBUG org.asynchttpclient.netty.request.NettyRequestSender - Using pooled Channel '[id: 0x5e9e9eb4, L:/127.0.0.1:64175 - R:localhost/127.0.0.1:26374]' for 'GET' to 'http://localhost:26374/session/541e5fbff23d86bb83d3a1a7e5bf5bb4/window'
12:03:30.470 [Forwarding getCurrentWindowHandle on session 541e5fbff23d86bb83d3a1a7e5bf5bb4 to remote] DEBUG org.asynchttpclient.netty.request.NettyRequestSender - Using open Channel [id: 0x5e9e9eb4, L:/127.0.0.1:64175 - R:localhost/127.0.0.1:26374] for GET '/session/541e5fbff23d86bb83d3a1a7e5bf5bb4/window'
12:03:30.471 [AsyncHttpClient-1-2] DEBUG org.asynchttpclient.netty.handler.HttpHandler - 

Request DefaultFullHttpRequest(decodeResult: success, version: HTTP/1.1, content: EmptyByteBufBE)
GET /session/541e5fbff23d86bb83d3a1a7e5bf5bb4/window HTTP/1.1
User-Agent: selenium/4.6.0 (java windows)
Cache-Control: no-cache
Content-Type: application/json; charset=utf-8
host: localhost:26374
accept: */*

Response DefaultHttpResponse(decodeResult: success, version: HTTP/1.1)
HTTP/1.1 200 OK
Content-Type: application/json; charset=utf-8
cache-control: no-cache
content-length: 44

12:03:30.471 [AsyncHttpClient-1-2] DEBUG org.asynchttpclient.netty.channel.ChannelManager - Adding key: http://localhost:26374 for channel [id: 0x5e9e9eb4, L:/127.0.0.1:64175 - R:localhost/127.0.0.1:26374]
12:03:30.492 [Forwarding getAlertText on session 541e5fbff23d86bb83d3a1a7e5bf5bb4 to remote] DEBUG org.asynchttpclient.netty.request.NettyRequestSender - Using pooled Channel '[id: 0x5e9e9eb4, L:/127.0.0.1:64175 - R:localhost/127.0.0.1:26374]' for 'GET' to 'http://localhost:26374/session/541e5fbff23d86bb83d3a1a7e5bf5bb4/alert/text'
12:03:30.492 [Forwarding getAlertText on session 541e5fbff23d86bb83d3a1a7e5bf5bb4 to remote] DEBUG org.asynchttpclient.netty.request.NettyRequestSender - Using open Channel [id: 0x5e9e9eb4, L:/127.0.0.1:64175 - R:localhost/127.0.0.1:26374] for GET '/session/541e5fbff23d86bb83d3a1a7e5bf5bb4/alert/text'
12:03:30.495 [AsyncHttpClient-1-2] DEBUG org.asynchttpclient.netty.handler.HttpHandler - 

Request DefaultFullHttpRequest(decodeResult: success, version: HTTP/1.1, content: EmptyByteBufBE)
GET /session/541e5fbff23d86bb83d3a1a7e5bf5bb4/alert/text HTTP/1.1
User-Agent: selenium/4.6.0 (java windows)
Cache-Control: no-cache
Content-Type: application/json; charset=utf-8
host: localhost:26374
accept: */*

Response DefaultHttpResponse(decodeResult: success, version: HTTP/1.1)
HTTP/1.1 404 Not Found
Content-Type: application/json; charset=utf-8
cache-control: no-cache
content-length: 848

12:03:30.496 [AsyncHttpClient-1-2] DEBUG org.asynchttpclient.netty.channel.ChannelManager - Adding key: http://localhost:26374 for channel [id: 0x5e9e9eb4, L:/127.0.0.1:64175 - R:localhost/127.0.0.1:26374]
12:03:30.513 [Forwarding switchToWindow on session 541e5fbff23d86bb83d3a1a7e5bf5bb4 to remote] DEBUG org.asynchttpclient.netty.request.NettyRequestSender - Using pooled Channel '[id: 0x5e9e9eb4, L:/127.0.0.1:64175 - R:localhost/127.0.0.1:26374]' for 'POST' to 'http://localhost:26374/session/541e5fbff23d86bb83d3a1a7e5bf5bb4/window'
12:03:30.514 [Forwarding switchToWindow on session 541e5fbff23d86bb83d3a1a7e5bf5bb4 to remote] DEBUG org.asynchttpclient.netty.request.NettyRequestSender - Using open Channel [id: 0x5e9e9eb4, L:/127.0.0.1:64175 - R:localhost/127.0.0.1:26374] for POST '/session/541e5fbff23d86bb83d3a1a7e5bf5bb4/window'
12:03:30.516 [AsyncHttpClient-1-2] DEBUG org.asynchttpclient.netty.handler.HttpHandler - 

Request DefaultHttpRequest(decodeResult: success, version: HTTP/1.1)
POST /session/541e5fbff23d86bb83d3a1a7e5bf5bb4/window HTTP/1.1
User-Agent: selenium/4.6.0 (java windows)
Content-Length: 50
Content-Type: application/json; charset=utf-8
host: localhost:26374
accept: */*

Response DefaultHttpResponse(decodeResult: success, version: HTTP/1.1)
HTTP/1.1 200 OK
Content-Type: application/json; charset=utf-8
cache-control: no-cache
content-length: 14

12:03:30.516 [AsyncHttpClient-1-2] DEBUG org.asynchttpclient.netty.channel.ChannelManager - Adding key: http://localhost:26374 for channel [id: 0x5e9e9eb4, L:/127.0.0.1:64175 - R:localhost/127.0.0.1:26374]
12:03:30.517 [Forwarding getCurrentUrl on session 541e5fbff23d86bb83d3a1a7e5bf5bb4 to remote] DEBUG org.asynchttpclient.netty.request.NettyRequestSender - Using pooled Channel '[id: 0x5e9e9eb4, L:/127.0.0.1:64175 - R:localhost/127.0.0.1:26374]' for 'GET' to 'http://localhost:26374/session/541e5fbff23d86bb83d3a1a7e5bf5bb4/url'
12:03:30.517 [Forwarding getCurrentUrl on session 541e5fbff23d86bb83d3a1a7e5bf5bb4 to remote] DEBUG org.asynchttpclient.netty.request.NettyRequestSender - Using open Channel [id: 0x5e9e9eb4, L:/127.0.0.1:64175 - R:localhost/127.0.0.1:26374] for GET '/session/541e5fbff23d86bb83d3a1a7e5bf5bb4/url'
12:03:30.522 [AsyncHttpClient-1-2] DEBUG org.asynchttpclient.netty.handler.HttpHandler - 

Request DefaultFullHttpRequest(decodeResult: success, version: HTTP/1.1, content: EmptyByteBufBE)
GET /session/541e5fbff23d86bb83d3a1a7e5bf5bb4/url HTTP/1.1
User-Agent: selenium/4.6.0 (java windows)
Cache-Control: no-cache
Content-Type: application/json; charset=utf-8
host: localhost:26374
accept: */*

Response DefaultHttpResponse(decodeResult: success, version: HTTP/1.1)
HTTP/1.1 200 OK
Content-Type: application/json; charset=utf-8
cache-control: no-cache
content-length: 38

12:03:30.522 [AsyncHttpClient-1-2] DEBUG org.asynchttpclient.netty.channel.ChannelManager - Adding key: http://localhost:26374 for channel [id: 0x5e9e9eb4, L:/127.0.0.1:64175 - R:localhost/127.0.0.1:26374]
12:03:30.526 [Forwarding screenshot on session 541e5fbff23d86bb83d3a1a7e5bf5bb4 to remote] DEBUG org.asynchttpclient.netty.request.NettyRequestSender - Using pooled Channel '[id: 0x5e9e9eb4, L:/127.0.0.1:64175 - R:localhost/127.0.0.1:26374]' for 'GET' to 'http://localhost:26374/session/541e5fbff23d86bb83d3a1a7e5bf5bb4/screenshot'
12:03:30.526 [Forwarding screenshot on session 541e5fbff23d86bb83d3a1a7e5bf5bb4 to remote] DEBUG org.asynchttpclient.netty.request.NettyRequestSender - Using open Channel [id: 0x5e9e9eb4, L:/127.0.0.1:64175 - R:localhost/127.0.0.1:26374] for GET '/session/541e5fbff23d86bb83d3a1a7e5bf5bb4/screenshot'
12:03:30.803 [AsyncHttpClient-1-2] DEBUG org.asynchttpclient.netty.handler.HttpHandler - 

Request DefaultFullHttpRequest(decodeResult: success, version: HTTP/1.1, content: EmptyByteBufBE)
GET /session/541e5fbff23d86bb83d3a1a7e5bf5bb4/screenshot HTTP/1.1
User-Agent: selenium/4.6.0 (java windows)
Cache-Control: no-cache
Content-Type: application/json; charset=utf-8
host: localhost:26374
accept: */*

Response DefaultHttpResponse(decodeResult: success, version: HTTP/1.1)
HTTP/1.1 200 OK
Content-Type: application/json; charset=utf-8
cache-control: no-cache
content-length: 652644

12:03:30.809 [AsyncHttpClient-1-2] DEBUG org.asynchttpclient.netty.channel.ChannelManager - Adding key: http://localhost:26374 for channel [id: 0x5e9e9eb4, L:/127.0.0.1:64175 - R:localhost/127.0.0.1:26374]
12:03:30.935 [Test worker] DEBUG net.serenitybdd.core.photography.Darkroom - Send negative for processing for C:\Users\Usuario\Documents\retoAutomatizacion\e2e\RetoDemoBlaze\target\site\serenity\92d99eff6d25c1a5037c6e5c50d93de47a6dfb89ce539badfdff01c5f9ac4738.png
12:03:30.936 [Darkroom Processing Line] DEBUG net.serenitybdd.core.photography.DarkroomProcessingLine - Processing screenshot image in /var/screenshots/screenshot-17966712700927688129
12:03:30.936 [Darkroom Processing Line] DEBUG net.serenitybdd.core.photography.DarkroomProcessingLine - Saving screenshot to C:\Users\Usuario\Documents\retoAutomatizacion\e2e\RetoDemoBlaze\target\site\serenity\92d99eff6d25c1a5037c6e5c50d93de47a6dfb89ce539badfdff01c5f9ac4738.png
12:03:30.941 [Test worker] DEBUG net.thucydides.core.steps.StepInterceptor - STEP DONE: {0} opens the browser at #url
12:03:30.977 [Forwarding getPageSource on session 541e5fbff23d86bb83d3a1a7e5bf5bb4 to remote] DEBUG org.asynchttpclient.netty.request.NettyRequestSender - Using pooled Channel '[id: 0x5e9e9eb4, L:/127.0.0.1:64175 - R:localhost/127.0.0.1:26374]' for 'POST' to 'http://localhost:26374/session/541e5fbff23d86bb83d3a1a7e5bf5bb4/execute/sync'
12:03:30.977 [Forwarding getPageSource on session 541e5fbff23d86bb83d3a1a7e5bf5bb4 to remote] DEBUG org.asynchttpclient.netty.request.NettyRequestSender - Using open Channel [id: 0x5e9e9eb4, L:/127.0.0.1:64175 - R:localhost/127.0.0.1:26374] for POST '/session/541e5fbff23d86bb83d3a1a7e5bf5bb4/execute/sync'
12:03:30.987 [AsyncHttpClient-1-2] DEBUG org.asynchttpclient.netty.handler.HttpHandler - 

Request DefaultHttpRequest(decodeResult: success, version: HTTP/1.1)
POST /session/541e5fbff23d86bb83d3a1a7e5bf5bb4/execute/sync HTTP/1.1
User-Agent: selenium/4.6.0 (java windows)
Content-Length: 176
Content-Type: application/json; charset=utf-8
host: localhost:26374
accept: */*

Response DefaultHttpResponse(decodeResult: success, version: HTTP/1.1)
HTTP/1.1 200 OK
Content-Type: application/json; charset=utf-8
cache-control: no-cache
content-length: 51721

12:03:30.988 [AsyncHttpClient-1-2] DEBUG org.asynchttpclient.netty.channel.ChannelManager - Adding key: http://localhost:26374 for channel [id: 0x5e9e9eb4, L:/127.0.0.1:64175 - R:localhost/127.0.0.1:26374]
12:03:31.155 [Forwarding getCurrentUrl on session 541e5fbff23d86bb83d3a1a7e5bf5bb4 to remote] DEBUG org.asynchttpclient.netty.request.NettyRequestSender - Using pooled Channel '[id: 0x5e9e9eb4, L:/127.0.0.1:64175 - R:localhost/127.0.0.1:26374]' for 'GET' to 'http://localhost:26374/session/541e5fbff23d86bb83d3a1a7e5bf5bb4/url'
12:03:31.156 [Forwarding getCurrentUrl on session 541e5fbff23d86bb83d3a1a7e5bf5bb4 to remote] DEBUG org.asynchttpclient.netty.request.NettyRequestSender - Using open Channel [id: 0x5e9e9eb4, L:/127.0.0.1:64175 - R:localhost/127.0.0.1:26374] for GET '/session/541e5fbff23d86bb83d3a1a7e5bf5bb4/url'
12:03:31.160 [AsyncHttpClient-1-2] DEBUG org.asynchttpclient.netty.handler.HttpHandler - 

Request DefaultFullHttpRequest(decodeResult: success, version: HTTP/1.1, content: EmptyByteBufBE)
GET /session/541e5fbff23d86bb83d3a1a7e5bf5bb4/url HTTP/1.1
User-Agent: selenium/4.6.0 (java windows)
Cache-Control: no-cache
Content-Type: application/json; charset=utf-8
host: localhost:26374
accept: */*

Response DefaultHttpResponse(decodeResult: success, version: HTTP/1.1)
HTTP/1.1 200 OK
Content-Type: application/json; charset=utf-8
cache-control: no-cache
content-length: 38

12:03:31.161 [AsyncHttpClient-1-2] DEBUG org.asynchttpclient.netty.channel.ChannelManager - Adding key: http://localhost:26374 for channel [id: 0x5e9e9eb4, L:/127.0.0.1:64175 - R:localhost/127.0.0.1:26374]
12:03:31.165 [AsyncHttpClient-1-1] DEBUG org.asynchttpclient.netty.channel.DefaultChannelPool - Entry count for : http://localhost:64176 : 1
12:03:31.165 [Test worker] DEBUG net.thucydides.core.steps.StepInterceptor - STARTING STEP: VisitWebPage.performAs - performAs
12:03:31.165 [AsyncHttpClient-1-1] DEBUG org.asynchttpclient.netty.channel.DefaultChannelPool - Entry count for : http://localhost:26374 : 1
12:03:32.264 [AsyncHttpClient-1-1] DEBUG org.asynchttpclient.netty.channel.DefaultChannelPool - Entry count for : http://localhost:64176 : 1
12:03:32.264 [AsyncHttpClient-1-1] DEBUG org.asynchttpclient.netty.channel.DefaultChannelPool - Entry count for : http://localhost:26374 : 1
12:03:33.368 [AsyncHttpClient-1-1] DEBUG org.asynchttpclient.netty.channel.DefaultChannelPool - Entry count for : http://localhost:64176 : 1
12:03:33.368 [AsyncHttpClient-1-1] DEBUG org.asynchttpclient.netty.channel.DefaultChannelPool - Entry count for : http://localhost:26374 : 1
12:03:34.221 [Forwarding getCurrentWindowHandle on session 541e5fbff23d86bb83d3a1a7e5bf5bb4 to remote] DEBUG org.asynchttpclient.netty.request.NettyRequestSender - Using pooled Channel '[id: 0x5e9e9eb4, L:/127.0.0.1:64175 - R:localhost/127.0.0.1:26374]' for 'GET' to 'http://localhost:26374/session/541e5fbff23d86bb83d3a1a7e5bf5bb4/window'
12:03:34.221 [Forwarding getCurrentWindowHandle on session 541e5fbff23d86bb83d3a1a7e5bf5bb4 to remote] DEBUG org.asynchttpclient.netty.request.NettyRequestSender - Using open Channel [id: 0x5e9e9eb4, L:/127.0.0.1:64175 - R:localhost/127.0.0.1:26374] for GET '/session/541e5fbff23d86bb83d3a1a7e5bf5bb4/window'
12:03:34.223 [AsyncHttpClient-1-2] DEBUG org.asynchttpclient.netty.handler.HttpHandler - 

Request DefaultFullHttpRequest(decodeResult: success, version: HTTP/1.1, content: EmptyByteBufBE)
GET /session/541e5fbff23d86bb83d3a1a7e5bf5bb4/window HTTP/1.1
User-Agent: selenium/4.6.0 (java windows)
Cache-Control: no-cache
Content-Type: application/json; charset=utf-8
host: localhost:26374
accept: */*

Response DefaultHttpResponse(decodeResult: success, version: HTTP/1.1)
HTTP/1.1 200 OK
Content-Type: application/json; charset=utf-8
cache-control: no-cache
content-length: 44

12:03:34.224 [AsyncHttpClient-1-2] DEBUG org.asynchttpclient.netty.channel.ChannelManager - Adding key: http://localhost:26374 for channel [id: 0x5e9e9eb4, L:/127.0.0.1:64175 - R:localhost/127.0.0.1:26374]
12:03:34.237 [Forwarding getAlertText on session 541e5fbff23d86bb83d3a1a7e5bf5bb4 to remote] DEBUG org.asynchttpclient.netty.request.NettyRequestSender - Using pooled Channel '[id: 0x5e9e9eb4, L:/127.0.0.1:64175 - R:localhost/127.0.0.1:26374]' for 'GET' to 'http://localhost:26374/session/541e5fbff23d86bb83d3a1a7e5bf5bb4/alert/text'
12:03:34.238 [Forwarding getAlertText on session 541e5fbff23d86bb83d3a1a7e5bf5bb4 to remote] DEBUG org.asynchttpclient.netty.request.NettyRequestSender - Using open Channel [id: 0x5e9e9eb4, L:/127.0.0.1:64175 - R:localhost/127.0.0.1:26374] for GET '/session/541e5fbff23d86bb83d3a1a7e5bf5bb4/alert/text'
12:03:34.239 [AsyncHttpClient-1-2] DEBUG org.asynchttpclient.netty.handler.HttpHandler - 

Request DefaultFullHttpRequest(decodeResult: success, version: HTTP/1.1, content: EmptyByteBufBE)
GET /session/541e5fbff23d86bb83d3a1a7e5bf5bb4/alert/text HTTP/1.1
User-Agent: selenium/4.6.0 (java windows)
Cache-Control: no-cache
Content-Type: application/json; charset=utf-8
host: localhost:26374
accept: */*

Response DefaultHttpResponse(decodeResult: success, version: HTTP/1.1)
HTTP/1.1 404 Not Found
Content-Type: application/json; charset=utf-8
cache-control: no-cache
content-length: 848

12:03:34.240 [AsyncHttpClient-1-2] DEBUG org.asynchttpclient.netty.channel.ChannelManager - Adding key: http://localhost:26374 for channel [id: 0x5e9e9eb4, L:/127.0.0.1:64175 - R:localhost/127.0.0.1:26374]
12:03:34.261 [Forwarding switchToWindow on session 541e5fbff23d86bb83d3a1a7e5bf5bb4 to remote] DEBUG org.asynchttpclient.netty.request.NettyRequestSender - Using pooled Channel '[id: 0x5e9e9eb4, L:/127.0.0.1:64175 - R:localhost/127.0.0.1:26374]' for 'POST' to 'http://localhost:26374/session/541e5fbff23d86bb83d3a1a7e5bf5bb4/window'
12:03:34.262 [Forwarding switchToWindow on session 541e5fbff23d86bb83d3a1a7e5bf5bb4 to remote] DEBUG org.asynchttpclient.netty.request.NettyRequestSender - Using open Channel [id: 0x5e9e9eb4, L:/127.0.0.1:64175 - R:localhost/127.0.0.1:26374] for POST '/session/541e5fbff23d86bb83d3a1a7e5bf5bb4/window'
12:03:34.264 [AsyncHttpClient-1-2] DEBUG org.asynchttpclient.netty.handler.HttpHandler - 

Request DefaultHttpRequest(decodeResult: success, version: HTTP/1.1)
POST /session/541e5fbff23d86bb83d3a1a7e5bf5bb4/window HTTP/1.1
User-Agent: selenium/4.6.0 (java windows)
Content-Length: 50
Content-Type: application/json; charset=utf-8
host: localhost:26374
accept: */*

Response DefaultHttpResponse(decodeResult: success, version: HTTP/1.1)
HTTP/1.1 200 OK
Content-Type: application/json; charset=utf-8
cache-control: no-cache
content-length: 14

12:03:34.264 [AsyncHttpClient-1-2] DEBUG org.asynchttpclient.netty.channel.ChannelManager - Adding key: http://localhost:26374 for channel [id: 0x5e9e9eb4, L:/127.0.0.1:64175 - R:localhost/127.0.0.1:26374]
12:03:34.265 [Forwarding getCurrentUrl on session 541e5fbff23d86bb83d3a1a7e5bf5bb4 to remote] DEBUG org.asynchttpclient.netty.request.NettyRequestSender - Using pooled Channel '[id: 0x5e9e9eb4, L:/127.0.0.1:64175 - R:localhost/127.0.0.1:26374]' for 'GET' to 'http://localhost:26374/session/541e5fbff23d86bb83d3a1a7e5bf5bb4/url'
12:03:34.265 [Forwarding getCurrentUrl on session 541e5fbff23d86bb83d3a1a7e5bf5bb4 to remote] DEBUG org.asynchttpclient.netty.request.NettyRequestSender - Using open Channel [id: 0x5e9e9eb4, L:/127.0.0.1:64175 - R:localhost/127.0.0.1:26374] for GET '/session/541e5fbff23d86bb83d3a1a7e5bf5bb4/url'
12:03:34.268 [AsyncHttpClient-1-2] DEBUG org.asynchttpclient.netty.handler.HttpHandler - 

Request DefaultFullHttpRequest(decodeResult: success, version: HTTP/1.1, content: EmptyByteBufBE)
GET /session/541e5fbff23d86bb83d3a1a7e5bf5bb4/url HTTP/1.1
User-Agent: selenium/4.6.0 (java windows)
Cache-Control: no-cache
Content-Type: application/json; charset=utf-8
host: localhost:26374
accept: */*

Response DefaultHttpResponse(decodeResult: success, version: HTTP/1.1)
HTTP/1.1 200 OK
Content-Type: application/json; charset=utf-8
cache-control: no-cache
content-length: 38

12:03:34.268 [AsyncHttpClient-1-2] DEBUG org.asynchttpclient.netty.channel.ChannelManager - Adding key: http://localhost:26374 for channel [id: 0x5e9e9eb4, L:/127.0.0.1:64175 - R:localhost/127.0.0.1:26374]
12:03:34.269 [Forwarding screenshot on session 541e5fbff23d86bb83d3a1a7e5bf5bb4 to remote] DEBUG org.asynchttpclient.netty.request.NettyRequestSender - Using pooled Channel '[id: 0x5e9e9eb4, L:/127.0.0.1:64175 - R:localhost/127.0.0.1:26374]' for 'GET' to 'http://localhost:26374/session/541e5fbff23d86bb83d3a1a7e5bf5bb4/screenshot'
12:03:34.270 [Forwarding screenshot on session 541e5fbff23d86bb83d3a1a7e5bf5bb4 to remote] DEBUG org.asynchttpclient.netty.request.NettyRequestSender - Using open Channel [id: 0x5e9e9eb4, L:/127.0.0.1:64175 - R:localhost/127.0.0.1:26374] for GET '/session/541e5fbff23d86bb83d3a1a7e5bf5bb4/screenshot'
12:03:34.463 [AsyncHttpClient-1-1] DEBUG org.asynchttpclient.netty.channel.DefaultChannelPool - Entry count for : http://localhost:64176 : 1
12:03:34.498 [AsyncHttpClient-1-2] DEBUG org.asynchttpclient.netty.handler.HttpHandler - 

Request DefaultFullHttpRequest(decodeResult: success, version: HTTP/1.1, content: EmptyByteBufBE)
GET /session/541e5fbff23d86bb83d3a1a7e5bf5bb4/screenshot HTTP/1.1
User-Agent: selenium/4.6.0 (java windows)
Cache-Control: no-cache
Content-Type: application/json; charset=utf-8
host: localhost:26374
accept: */*

Response DefaultHttpResponse(decodeResult: success, version: HTTP/1.1)
HTTP/1.1 200 OK
Content-Type: application/json; charset=utf-8
cache-control: no-cache
content-length: 698364

12:03:34.503 [AsyncHttpClient-1-2] DEBUG org.asynchttpclient.netty.channel.ChannelManager - Adding key: http://localhost:26374 for channel [id: 0x5e9e9eb4, L:/127.0.0.1:64175 - R:localhost/127.0.0.1:26374]
12:03:34.537 [Test worker] DEBUG net.serenitybdd.core.photography.Darkroom - Send negative for processing for C:\Users\Usuario\Documents\retoAutomatizacion\e2e\RetoDemoBlaze\target\site\serenity\c265d1430a6209799d315b300bde6c3d16329ba25aca6b89896ae457e44d87a0.png
12:03:34.537 [Darkroom Processing Line] DEBUG net.serenitybdd.core.photography.DarkroomProcessingLine - Processing screenshot image in /var/screenshots/screenshot-9856382592099254290
12:03:34.537 [Test worker] DEBUG net.thucydides.core.steps.StepInterceptor - STEP DONE: performAs
12:03:34.537 [Darkroom Processing Line] DEBUG net.serenitybdd.core.photography.DarkroomProcessingLine - Saving screenshot to C:\Users\Usuario\Documents\retoAutomatizacion\e2e\RetoDemoBlaze\target\site\serenity\c265d1430a6209799d315b300bde6c3d16329ba25aca6b89896ae457e44d87a0.png
12:03:34.568 [Test worker] DEBUG net.thucydides.core.steps.StepInterceptor - STEP DONE: performAs
12:03:34.731 [Forwarding getCurrentWindowHandle on session 541e5fbff23d86bb83d3a1a7e5bf5bb4 to remote] DEBUG org.asynchttpclient.netty.request.NettyRequestSender - Using pooled Channel '[id: 0x5e9e9eb4, L:/127.0.0.1:64175 - R:localhost/127.0.0.1:26374]' for 'GET' to 'http://localhost:26374/session/541e5fbff23d86bb83d3a1a7e5bf5bb4/window'
12:03:34.731 [Forwarding getCurrentWindowHandle on session 541e5fbff23d86bb83d3a1a7e5bf5bb4 to remote] DEBUG org.asynchttpclient.netty.request.NettyRequestSender - Using open Channel [id: 0x5e9e9eb4, L:/127.0.0.1:64175 - R:localhost/127.0.0.1:26374] for GET '/session/541e5fbff23d86bb83d3a1a7e5bf5bb4/window'
12:03:34.732 [AsyncHttpClient-1-2] DEBUG org.asynchttpclient.netty.handler.HttpHandler - 

Request DefaultFullHttpRequest(decodeResult: success, version: HTTP/1.1, content: EmptyByteBufBE)
GET /session/541e5fbff23d86bb83d3a1a7e5bf5bb4/window HTTP/1.1
User-Agent: selenium/4.6.0 (java windows)
Cache-Control: no-cache
Content-Type: application/json; charset=utf-8
host: localhost:26374
accept: */*

Response DefaultHttpResponse(decodeResult: success, version: HTTP/1.1)
HTTP/1.1 200 OK
Content-Type: application/json; charset=utf-8
cache-control: no-cache
content-length: 44

12:03:34.734 [AsyncHttpClient-1-2] DEBUG org.asynchttpclient.netty.channel.ChannelManager - Adding key: http://localhost:26374 for channel [id: 0x5e9e9eb4, L:/127.0.0.1:64175 - R:localhost/127.0.0.1:26374]
12:03:34.759 [Forwarding getAlertText on session 541e5fbff23d86bb83d3a1a7e5bf5bb4 to remote] DEBUG org.asynchttpclient.netty.request.NettyRequestSender - Using pooled Channel '[id: 0x5e9e9eb4, L:/127.0.0.1:64175 - R:localhost/127.0.0.1:26374]' for 'GET' to 'http://localhost:26374/session/541e5fbff23d86bb83d3a1a7e5bf5bb4/alert/text'
12:03:34.760 [Forwarding getAlertText on session 541e5fbff23d86bb83d3a1a7e5bf5bb4 to remote] DEBUG org.asynchttpclient.netty.request.NettyRequestSender - Using open Channel [id: 0x5e9e9eb4, L:/127.0.0.1:64175 - R:localhost/127.0.0.1:26374] for GET '/session/541e5fbff23d86bb83d3a1a7e5bf5bb4/alert/text'
12:03:34.763 [AsyncHttpClient-1-2] DEBUG org.asynchttpclient.netty.handler.HttpHandler - 

Request DefaultFullHttpRequest(decodeResult: success, version: HTTP/1.1, content: EmptyByteBufBE)
GET /session/541e5fbff23d86bb83d3a1a7e5bf5bb4/alert/text HTTP/1.1
User-Agent: selenium/4.6.0 (java windows)
Cache-Control: no-cache
Content-Type: application/json; charset=utf-8
host: localhost:26374
accept: */*

Response DefaultHttpResponse(decodeResult: success, version: HTTP/1.1)
HTTP/1.1 404 Not Found
Content-Type: application/json; charset=utf-8
cache-control: no-cache
content-length: 848

12:03:34.764 [AsyncHttpClient-1-2] DEBUG org.asynchttpclient.netty.channel.ChannelManager - Adding key: http://localhost:26374 for channel [id: 0x5e9e9eb4, L:/127.0.0.1:64175 - R:localhost/127.0.0.1:26374]
12:03:34.780 [Forwarding switchToWindow on session 541e5fbff23d86bb83d3a1a7e5bf5bb4 to remote] DEBUG org.asynchttpclient.netty.request.NettyRequestSender - Using pooled Channel '[id: 0x5e9e9eb4, L:/127.0.0.1:64175 - R:localhost/127.0.0.1:26374]' for 'POST' to 'http://localhost:26374/session/541e5fbff23d86bb83d3a1a7e5bf5bb4/window'
12:03:34.780 [Forwarding switchToWindow on session 541e5fbff23d86bb83d3a1a7e5bf5bb4 to remote] DEBUG org.asynchttpclient.netty.request.NettyRequestSender - Using open Channel [id: 0x5e9e9eb4, L:/127.0.0.1:64175 - R:localhost/127.0.0.1:26374] for POST '/session/541e5fbff23d86bb83d3a1a7e5bf5bb4/window'
12:03:34.782 [AsyncHttpClient-1-2] DEBUG org.asynchttpclient.netty.handler.HttpHandler - 

Request DefaultHttpRequest(decodeResult: success, version: HTTP/1.1)
POST /session/541e5fbff23d86bb83d3a1a7e5bf5bb4/window HTTP/1.1
User-Agent: selenium/4.6.0 (java windows)
Content-Length: 50
Content-Type: application/json; charset=utf-8
host: localhost:26374
accept: */*

Response DefaultHttpResponse(decodeResult: success, version: HTTP/1.1)
HTTP/1.1 200 OK
Content-Type: application/json; charset=utf-8
cache-control: no-cache
content-length: 14

12:03:34.783 [AsyncHttpClient-1-2] DEBUG org.asynchttpclient.netty.channel.ChannelManager - Adding key: http://localhost:26374 for channel [id: 0x5e9e9eb4, L:/127.0.0.1:64175 - R:localhost/127.0.0.1:26374]
12:03:34.785 [Forwarding getCurrentUrl on session 541e5fbff23d86bb83d3a1a7e5bf5bb4 to remote] DEBUG org.asynchttpclient.netty.request.NettyRequestSender - Using pooled Channel '[id: 0x5e9e9eb4, L:/127.0.0.1:64175 - R:localhost/127.0.0.1:26374]' for 'GET' to 'http://localhost:26374/session/541e5fbff23d86bb83d3a1a7e5bf5bb4/url'
12:03:34.786 [Forwarding getCurrentUrl on session 541e5fbff23d86bb83d3a1a7e5bf5bb4 to remote] DEBUG org.asynchttpclient.netty.request.NettyRequestSender - Using open Channel [id: 0x5e9e9eb4, L:/127.0.0.1:64175 - R:localhost/127.0.0.1:26374] for GET '/session/541e5fbff23d86bb83d3a1a7e5bf5bb4/url'
12:03:34.791 [AsyncHttpClient-1-2] DEBUG org.asynchttpclient.netty.handler.HttpHandler - 

Request DefaultFullHttpRequest(decodeResult: success, version: HTTP/1.1, content: EmptyByteBufBE)
GET /session/541e5fbff23d86bb83d3a1a7e5bf5bb4/url HTTP/1.1
User-Agent: selenium/4.6.0 (java windows)
Cache-Control: no-cache
Content-Type: application/json; charset=utf-8
host: localhost:26374
accept: */*

Response DefaultHttpResponse(decodeResult: success, version: HTTP/1.1)
HTTP/1.1 200 OK
Content-Type: application/json; charset=utf-8
cache-control: no-cache
content-length: 38

12:03:34.792 [AsyncHttpClient-1-2] DEBUG org.asynchttpclient.netty.channel.ChannelManager - Adding key: http://localhost:26374 for channel [id: 0x5e9e9eb4, L:/127.0.0.1:64175 - R:localhost/127.0.0.1:26374]
12:03:34.795 [Forwarding screenshot on session 541e5fbff23d86bb83d3a1a7e5bf5bb4 to remote] DEBUG org.asynchttpclient.netty.request.NettyRequestSender - Using pooled Channel '[id: 0x5e9e9eb4, L:/127.0.0.1:64175 - R:localhost/127.0.0.1:26374]' for 'GET' to 'http://localhost:26374/session/541e5fbff23d86bb83d3a1a7e5bf5bb4/screenshot'
12:03:34.795 [Forwarding screenshot on session 541e5fbff23d86bb83d3a1a7e5bf5bb4 to remote] DEBUG org.asynchttpclient.netty.request.NettyRequestSender - Using open Channel [id: 0x5e9e9eb4, L:/127.0.0.1:64175 - R:localhost/127.0.0.1:26374] for GET '/session/541e5fbff23d86bb83d3a1a7e5bf5bb4/screenshot'
12:03:35.041 [AsyncHttpClient-1-2] DEBUG org.asynchttpclient.netty.handler.HttpHandler - 

Request DefaultFullHttpRequest(decodeResult: success, version: HTTP/1.1, content: EmptyByteBufBE)
GET /session/541e5fbff23d86bb83d3a1a7e5bf5bb4/screenshot HTTP/1.1
User-Agent: selenium/4.6.0 (java windows)
Cache-Control: no-cache
Content-Type: application/json; charset=utf-8
host: localhost:26374
accept: */*

Response DefaultHttpResponse(decodeResult: success, version: HTTP/1.1)
HTTP/1.1 200 OK
Content-Type: application/json; charset=utf-8
cache-control: no-cache
content-length: 698364

12:03:35.045 [AsyncHttpClient-1-2] DEBUG org.asynchttpclient.netty.channel.ChannelManager - Adding key: http://localhost:26374 for channel [id: 0x5e9e9eb4, L:/127.0.0.1:64175 - R:localhost/127.0.0.1:26374]
12:03:35.064 [Test worker] DEBUG net.serenitybdd.core.photography.Darkroom - Send negative for processing for C:\Users\Usuario\Documents\retoAutomatizacion\e2e\RetoDemoBlaze\target\site\serenity\c265d1430a6209799d315b300bde6c3d16329ba25aca6b89896ae457e44d87a0.png
12:03:35.077 [Forwarding getPageSource on session 541e5fbff23d86bb83d3a1a7e5bf5bb4 to remote] DEBUG org.asynchttpclient.netty.request.NettyRequestSender - Using pooled Channel '[id: 0x5e9e9eb4, L:/127.0.0.1:64175 - R:localhost/127.0.0.1:26374]' for 'POST' to 'http://localhost:26374/session/541e5fbff23d86bb83d3a1a7e5bf5bb4/execute/sync'
12:03:35.077 [Forwarding getPageSource on session 541e5fbff23d86bb83d3a1a7e5bf5bb4 to remote] DEBUG org.asynchttpclient.netty.request.NettyRequestSender - Using open Channel [id: 0x5e9e9eb4, L:/127.0.0.1:64175 - R:localhost/127.0.0.1:26374] for POST '/session/541e5fbff23d86bb83d3a1a7e5bf5bb4/execute/sync'
12:03:35.088 [AsyncHttpClient-1-2] DEBUG org.asynchttpclient.netty.handler.HttpHandler - 

Request DefaultHttpRequest(decodeResult: success, version: HTTP/1.1)
POST /session/541e5fbff23d86bb83d3a1a7e5bf5bb4/execute/sync HTTP/1.1
User-Agent: selenium/4.6.0 (java windows)
Content-Length: 176
Content-Type: application/json; charset=utf-8
host: localhost:26374
accept: */*

Response DefaultHttpResponse(decodeResult: success, version: HTTP/1.1)
HTTP/1.1 200 OK
Content-Type: application/json; charset=utf-8
cache-control: no-cache
content-length: 57581

12:03:35.088 [AsyncHttpClient-1-2] DEBUG org.asynchttpclient.netty.channel.ChannelManager - Adding key: http://localhost:26374 for channel [id: 0x5e9e9eb4, L:/127.0.0.1:64175 - R:localhost/127.0.0.1:26374]
12:03:35.121 [Forwarding getCurrentUrl on session 541e5fbff23d86bb83d3a1a7e5bf5bb4 to remote] DEBUG org.asynchttpclient.netty.request.NettyRequestSender - Using pooled Channel '[id: 0x5e9e9eb4, L:/127.0.0.1:64175 - R:localhost/127.0.0.1:26374]' for 'GET' to 'http://localhost:26374/session/541e5fbff23d86bb83d3a1a7e5bf5bb4/url'
12:03:35.121 [Forwarding getCurrentUrl on session 541e5fbff23d86bb83d3a1a7e5bf5bb4 to remote] DEBUG org.asynchttpclient.netty.request.NettyRequestSender - Using open Channel [id: 0x5e9e9eb4, L:/127.0.0.1:64175 - R:localhost/127.0.0.1:26374] for GET '/session/541e5fbff23d86bb83d3a1a7e5bf5bb4/url'
12:03:35.126 [AsyncHttpClient-1-2] DEBUG org.asynchttpclient.netty.handler.HttpHandler - 

Request DefaultFullHttpRequest(decodeResult: success, version: HTTP/1.1, content: EmptyByteBufBE)
GET /session/541e5fbff23d86bb83d3a1a7e5bf5bb4/url HTTP/1.1
User-Agent: selenium/4.6.0 (java windows)
Cache-Control: no-cache
Content-Type: application/json; charset=utf-8
host: localhost:26374
accept: */*

Response DefaultHttpResponse(decodeResult: success, version: HTTP/1.1)
HTTP/1.1 200 OK
Content-Type: application/json; charset=utf-8
cache-control: no-cache
content-length: 38

12:03:35.126 [AsyncHttpClient-1-2] DEBUG org.asynchttpclient.netty.channel.ChannelManager - Adding key: http://localhost:26374 for channel [id: 0x5e9e9eb4, L:/127.0.0.1:64175 - R:localhost/127.0.0.1:26374]
12:03:35.191 [Test worker] DEBUG net.serenitybdd.screenplay.targets.IFrameSwitcher - default content already selected for CATEGORIES
12:03:35.202 [Forwarding findElements on session 541e5fbff23d86bb83d3a1a7e5bf5bb4 to remote] DEBUG org.asynchttpclient.netty.request.NettyRequestSender - Using pooled Channel '[id: 0x5e9e9eb4, L:/127.0.0.1:64175 - R:localhost/127.0.0.1:26374]' for 'POST' to 'http://localhost:26374/session/541e5fbff23d86bb83d3a1a7e5bf5bb4/elements'
12:03:35.203 [Forwarding findElements on session 541e5fbff23d86bb83d3a1a7e5bf5bb4 to remote] DEBUG org.asynchttpclient.netty.request.NettyRequestSender - Using open Channel [id: 0x5e9e9eb4, L:/127.0.0.1:64175 - R:localhost/127.0.0.1:26374] for POST '/session/541e5fbff23d86bb83d3a1a7e5bf5bb4/elements'
12:03:35.211 [AsyncHttpClient-1-2] DEBUG org.asynchttpclient.netty.handler.HttpHandler - 

Request DefaultHttpRequest(decodeResult: success, version: HTTP/1.1)
POST /session/541e5fbff23d86bb83d3a1a7e5bf5bb4/elements HTTP/1.1
User-Agent: selenium/4.6.0 (java windows)
Content-Length: 48
Content-Type: application/json; charset=utf-8
host: localhost:26374
accept: */*

Response DefaultHttpResponse(decodeResult: success, version: HTTP/1.1)
HTTP/1.1 200 OK
Content-Type: application/json; charset=utf-8
cache-control: no-cache
content-length: 97

12:03:35.212 [AsyncHttpClient-1-2] DEBUG org.asynchttpclient.netty.channel.ChannelManager - Adding key: http://localhost:26374 for channel [id: 0x5e9e9eb4, L:/127.0.0.1:64175 - R:localhost/127.0.0.1:26374]
12:03:35.253 [Forwarding getElementText on session 541e5fbff23d86bb83d3a1a7e5bf5bb4 to remote] DEBUG org.asynchttpclient.netty.request.NettyRequestSender - Using pooled Channel '[id: 0x5e9e9eb4, L:/127.0.0.1:64175 - R:localhost/127.0.0.1:26374]' for 'GET' to 'http://localhost:26374/session/541e5fbff23d86bb83d3a1a7e5bf5bb4/element/4F1249A60E92E9151E27D39C314C0246_element_27/text'
12:03:35.253 [Forwarding getElementText on session 541e5fbff23d86bb83d3a1a7e5bf5bb4 to remote] DEBUG org.asynchttpclient.netty.request.NettyRequestSender - Using open Channel [id: 0x5e9e9eb4, L:/127.0.0.1:64175 - R:localhost/127.0.0.1:26374] for GET '/session/541e5fbff23d86bb83d3a1a7e5bf5bb4/element/4F1249A60E92E9151E27D39C314C0246_element_27/text'
12:03:35.266 [AsyncHttpClient-1-2] DEBUG org.asynchttpclient.netty.handler.HttpHandler - 

Request DefaultFullHttpRequest(decodeResult: success, version: HTTP/1.1, content: EmptyByteBufBE)
GET /session/541e5fbff23d86bb83d3a1a7e5bf5bb4/element/4F1249A60E92E9151E27D39C314C0246_element_27/text HTTP/1.1
User-Agent: selenium/4.6.0 (java windows)
Cache-Control: no-cache
Content-Type: application/json; charset=utf-8
host: localhost:26374
accept: */*

Response DefaultHttpResponse(decodeResult: success, version: HTTP/1.1)
HTTP/1.1 200 OK
Content-Type: application/json; charset=utf-8
cache-control: no-cache
content-length: 22

12:03:35.266 [AsyncHttpClient-1-2] DEBUG org.asynchttpclient.netty.channel.ChannelManager - Adding key: http://localhost:26374 for channel [id: 0x5e9e9eb4, L:/127.0.0.1:64175 - R:localhost/127.0.0.1:26374]
12:03:35.325 [Forwarding getCurrentWindowHandle on session 541e5fbff23d86bb83d3a1a7e5bf5bb4 to remote] DEBUG org.asynchttpclient.netty.request.NettyRequestSender - Using pooled Channel '[id: 0x5e9e9eb4, L:/127.0.0.1:64175 - R:localhost/127.0.0.1:26374]' for 'GET' to 'http://localhost:26374/session/541e5fbff23d86bb83d3a1a7e5bf5bb4/window'
12:03:35.326 [Forwarding getCurrentWindowHandle on session 541e5fbff23d86bb83d3a1a7e5bf5bb4 to remote] DEBUG org.asynchttpclient.netty.request.NettyRequestSender - Using open Channel [id: 0x5e9e9eb4, L:/127.0.0.1:64175 - R:localhost/127.0.0.1:26374] for GET '/session/541e5fbff23d86bb83d3a1a7e5bf5bb4/window'
12:03:35.327 [AsyncHttpClient-1-2] DEBUG org.asynchttpclient.netty.handler.HttpHandler - 

Request DefaultFullHttpRequest(decodeResult: success, version: HTTP/1.1, content: EmptyByteBufBE)
GET /session/541e5fbff23d86bb83d3a1a7e5bf5bb4/window HTTP/1.1
User-Agent: selenium/4.6.0 (java windows)
Cache-Control: no-cache
Content-Type: application/json; charset=utf-8
host: localhost:26374
accept: */*

Response DefaultHttpResponse(decodeResult: success, version: HTTP/1.1)
HTTP/1.1 200 OK
Content-Type: application/json; charset=utf-8
cache-control: no-cache
content-length: 44

12:03:35.327 [AsyncHttpClient-1-2] DEBUG org.asynchttpclient.netty.channel.ChannelManager - Adding key: http://localhost:26374 for channel [id: 0x5e9e9eb4, L:/127.0.0.1:64175 - R:localhost/127.0.0.1:26374]
12:03:35.351 [Forwarding getAlertText on session 541e5fbff23d86bb83d3a1a7e5bf5bb4 to remote] DEBUG org.asynchttpclient.netty.request.NettyRequestSender - Using pooled Channel '[id: 0x5e9e9eb4, L:/127.0.0.1:64175 - R:localhost/127.0.0.1:26374]' for 'GET' to 'http://localhost:26374/session/541e5fbff23d86bb83d3a1a7e5bf5bb4/alert/text'
12:03:35.352 [Forwarding getAlertText on session 541e5fbff23d86bb83d3a1a7e5bf5bb4 to remote] DEBUG org.asynchttpclient.netty.request.NettyRequestSender - Using open Channel [id: 0x5e9e9eb4, L:/127.0.0.1:64175 - R:localhost/127.0.0.1:26374] for GET '/session/541e5fbff23d86bb83d3a1a7e5bf5bb4/alert/text'
12:03:35.355 [AsyncHttpClient-1-2] DEBUG org.asynchttpclient.netty.handler.HttpHandler - 

Request DefaultFullHttpRequest(decodeResult: success, version: HTTP/1.1, content: EmptyByteBufBE)
GET /session/541e5fbff23d86bb83d3a1a7e5bf5bb4/alert/text HTTP/1.1
User-Agent: selenium/4.6.0 (java windows)
Cache-Control: no-cache
Content-Type: application/json; charset=utf-8
host: localhost:26374
accept: */*

Response DefaultHttpResponse(decodeResult: success, version: HTTP/1.1)
HTTP/1.1 404 Not Found
Content-Type: application/json; charset=utf-8
cache-control: no-cache
content-length: 848

12:03:35.355 [AsyncHttpClient-1-2] DEBUG org.asynchttpclient.netty.channel.ChannelManager - Adding key: http://localhost:26374 for channel [id: 0x5e9e9eb4, L:/127.0.0.1:64175 - R:localhost/127.0.0.1:26374]
12:03:35.368 [Forwarding switchToWindow on session 541e5fbff23d86bb83d3a1a7e5bf5bb4 to remote] DEBUG org.asynchttpclient.netty.request.NettyRequestSender - Using pooled Channel '[id: 0x5e9e9eb4, L:/127.0.0.1:64175 - R:localhost/127.0.0.1:26374]' for 'POST' to 'http://localhost:26374/session/541e5fbff23d86bb83d3a1a7e5bf5bb4/window'
12:03:35.369 [Forwarding switchToWindow on session 541e5fbff23d86bb83d3a1a7e5bf5bb4 to remote] DEBUG org.asynchttpclient.netty.request.NettyRequestSender - Using open Channel [id: 0x5e9e9eb4, L:/127.0.0.1:64175 - R:localhost/127.0.0.1:26374] for POST '/session/541e5fbff23d86bb83d3a1a7e5bf5bb4/window'
12:03:35.371 [AsyncHttpClient-1-2] DEBUG org.asynchttpclient.netty.handler.HttpHandler - 

Request DefaultHttpRequest(decodeResult: success, version: HTTP/1.1)
POST /session/541e5fbff23d86bb83d3a1a7e5bf5bb4/window HTTP/1.1
User-Agent: selenium/4.6.0 (java windows)
Content-Length: 50
Content-Type: application/json; charset=utf-8
host: localhost:26374
accept: */*

Response DefaultHttpResponse(decodeResult: success, version: HTTP/1.1)
HTTP/1.1 200 OK
Content-Type: application/json; charset=utf-8
cache-control: no-cache
content-length: 14

12:03:35.372 [AsyncHttpClient-1-2] DEBUG org.asynchttpclient.netty.channel.ChannelManager - Adding key: http://localhost:26374 for channel [id: 0x5e9e9eb4, L:/127.0.0.1:64175 - R:localhost/127.0.0.1:26374]
12:03:35.372 [Forwarding getCurrentUrl on session 541e5fbff23d86bb83d3a1a7e5bf5bb4 to remote] DEBUG org.asynchttpclient.netty.request.NettyRequestSender - Using pooled Channel '[id: 0x5e9e9eb4, L:/127.0.0.1:64175 - R:localhost/127.0.0.1:26374]' for 'GET' to 'http://localhost:26374/session/541e5fbff23d86bb83d3a1a7e5bf5bb4/url'
12:03:35.372 [Forwarding getCurrentUrl on session 541e5fbff23d86bb83d3a1a7e5bf5bb4 to remote] DEBUG org.asynchttpclient.netty.request.NettyRequestSender - Using open Channel [id: 0x5e9e9eb4, L:/127.0.0.1:64175 - R:localhost/127.0.0.1:26374] for GET '/session/541e5fbff23d86bb83d3a1a7e5bf5bb4/url'
12:03:35.376 [AsyncHttpClient-1-2] DEBUG org.asynchttpclient.netty.handler.HttpHandler - 

Request DefaultFullHttpRequest(decodeResult: success, version: HTTP/1.1, content: EmptyByteBufBE)
GET /session/541e5fbff23d86bb83d3a1a7e5bf5bb4/url HTTP/1.1
User-Agent: selenium/4.6.0 (java windows)
Cache-Control: no-cache
Content-Type: application/json; charset=utf-8
host: localhost:26374
accept: */*

Response DefaultHttpResponse(decodeResult: success, version: HTTP/1.1)
HTTP/1.1 200 OK
Content-Type: application/json; charset=utf-8
cache-control: no-cache
content-length: 38

12:03:35.377 [AsyncHttpClient-1-2] DEBUG org.asynchttpclient.netty.channel.ChannelManager - Adding key: http://localhost:26374 for channel [id: 0x5e9e9eb4, L:/127.0.0.1:64175 - R:localhost/127.0.0.1:26374]
12:03:35.378 [Forwarding screenshot on session 541e5fbff23d86bb83d3a1a7e5bf5bb4 to remote] DEBUG org.asynchttpclient.netty.request.NettyRequestSender - Using pooled Channel '[id: 0x5e9e9eb4, L:/127.0.0.1:64175 - R:localhost/127.0.0.1:26374]' for 'GET' to 'http://localhost:26374/session/541e5fbff23d86bb83d3a1a7e5bf5bb4/screenshot'
12:03:35.378 [Forwarding screenshot on session 541e5fbff23d86bb83d3a1a7e5bf5bb4 to remote] DEBUG org.asynchttpclient.netty.request.NettyRequestSender - Using open Channel [id: 0x5e9e9eb4, L:/127.0.0.1:64175 - R:localhost/127.0.0.1:26374] for GET '/session/541e5fbff23d86bb83d3a1a7e5bf5bb4/screenshot'
12:03:35.566 [AsyncHttpClient-1-1] DEBUG org.asynchttpclient.netty.channel.DefaultChannelPool - Entry count for : http://localhost:64176 : 1
12:03:35.625 [AsyncHttpClient-1-2] DEBUG org.asynchttpclient.netty.handler.HttpHandler - 

Request DefaultFullHttpRequest(decodeResult: success, version: HTTP/1.1, content: EmptyByteBufBE)
GET /session/541e5fbff23d86bb83d3a1a7e5bf5bb4/screenshot HTTP/1.1
User-Agent: selenium/4.6.0 (java windows)
Cache-Control: no-cache
Content-Type: application/json; charset=utf-8
host: localhost:26374
accept: */*

Response DefaultHttpResponse(decodeResult: success, version: HTTP/1.1)
HTTP/1.1 200 OK
Content-Type: application/json; charset=utf-8
cache-control: no-cache
content-length: 698364

12:03:35.630 [AsyncHttpClient-1-2] DEBUG org.asynchttpclient.netty.channel.ChannelManager - Adding key: http://localhost:26374 for channel [id: 0x5e9e9eb4, L:/127.0.0.1:64175 - R:localhost/127.0.0.1:26374]
12:03:35.644 [Test worker] DEBUG net.serenitybdd.core.photography.Darkroom - Send negative for processing for C:\Users\Usuario\Documents\retoAutomatizacion\e2e\RetoDemoBlaze\target\site\serenity\c265d1430a6209799d315b300bde6c3d16329ba25aca6b89896ae457e44d87a0.png
12:03:35.689 [Forwarding getPageSource on session 541e5fbff23d86bb83d3a1a7e5bf5bb4 to remote] DEBUG org.asynchttpclient.netty.request.NettyRequestSender - Using pooled Channel '[id: 0x5e9e9eb4, L:/127.0.0.1:64175 - R:localhost/127.0.0.1:26374]' for 'POST' to 'http://localhost:26374/session/541e5fbff23d86bb83d3a1a7e5bf5bb4/execute/sync'
12:03:35.689 [Forwarding getPageSource on session 541e5fbff23d86bb83d3a1a7e5bf5bb4 to remote] DEBUG org.asynchttpclient.netty.request.NettyRequestSender - Using open Channel [id: 0x5e9e9eb4, L:/127.0.0.1:64175 - R:localhost/127.0.0.1:26374] for POST '/session/541e5fbff23d86bb83d3a1a7e5bf5bb4/execute/sync'
12:03:35.701 [AsyncHttpClient-1-2] DEBUG org.asynchttpclient.netty.handler.HttpHandler - 

Request DefaultHttpRequest(decodeResult: success, version: HTTP/1.1)
POST /session/541e5fbff23d86bb83d3a1a7e5bf5bb4/execute/sync HTTP/1.1
User-Agent: selenium/4.6.0 (java windows)
Content-Length: 176
Content-Type: application/json; charset=utf-8
host: localhost:26374
accept: */*

Response DefaultHttpResponse(decodeResult: success, version: HTTP/1.1)
HTTP/1.1 200 OK
Content-Type: application/json; charset=utf-8
cache-control: no-cache
content-length: 57581

12:03:35.702 [AsyncHttpClient-1-2] DEBUG org.asynchttpclient.netty.channel.ChannelManager - Adding key: http://localhost:26374 for channel [id: 0x5e9e9eb4, L:/127.0.0.1:64175 - R:localhost/127.0.0.1:26374]
12:03:35.713 [Forwarding getCurrentUrl on session 541e5fbff23d86bb83d3a1a7e5bf5bb4 to remote] DEBUG org.asynchttpclient.netty.request.NettyRequestSender - Using pooled Channel '[id: 0x5e9e9eb4, L:/127.0.0.1:64175 - R:localhost/127.0.0.1:26374]' for 'GET' to 'http://localhost:26374/session/541e5fbff23d86bb83d3a1a7e5bf5bb4/url'
12:03:35.714 [Forwarding getCurrentUrl on session 541e5fbff23d86bb83d3a1a7e5bf5bb4 to remote] DEBUG org.asynchttpclient.netty.request.NettyRequestSender - Using open Channel [id: 0x5e9e9eb4, L:/127.0.0.1:64175 - R:localhost/127.0.0.1:26374] for GET '/session/541e5fbff23d86bb83d3a1a7e5bf5bb4/url'
12:03:35.719 [AsyncHttpClient-1-2] DEBUG org.asynchttpclient.netty.handler.HttpHandler - 

Request DefaultFullHttpRequest(decodeResult: success, version: HTTP/1.1, content: EmptyByteBufBE)
GET /session/541e5fbff23d86bb83d3a1a7e5bf5bb4/url HTTP/1.1
User-Agent: selenium/4.6.0 (java windows)
Cache-Control: no-cache
Content-Type: application/json; charset=utf-8
host: localhost:26374
accept: */*

Response DefaultHttpResponse(decodeResult: success, version: HTTP/1.1)
HTTP/1.1 200 OK
Content-Type: application/json; charset=utf-8
cache-control: no-cache
content-length: 38

12:03:35.720 [AsyncHttpClient-1-2] DEBUG org.asynchttpclient.netty.channel.ChannelManager - Adding key: http://localhost:26374 for channel [id: 0x5e9e9eb4, L:/127.0.0.1:64175 - R:localhost/127.0.0.1:26374]
12:03:35.722 [Test worker] DEBUG net.thucydides.core.steps.StepInterceptor - STARTING STEP: demoBlazeStepDefinition.queSoyUnUsuarioRegistradoEnDemoblaze - performAs
12:03:35.833 [Forwarding getCurrentWindowHandle on session 541e5fbff23d86bb83d3a1a7e5bf5bb4 to remote] DEBUG org.asynchttpclient.netty.request.NettyRequestSender - Using pooled Channel '[id: 0x5e9e9eb4, L:/127.0.0.1:64175 - R:localhost/127.0.0.1:26374]' for 'GET' to 'http://localhost:26374/session/541e5fbff23d86bb83d3a1a7e5bf5bb4/window'
12:03:35.833 [Forwarding getCurrentWindowHandle on session 541e5fbff23d86bb83d3a1a7e5bf5bb4 to remote] DEBUG org.asynchttpclient.netty.request.NettyRequestSender - Using open Channel [id: 0x5e9e9eb4, L:/127.0.0.1:64175 - R:localhost/127.0.0.1:26374] for GET '/session/541e5fbff23d86bb83d3a1a7e5bf5bb4/window'
12:03:35.834 [AsyncHttpClient-1-2] DEBUG org.asynchttpclient.netty.handler.HttpHandler - 

Request DefaultFullHttpRequest(decodeResult: success, version: HTTP/1.1, content: EmptyByteBufBE)
GET /session/541e5fbff23d86bb83d3a1a7e5bf5bb4/window HTTP/1.1
User-Agent: selenium/4.6.0 (java windows)
Cache-Control: no-cache
Content-Type: application/json; charset=utf-8
host: localhost:26374
accept: */*

Response DefaultHttpResponse(decodeResult: success, version: HTTP/1.1)
HTTP/1.1 200 OK
Content-Type: application/json; charset=utf-8
cache-control: no-cache
content-length: 44

12:03:35.834 [AsyncHttpClient-1-2] DEBUG org.asynchttpclient.netty.channel.ChannelManager - Adding key: http://localhost:26374 for channel [id: 0x5e9e9eb4, L:/127.0.0.1:64175 - R:localhost/127.0.0.1:26374]
12:03:35.849 [Forwarding getAlertText on session 541e5fbff23d86bb83d3a1a7e5bf5bb4 to remote] DEBUG org.asynchttpclient.netty.request.NettyRequestSender - Using pooled Channel '[id: 0x5e9e9eb4, L:/127.0.0.1:64175 - R:localhost/127.0.0.1:26374]' for 'GET' to 'http://localhost:26374/session/541e5fbff23d86bb83d3a1a7e5bf5bb4/alert/text'
12:03:35.849 [Forwarding getAlertText on session 541e5fbff23d86bb83d3a1a7e5bf5bb4 to remote] DEBUG org.asynchttpclient.netty.request.NettyRequestSender - Using open Channel [id: 0x5e9e9eb4, L:/127.0.0.1:64175 - R:localhost/127.0.0.1:26374] for GET '/session/541e5fbff23d86bb83d3a1a7e5bf5bb4/alert/text'
12:03:35.851 [AsyncHttpClient-1-2] DEBUG org.asynchttpclient.netty.handler.HttpHandler - 

Request DefaultFullHttpRequest(decodeResult: success, version: HTTP/1.1, content: EmptyByteBufBE)
GET /session/541e5fbff23d86bb83d3a1a7e5bf5bb4/alert/text HTTP/1.1
User-Agent: selenium/4.6.0 (java windows)
Cache-Control: no-cache
Content-Type: application/json; charset=utf-8
host: localhost:26374
accept: */*

Response DefaultHttpResponse(decodeResult: success, version: HTTP/1.1)
HTTP/1.1 404 Not Found
Content-Type: application/json; charset=utf-8
cache-control: no-cache
content-length: 848

12:03:35.851 [AsyncHttpClient-1-2] DEBUG org.asynchttpclient.netty.channel.ChannelManager - Adding key: http://localhost:26374 for channel [id: 0x5e9e9eb4, L:/127.0.0.1:64175 - R:localhost/127.0.0.1:26374]
12:03:35.862 [Forwarding switchToWindow on session 541e5fbff23d86bb83d3a1a7e5bf5bb4 to remote] DEBUG org.asynchttpclient.netty.request.NettyRequestSender - Using pooled Channel '[id: 0x5e9e9eb4, L:/127.0.0.1:64175 - R:localhost/127.0.0.1:26374]' for 'POST' to 'http://localhost:26374/session/541e5fbff23d86bb83d3a1a7e5bf5bb4/window'
12:03:35.862 [Forwarding switchToWindow on session 541e5fbff23d86bb83d3a1a7e5bf5bb4 to remote] DEBUG org.asynchttpclient.netty.request.NettyRequestSender - Using open Channel [id: 0x5e9e9eb4, L:/127.0.0.1:64175 - R:localhost/127.0.0.1:26374] for POST '/session/541e5fbff23d86bb83d3a1a7e5bf5bb4/window'
12:03:35.864 [AsyncHttpClient-1-2] DEBUG org.asynchttpclient.netty.handler.HttpHandler - 

Request DefaultHttpRequest(decodeResult: success, version: HTTP/1.1)
POST /session/541e5fbff23d86bb83d3a1a7e5bf5bb4/window HTTP/1.1
User-Agent: selenium/4.6.0 (java windows)
Content-Length: 50
Content-Type: application/json; charset=utf-8
host: localhost:26374
accept: */*

Response DefaultHttpResponse(decodeResult: success, version: HTTP/1.1)
HTTP/1.1 200 OK
Content-Type: application/json; charset=utf-8
cache-control: no-cache
content-length: 14

12:03:35.864 [AsyncHttpClient-1-2] DEBUG org.asynchttpclient.netty.channel.ChannelManager - Adding key: http://localhost:26374 for channel [id: 0x5e9e9eb4, L:/127.0.0.1:64175 - R:localhost/127.0.0.1:26374]
12:03:35.865 [Forwarding getCurrentUrl on session 541e5fbff23d86bb83d3a1a7e5bf5bb4 to remote] DEBUG org.asynchttpclient.netty.request.NettyRequestSender - Using pooled Channel '[id: 0x5e9e9eb4, L:/127.0.0.1:64175 - R:localhost/127.0.0.1:26374]' for 'GET' to 'http://localhost:26374/session/541e5fbff23d86bb83d3a1a7e5bf5bb4/url'
12:03:35.866 [Forwarding getCurrentUrl on session 541e5fbff23d86bb83d3a1a7e5bf5bb4 to remote] DEBUG org.asynchttpclient.netty.request.NettyRequestSender - Using open Channel [id: 0x5e9e9eb4, L:/127.0.0.1:64175 - R:localhost/127.0.0.1:26374] for GET '/session/541e5fbff23d86bb83d3a1a7e5bf5bb4/url'
12:03:35.870 [AsyncHttpClient-1-2] DEBUG org.asynchttpclient.netty.handler.HttpHandler - 

Request DefaultFullHttpRequest(decodeResult: success, version: HTTP/1.1, content: EmptyByteBufBE)
GET /session/541e5fbff23d86bb83d3a1a7e5bf5bb4/url HTTP/1.1
User-Agent: selenium/4.6.0 (java windows)
Cache-Control: no-cache
Content-Type: application/json; charset=utf-8
host: localhost:26374
accept: */*

Response DefaultHttpResponse(decodeResult: success, version: HTTP/1.1)
HTTP/1.1 200 OK
Content-Type: application/json; charset=utf-8
cache-control: no-cache
content-length: 38

12:03:35.871 [AsyncHttpClient-1-2] DEBUG org.asynchttpclient.netty.channel.ChannelManager - Adding key: http://localhost:26374 for channel [id: 0x5e9e9eb4, L:/127.0.0.1:64175 - R:localhost/127.0.0.1:26374]
12:03:35.872 [Forwarding screenshot on session 541e5fbff23d86bb83d3a1a7e5bf5bb4 to remote] DEBUG org.asynchttpclient.netty.request.NettyRequestSender - Using pooled Channel '[id: 0x5e9e9eb4, L:/127.0.0.1:64175 - R:localhost/127.0.0.1:26374]' for 'GET' to 'http://localhost:26374/session/541e5fbff23d86bb83d3a1a7e5bf5bb4/screenshot'
12:03:35.872 [Forwarding screenshot on session 541e5fbff23d86bb83d3a1a7e5bf5bb4 to remote] DEBUG org.asynchttpclient.netty.request.NettyRequestSender - Using open Channel [id: 0x5e9e9eb4, L:/127.0.0.1:64175 - R:localhost/127.0.0.1:26374] for GET '/session/541e5fbff23d86bb83d3a1a7e5bf5bb4/screenshot'
12:03:36.106 [AsyncHttpClient-1-2] DEBUG org.asynchttpclient.netty.handler.HttpHandler - 

Request DefaultFullHttpRequest(decodeResult: success, version: HTTP/1.1, content: EmptyByteBufBE)
GET /session/541e5fbff23d86bb83d3a1a7e5bf5bb4/screenshot HTTP/1.1
User-Agent: selenium/4.6.0 (java windows)
Cache-Control: no-cache
Content-Type: application/json; charset=utf-8
host: localhost:26374
accept: */*

Response DefaultHttpResponse(decodeResult: success, version: HTTP/1.1)
HTTP/1.1 200 OK
Content-Type: application/json; charset=utf-8
cache-control: no-cache
content-length: 698364

12:03:36.108 [AsyncHttpClient-1-2] DEBUG org.asynchttpclient.netty.channel.ChannelManager - Adding key: http://localhost:26374 for channel [id: 0x5e9e9eb4, L:/127.0.0.1:64175 - R:localhost/127.0.0.1:26374]
12:03:36.121 [Test worker] DEBUG net.serenitybdd.core.photography.Darkroom - Send negative for processing for C:\Users\Usuario\Documents\retoAutomatizacion\e2e\RetoDemoBlaze\target\site\serenity\c265d1430a6209799d315b300bde6c3d16329ba25aca6b89896ae457e44d87a0.png
12:03:36.130 [Forwarding getPageSource on session 541e5fbff23d86bb83d3a1a7e5bf5bb4 to remote] DEBUG org.asynchttpclient.netty.request.NettyRequestSender - Using pooled Channel '[id: 0x5e9e9eb4, L:/127.0.0.1:64175 - R:localhost/127.0.0.1:26374]' for 'POST' to 'http://localhost:26374/session/541e5fbff23d86bb83d3a1a7e5bf5bb4/execute/sync'
12:03:36.130 [Forwarding getPageSource on session 541e5fbff23d86bb83d3a1a7e5bf5bb4 to remote] DEBUG org.asynchttpclient.netty.request.NettyRequestSender - Using open Channel [id: 0x5e9e9eb4, L:/127.0.0.1:64175 - R:localhost/127.0.0.1:26374] for POST '/session/541e5fbff23d86bb83d3a1a7e5bf5bb4/execute/sync'
12:03:36.139 [AsyncHttpClient-1-2] DEBUG org.asynchttpclient.netty.handler.HttpHandler - 

Request DefaultHttpRequest(decodeResult: success, version: HTTP/1.1)
POST /session/541e5fbff23d86bb83d3a1a7e5bf5bb4/execute/sync HTTP/1.1
User-Agent: selenium/4.6.0 (java windows)
Content-Length: 176
Content-Type: application/json; charset=utf-8
host: localhost:26374
accept: */*

Response DefaultHttpResponse(decodeResult: success, version: HTTP/1.1)
HTTP/1.1 200 OK
Content-Type: application/json; charset=utf-8
cache-control: no-cache
content-length: 57581

12:03:36.140 [AsyncHttpClient-1-2] DEBUG org.asynchttpclient.netty.channel.ChannelManager - Adding key: http://localhost:26374 for channel [id: 0x5e9e9eb4, L:/127.0.0.1:64175 - R:localhost/127.0.0.1:26374]
12:03:36.163 [Forwarding getCurrentUrl on session 541e5fbff23d86bb83d3a1a7e5bf5bb4 to remote] DEBUG org.asynchttpclient.netty.request.NettyRequestSender - Using pooled Channel '[id: 0x5e9e9eb4, L:/127.0.0.1:64175 - R:localhost/127.0.0.1:26374]' for 'GET' to 'http://localhost:26374/session/541e5fbff23d86bb83d3a1a7e5bf5bb4/url'
12:03:36.163 [Forwarding getCurrentUrl on session 541e5fbff23d86bb83d3a1a7e5bf5bb4 to remote] DEBUG org.asynchttpclient.netty.request.NettyRequestSender - Using open Channel [id: 0x5e9e9eb4, L:/127.0.0.1:64175 - R:localhost/127.0.0.1:26374] for GET '/session/541e5fbff23d86bb83d3a1a7e5bf5bb4/url'
12:03:36.168 [AsyncHttpClient-1-2] DEBUG org.asynchttpclient.netty.handler.HttpHandler - 

Request DefaultFullHttpRequest(decodeResult: success, version: HTTP/1.1, content: EmptyByteBufBE)
GET /session/541e5fbff23d86bb83d3a1a7e5bf5bb4/url HTTP/1.1
User-Agent: selenium/4.6.0 (java windows)
Cache-Control: no-cache
Content-Type: application/json; charset=utf-8
host: localhost:26374
accept: */*

Response DefaultHttpResponse(decodeResult: success, version: HTTP/1.1)
HTTP/1.1 200 OK
Content-Type: application/json; charset=utf-8
cache-control: no-cache
content-length: 38

12:03:36.168 [AsyncHttpClient-1-2] DEBUG org.asynchttpclient.netty.channel.ChannelManager - Adding key: http://localhost:26374 for channel [id: 0x5e9e9eb4, L:/127.0.0.1:64175 - R:localhost/127.0.0.1:26374]
12:03:36.171 [Test worker] DEBUG net.thucydides.core.steps.StepInterceptor - STARTING STEP: Login.performAs - {0} clicks on #target
12:03:36.172 [Test worker] DEBUG net.serenitybdd.screenplay.targets.IFrameSwitcher - default content already selected for Log in
12:03:36.256 [Forwarding findElement on session 541e5fbff23d86bb83d3a1a7e5bf5bb4 to remote] DEBUG org.asynchttpclient.netty.request.NettyRequestSender - Using pooled Channel '[id: 0x5e9e9eb4, L:/127.0.0.1:64175 - R:localhost/127.0.0.1:26374]' for 'POST' to 'http://localhost:26374/session/541e5fbff23d86bb83d3a1a7e5bf5bb4/element'
12:03:36.256 [Forwarding findElement on session 541e5fbff23d86bb83d3a1a7e5bf5bb4 to remote] DEBUG org.asynchttpclient.netty.request.NettyRequestSender - Using open Channel [id: 0x5e9e9eb4, L:/127.0.0.1:64175 - R:localhost/127.0.0.1:26374] for POST '/session/541e5fbff23d86bb83d3a1a7e5bf5bb4/element'
12:03:36.267 [AsyncHttpClient-1-2] DEBUG org.asynchttpclient.netty.handler.HttpHandler - 

Request DefaultHttpRequest(decodeResult: success, version: HTTP/1.1)
POST /session/541e5fbff23d86bb83d3a1a7e5bf5bb4/element HTTP/1.1
User-Agent: selenium/4.6.0 (java windows)
Content-Length: 51
Content-Type: application/json; charset=utf-8
host: localhost:26374
accept: */*

Response DefaultHttpResponse(decodeResult: success, version: HTTP/1.1)
HTTP/1.1 200 OK
Content-Type: application/json; charset=utf-8
cache-control: no-cache
content-length: 95

12:03:36.267 [AsyncHttpClient-1-2] DEBUG org.asynchttpclient.netty.channel.ChannelManager - Adding key: http://localhost:26374 for channel [id: 0x5e9e9eb4, L:/127.0.0.1:64175 - R:localhost/127.0.0.1:26374]
12:03:36.282 [Forwarding isElementDisplayed on session 541e5fbff23d86bb83d3a1a7e5bf5bb4 to remote] DEBUG org.asynchttpclient.netty.request.NettyRequestSender - Using pooled Channel '[id: 0x5e9e9eb4, L:/127.0.0.1:64175 - R:localhost/127.0.0.1:26374]' for 'POST' to 'http://localhost:26374/session/541e5fbff23d86bb83d3a1a7e5bf5bb4/execute/sync'
12:03:36.282 [Forwarding isElementDisplayed on session 541e5fbff23d86bb83d3a1a7e5bf5bb4 to remote] DEBUG org.asynchttpclient.netty.request.NettyRequestSender - Using open Channel [id: 0x5e9e9eb4, L:/127.0.0.1:64175 - R:localhost/127.0.0.1:26374] for POST '/session/541e5fbff23d86bb83d3a1a7e5bf5bb4/execute/sync'
12:03:36.295 [AsyncHttpClient-1-2] DEBUG org.asynchttpclient.netty.handler.HttpHandler - 

Request DefaultHttpRequest(decodeResult: success, version: HTTP/1.1)
POST /session/541e5fbff23d86bb83d3a1a7e5bf5bb4/execute/sync HTTP/1.1
User-Agent: selenium/4.6.0 (java windows)
Content-Length: 48787
Content-Type: application/json; charset=utf-8
host: localhost:26374
accept: */*

[...]
12:04:20.314 [Forwarding getAlertText on session 541e5fbff23d86bb83d3a1a7e5bf5bb4 to remote] DEBUG org.asynchttpclient.netty.request.NettyRequestSender - Using open Channel [id: 0x5e9e9eb4, L:/127.0.0.1:64175 - R:localhost/127.0.0.1:26374] for GET '/session/541e5fbff23d86bb83d3a1a7e5bf5bb4/alert/text'
12:04:20.316 [AsyncHttpClient-1-2] DEBUG org.asynchttpclient.netty.handler.HttpHandler - 

Request DefaultFullHttpRequest(decodeResult: success, version: HTTP/1.1, content: EmptyByteBufBE)
GET /session/541e5fbff23d86bb83d3a1a7e5bf5bb4/alert/text HTTP/1.1
User-Agent: selenium/4.6.0 (java windows)
Cache-Control: no-cache
Content-Type: application/json; charset=utf-8
host: localhost:26374
accept: */*

Response DefaultHttpResponse(decodeResult: success, version: HTTP/1.1)
HTTP/1.1 404 Not Found
Content-Type: application/json; charset=utf-8
cache-control: no-cache
content-length: 848

12:04:20.316 [AsyncHttpClient-1-2] DEBUG org.asynchttpclient.netty.channel.ChannelManager - Adding key: http://localhost:26374 for channel [id: 0x5e9e9eb4, L:/127.0.0.1:64175 - R:localhost/127.0.0.1:26374]
12:04:20.329 [Forwarding switchToWindow on session 541e5fbff23d86bb83d3a1a7e5bf5bb4 to remote] DEBUG org.asynchttpclient.netty.request.NettyRequestSender - Using pooled Channel '[id: 0x5e9e9eb4, L:/127.0.0.1:64175 - R:localhost/127.0.0.1:26374]' for 'POST' to 'http://localhost:26374/session/541e5fbff23d86bb83d3a1a7e5bf5bb4/window'
12:04:20.329 [Forwarding switchToWindow on session 541e5fbff23d86bb83d3a1a7e5bf5bb4 to remote] DEBUG org.asynchttpclient.netty.request.NettyRequestSender - Using open Channel [id: 0x5e9e9eb4, L:/127.0.0.1:64175 - R:localhost/127.0.0.1:26374] for POST '/session/541e5fbff23d86bb83d3a1a7e5bf5bb4/window'
12:04:20.331 [AsyncHttpClient-1-2] DEBUG org.asynchttpclient.netty.handler.HttpHandler - 

Request DefaultHttpRequest(decodeResult: success, version: HTTP/1.1)
POST /session/541e5fbff23d86bb83d3a1a7e5bf5bb4/window HTTP/1.1
User-Agent: selenium/4.6.0 (java windows)
Content-Length: 50
Content-Type: application/json; charset=utf-8
host: localhost:26374
accept: */*

Response DefaultHttpResponse(decodeResult: success, version: HTTP/1.1)
HTTP/1.1 200 OK
Content-Type: application/json; charset=utf-8
cache-control: no-cache
content-length: 14

12:04:20.331 [AsyncHttpClient-1-2] DEBUG org.asynchttpclient.netty.channel.ChannelManager - Adding key: http://localhost:26374 for channel [id: 0x5e9e9eb4, L:/127.0.0.1:64175 - R:localhost/127.0.0.1:26374]
12:04:20.332 [Forwarding getCurrentUrl on session 541e5fbff23d86bb83d3a1a7e5bf5bb4 to remote] DEBUG org.asynchttpclient.netty.request.NettyRequestSender - Using pooled Channel '[id: 0x5e9e9eb4, L:/127.0.0.1:64175 - R:localhost/127.0.0.1:26374]' for 'GET' to 'http://localhost:26374/session/541e5fbff23d86bb83d3a1a7e5bf5bb4/url'
12:04:20.332 [Forwarding getCurrentUrl on session 541e5fbff23d86bb83d3a1a7e5bf5bb4 to remote] DEBUG org.asynchttpclient.netty.request.NettyRequestSender - Using open Channel [id: 0x5e9e9eb4, L:/127.0.0.1:64175 - R:localhost/127.0.0.1:26374] for GET '/session/541e5fbff23d86bb83d3a1a7e5bf5bb4/url'
12:04:20.338 [AsyncHttpClient-1-2] DEBUG org.asynchttpclient.netty.handler.HttpHandler - 

Request DefaultFullHttpRequest(decodeResult: success, version: HTTP/1.1, content: EmptyByteBufBE)
GET /session/541e5fbff23d86bb83d3a1a7e5bf5bb4/url HTTP/1.1
User-Agent: selenium/4.6.0 (java windows)
Cache-Control: no-cache
Content-Type: application/json; charset=utf-8
host: localhost:26374
accept: */*

Response DefaultHttpResponse(decodeResult: success, version: HTTP/1.1)
HTTP/1.1 200 OK
Content-Type: application/json; charset=utf-8
cache-control: no-cache
content-length: 47

12:04:20.338 [AsyncHttpClient-1-2] DEBUG org.asynchttpclient.netty.channel.ChannelManager - Adding key: http://localhost:26374 for channel [id: 0x5e9e9eb4, L:/127.0.0.1:64175 - R:localhost/127.0.0.1:26374]
12:04:20.338 [Forwarding screenshot on session 541e5fbff23d86bb83d3a1a7e5bf5bb4 to remote] DEBUG org.asynchttpclient.netty.request.NettyRequestSender - Using pooled Channel '[id: 0x5e9e9eb4, L:/127.0.0.1:64175 - R:localhost/127.0.0.1:26374]' for 'GET' to 'http://localhost:26374/session/541e5fbff23d86bb83d3a1a7e5bf5bb4/screenshot'
12:04:20.338 [Forwarding screenshot on session 541e5fbff23d86bb83d3a1a7e5bf5bb4 to remote] DEBUG org.asynchttpclient.netty.request.NettyRequestSender - Using open Channel [id: 0x5e9e9eb4, L:/127.0.0.1:64175 - R:localhost/127.0.0.1:26374] for GET '/session/541e5fbff23d86bb83d3a1a7e5bf5bb4/screenshot'
12:04:20.520 [AsyncHttpClient-1-2] DEBUG org.asynchttpclient.netty.handler.HttpHandler - 

Request DefaultFullHttpRequest(decodeResult: success, version: HTTP/1.1, content: EmptyByteBufBE)
GET /session/541e5fbff23d86bb83d3a1a7e5bf5bb4/screenshot HTTP/1.1
User-Agent: selenium/4.6.0 (java windows)
Cache-Control: no-cache
Content-Type: application/json; charset=utf-8
host: localhost:26374
accept: */*

Response DefaultHttpResponse(decodeResult: success, version: HTTP/1.1)
HTTP/1.1 200 OK
Content-Type: application/json; charset=utf-8
cache-control: no-cache
content-length: 324816

12:04:20.521 [AsyncHttpClient-1-2] DEBUG org.asynchttpclient.netty.channel.ChannelManager - Adding key: http://localhost:26374 for channel [id: 0x5e9e9eb4, L:/127.0.0.1:64175 - R:localhost/127.0.0.1:26374]
12:04:20.533 [Test worker] DEBUG net.serenitybdd.core.photography.Darkroom - Send negative for processing for C:\Users\Usuario\Documents\retoAutomatizacion\e2e\RetoDemoBlaze\target\site\serenity\8338e7d537d6e8fe9fa780d29f859e871fc0fc20b3fe5dc3aca593c539986724.png
12:04:20.534 [Test worker] DEBUG net.thucydides.core.steps.StepInterceptor - STEP DONE: {0} clicks on #target
12:04:20.534 [Darkroom Processing Line] DEBUG net.serenitybdd.core.photography.DarkroomProcessingLine - Processing screenshot image in /var/screenshots/screenshot-5272859198822900239
12:04:20.534 [Darkroom Processing Line] DEBUG net.serenitybdd.core.photography.DarkroomProcessingLine - Saving screenshot to C:\Users\Usuario\Documents\retoAutomatizacion\e2e\RetoDemoBlaze\target\site\serenity\8338e7d537d6e8fe9fa780d29f859e871fc0fc20b3fe5dc3aca593c539986724.png
12:04:20.572 [Test worker] DEBUG net.thucydides.core.steps.StepInterceptor - STEP DONE: performAs
  ?[32mY ?[0m?[32mcompleto el formulario?[0m                                                   ?[90m# org.example.stepsdefinition.demoBlazeStepDefinition.completoElFormulario(io.cucumber.datatable.DataTable)?[0m
    | Name  | Country | City | Creditcard       | Month | Year |
    | Aaron | PERU    | LIMA | 4199651567347524 | 02    | 2024 |
12:04:20.632 [Forwarding getCurrentWindowHandle on session 541e5fbff23d86bb83d3a1a7e5bf5bb4 to remote] DEBUG org.asynchttpclient.netty.request.NettyRequestSender - Using pooled Channel '[id: 0x5e9e9eb4, L:/127.0.0.1:64175 - R:localhost/127.0.0.1:26374]' for 'GET' to 'http://localhost:26374/session/541e5fbff23d86bb83d3a1a7e5bf5bb4/window'
12:04:20.633 [Forwarding getCurrentWindowHandle on session 541e5fbff23d86bb83d3a1a7e5bf5bb4 to remote] DEBUG org.asynchttpclient.netty.request.NettyRequestSender - Using open Channel [id: 0x5e9e9eb4, L:/127.0.0.1:64175 - R:localhost/127.0.0.1:26374] for GET '/session/541e5fbff23d86bb83d3a1a7e5bf5bb4/window'
12:04:20.633 [AsyncHttpClient-1-2] DEBUG org.asynchttpclient.netty.handler.HttpHandler - 

Request DefaultFullHttpRequest(decodeResult: success, version: HTTP/1.1, content: EmptyByteBufBE)
GET /session/541e5fbff23d86bb83d3a1a7e5bf5bb4/window HTTP/1.1
User-Agent: selenium/4.6.0 (java windows)
Cache-Control: no-cache
Content-Type: application/json; charset=utf-8
host: localhost:26374
accept: */*

Response DefaultHttpResponse(decodeResult: success, version: HTTP/1.1)
HTTP/1.1 200 OK
Content-Type: application/json; charset=utf-8
cache-control: no-cache
content-length: 44

12:04:20.633 [AsyncHttpClient-1-2] DEBUG org.asynchttpclient.netty.channel.ChannelManager - Adding key: http://localhost:26374 for channel [id: 0x5e9e9eb4, L:/127.0.0.1:64175 - R:localhost/127.0.0.1:26374]
12:04:20.642 [Forwarding getAlertText on session 541e5fbff23d86bb83d3a1a7e5bf5bb4 to remote] DEBUG org.asynchttpclient.netty.request.NettyRequestSender - Using pooled Channel '[id: 0x5e9e9eb4, L:/127.0.0.1:64175 - R:localhost/127.0.0.1:26374]' for 'GET' to 'http://localhost:26374/session/541e5fbff23d86bb83d3a1a7e5bf5bb4/alert/text'
12:04:20.642 [Forwarding getAlertText on session 541e5fbff23d86bb83d3a1a7e5bf5bb4 to remote] DEBUG org.asynchttpclient.netty.request.NettyRequestSender - Using open Channel [id: 0x5e9e9eb4, L:/127.0.0.1:64175 - R:localhost/127.0.0.1:26374] for GET '/session/541e5fbff23d86bb83d3a1a7e5bf5bb4/alert/text'
12:04:20.646 [AsyncHttpClient-1-2] DEBUG org.asynchttpclient.netty.handler.HttpHandler - 

Request DefaultFullHttpRequest(decodeResult: success, version: HTTP/1.1, content: EmptyByteBufBE)
GET /session/541e5fbff23d86bb83d3a1a7e5bf5bb4/alert/text HTTP/1.1
User-Agent: selenium/4.6.0 (java windows)
Cache-Control: no-cache
Content-Type: application/json; charset=utf-8
host: localhost:26374
accept: */*

Response DefaultHttpResponse(decodeResult: success, version: HTTP/1.1)
HTTP/1.1 404 Not Found
Content-Type: application/json; charset=utf-8
cache-control: no-cache
content-length: 848

12:04:20.646 [AsyncHttpClient-1-2] DEBUG org.asynchttpclient.netty.channel.ChannelManager - Adding key: http://localhost:26374 for channel [id: 0x5e9e9eb4, L:/127.0.0.1:64175 - R:localhost/127.0.0.1:26374]
12:04:20.664 [Forwarding switchToWindow on session 541e5fbff23d86bb83d3a1a7e5bf5bb4 to remote] DEBUG org.asynchttpclient.netty.request.NettyRequestSender - Using pooled Channel '[id: 0x5e9e9eb4, L:/127.0.0.1:64175 - R:localhost/127.0.0.1:26374]' for 'POST' to 'http://localhost:26374/session/541e5fbff23d86bb83d3a1a7e5bf5bb4/window'
12:04:20.664 [Forwarding switchToWindow on session 541e5fbff23d86bb83d3a1a7e5bf5bb4 to remote] DEBUG org.asynchttpclient.netty.request.NettyRequestSender - Using open Channel [id: 0x5e9e9eb4, L:/127.0.0.1:64175 - R:localhost/127.0.0.1:26374] for POST '/session/541e5fbff23d86bb83d3a1a7e5bf5bb4/window'
12:04:20.664 [AsyncHttpClient-1-1] DEBUG org.asynchttpclient.netty.channel.DefaultChannelPool - Entry count for : http://localhost:64176 : 1
12:04:20.666 [AsyncHttpClient-1-2] DEBUG org.asynchttpclient.netty.handler.HttpHandler - 

Request DefaultHttpRequest(decodeResult: success, version: HTTP/1.1)
POST /session/541e5fbff23d86bb83d3a1a7e5bf5bb4/window HTTP/1.1
User-Agent: selenium/4.6.0 (java windows)
Content-Length: 50
Content-Type: application/json; charset=utf-8
host: localhost:26374
accept: */*

Response DefaultHttpResponse(decodeResult: success, version: HTTP/1.1)
HTTP/1.1 200 OK
Content-Type: application/json; charset=utf-8
cache-control: no-cache
content-length: 14

12:04:20.667 [AsyncHttpClient-1-2] DEBUG org.asynchttpclient.netty.channel.ChannelManager - Adding key: http://localhost:26374 for channel [id: 0x5e9e9eb4, L:/127.0.0.1:64175 - R:localhost/127.0.0.1:26374]
12:04:20.667 [Forwarding getCurrentUrl on session 541e5fbff23d86bb83d3a1a7e5bf5bb4 to remote] DEBUG org.asynchttpclient.netty.request.NettyRequestSender - Using pooled Channel '[id: 0x5e9e9eb4, L:/127.0.0.1:64175 - R:localhost/127.0.0.1:26374]' for 'GET' to 'http://localhost:26374/session/541e5fbff23d86bb83d3a1a7e5bf5bb4/url'
12:04:20.667 [Forwarding getCurrentUrl on session 541e5fbff23d86bb83d3a1a7e5bf5bb4 to remote] DEBUG org.asynchttpclient.netty.request.NettyRequestSender - Using open Channel [id: 0x5e9e9eb4, L:/127.0.0.1:64175 - R:localhost/127.0.0.1:26374] for GET '/session/541e5fbff23d86bb83d3a1a7e5bf5bb4/url'
12:04:20.675 [AsyncHttpClient-1-2] DEBUG org.asynchttpclient.netty.handler.HttpHandler - 

Request DefaultFullHttpRequest(decodeResult: success, version: HTTP/1.1, content: EmptyByteBufBE)
GET /session/541e5fbff23d86bb83d3a1a7e5bf5bb4/url HTTP/1.1
User-Agent: selenium/4.6.0 (java windows)
Cache-Control: no-cache
Content-Type: application/json; charset=utf-8
host: localhost:26374
accept: */*

Response DefaultHttpResponse(decodeResult: success, version: HTTP/1.1)
HTTP/1.1 200 OK
Content-Type: application/json; charset=utf-8
cache-control: no-cache
content-length: 47

12:04:20.675 [AsyncHttpClient-1-2] DEBUG org.asynchttpclient.netty.channel.ChannelManager - Adding key: http://localhost:26374 for channel [id: 0x5e9e9eb4, L:/127.0.0.1:64175 - R:localhost/127.0.0.1:26374]
12:04:20.676 [Forwarding screenshot on session 541e5fbff23d86bb83d3a1a7e5bf5bb4 to remote] DEBUG org.asynchttpclient.netty.request.NettyRequestSender - Using pooled Channel '[id: 0x5e9e9eb4, L:/127.0.0.1:64175 - R:localhost/127.0.0.1:26374]' for 'GET' to 'http://localhost:26374/session/541e5fbff23d86bb83d3a1a7e5bf5bb4/screenshot'
12:04:20.676 [Forwarding screenshot on session 541e5fbff23d86bb83d3a1a7e5bf5bb4 to remote] DEBUG org.asynchttpclient.netty.request.NettyRequestSender - Using open Channel [id: 0x5e9e9eb4, L:/127.0.0.1:64175 - R:localhost/127.0.0.1:26374] for GET '/session/541e5fbff23d86bb83d3a1a7e5bf5bb4/screenshot'
12:04:20.870 [AsyncHttpClient-1-2] DEBUG org.asynchttpclient.netty.handler.HttpHandler - 

Request DefaultFullHttpRequest(decodeResult: success, version: HTTP/1.1, content: EmptyByteBufBE)
GET /session/541e5fbff23d86bb83d3a1a7e5bf5bb4/screenshot HTTP/1.1
User-Agent: selenium/4.6.0 (java windows)
Cache-Control: no-cache
Content-Type: application/json; charset=utf-8
host: localhost:26374
accept: */*

Response DefaultHttpResponse(decodeResult: success, version: HTTP/1.1)
HTTP/1.1 200 OK
Content-Type: application/json; charset=utf-8
cache-control: no-cache
content-length: 324816

12:04:20.871 [AsyncHttpClient-1-2] DEBUG org.asynchttpclient.netty.channel.ChannelManager - Adding key: http://localhost:26374 for channel [id: 0x5e9e9eb4, L:/127.0.0.1:64175 - R:localhost/127.0.0.1:26374]
12:04:20.879 [Test worker] DEBUG net.serenitybdd.core.photography.Darkroom - Send negative for processing for C:\Users\Usuario\Documents\retoAutomatizacion\e2e\RetoDemoBlaze\target\site\serenity\8338e7d537d6e8fe9fa780d29f859e871fc0fc20b3fe5dc3aca593c539986724.png
12:04:20.976 [Driver Command Executor] DEBUG org.asynchttpclient.netty.request.NettyRequestSender - Using pooled Channel '[id: 0x5e9e9eb4, L:/127.0.0.1:64175 - R:localhost/127.0.0.1:26374]' for 'DELETE' to 'http://localhost:26374/session/541e5fbff23d86bb83d3a1a7e5bf5bb4'
12:04:20.976 [Driver Command Executor] DEBUG org.asynchttpclient.netty.request.NettyRequestSender - Using open Channel [id: 0x5e9e9eb4, L:/127.0.0.1:64175 - R:localhost/127.0.0.1:26374] for DELETE '/session/541e5fbff23d86bb83d3a1a7e5bf5bb4'
12:04:20.979 [AsyncHttpClient-1-4] DEBUG org.asynchttpclient.netty.handler.WebSocketHandler - Channel Closed: [id: 0x60641db5, L:/127.0.0.1:64183 ! R:localhost/127.0.0.1:64176] with attribute NettyResponseFuture{currentRetry=0,
	isDone=1,
	isCancelled=0,
	asyncHandler=org.asynchttpclient.ws.WebSocketUpgradeHandler@7520cf63,
	nettyRequest=org.asynchttpclient.netty.request.NettyRequest@5097dbc9,
	future=java.util.concurrent.CompletableFuture@6611d84c[Completed normally],
	uri=ws://localhost:64176/devtools/browser/7d4edfb6-3cd2-4f99-a922-9474aeea55f5,
	keepAlive=true,
	redirectCount=0,
	timeoutsHolder=null,
	inAuth=0,
	touch=1686848602752}
12:04:20.980 [AsyncHttpClient-1-4] DEBUG org.asynchttpclient.netty.channel.ChannelManager - Closing Channel [id: 0x60641db5, L:/127.0.0.1:64183 ! R:localhost/127.0.0.1:64176] 
12:04:21.061 [AsyncHttpClient-1-3] DEBUG org.asynchttpclient.netty.handler.HttpHandler - Unexpected I/O exception on channel [id: 0x489aa274, L:/127.0.0.1:64182 - R:localhost/127.0.0.1:64176]
java.io.IOException: Se ha forzado la interrupción de una conexión existente por el host remoto
	at java.base/sun.nio.ch.SocketDispatcher.read0(Native Method)
	at java.base/sun.nio.ch.SocketDispatcher.read(SocketDispatcher.java:43)
	at java.base/sun.nio.ch.IOUtil.readIntoNativeBuffer(IOUtil.java:276)
	at java.base/sun.nio.ch.IOUtil.read(IOUtil.java:233)
	at java.base/sun.nio.ch.IOUtil.read(IOUtil.java:223)
	at java.base/sun.nio.ch.SocketChannelImpl.read(SocketChannelImpl.java:358)
	at io.netty.buffer.PooledByteBuf.setBytes(PooledByteBuf.java:259)
	at io.netty.buffer.AbstractByteBuf.writeBytes(AbstractByteBuf.java:1132)
	at io.netty.channel.socket.nio.NioSocketChannel.doReadBytes(NioSocketChannel.java:357)
	at io.netty.channel.nio.AbstractNioByteChannel$NioByteUnsafe.read(AbstractNioByteChannel.java:151)
	at io.netty.channel.nio.NioEventLoop.processSelectedKey(NioEventLoop.java:788)
	at io.netty.channel.nio.NioEventLoop.processSelectedKeysOptimized(NioEventLoop.java:724)
	at io.netty.channel.nio.NioEventLoop.processSelectedKeys(NioEventLoop.java:650)
	at io.netty.channel.nio.NioEventLoop.run(NioEventLoop.java:562)
	at io.netty.util.concurrent.SingleThreadEventExecutor$4.run(SingleThreadEventExecutor.java:997)
	at io.netty.util.internal.ThreadExecutorMap$2.run(ThreadExecutorMap.java:74)
	at io.netty.util.concurrent.FastThreadLocalRunnable.run(FastThreadLocalRunnable.java:30)
	at java.base/java.lang.Thread.run(Thread.java:834)
12:04:21.062 [AsyncHttpClient-1-3] DEBUG org.asynchttpclient.netty.channel.ChannelManager - Closing Channel [id: 0x489aa274, L:/127.0.0.1:64182 - R:localhost/127.0.0.1:64176] 
12:04:21.064 [AsyncHttpClient-1-3] DEBUG org.asynchttpclient.netty.handler.HttpHandler - Channel Closed: [id: 0x489aa274, L:/127.0.0.1:64182 ! R:localhost/127.0.0.1:64176] with attribute DISCARD
12:04:21.085 [AsyncHttpClient-1-2] DEBUG org.asynchttpclient.netty.handler.HttpHandler - 

Request DefaultFullHttpRequest(decodeResult: success, version: HTTP/1.1, content: EmptyByteBufBE)
DELETE /session/541e5fbff23d86bb83d3a1a7e5bf5bb4 HTTP/1.1
User-Agent: selenium/4.6.0 (java windows)
Content-Type: application/json; charset=utf-8
host: localhost:26374
accept: */*

Response DefaultHttpResponse(decodeResult: success, version: HTTP/1.1)
HTTP/1.1 200 OK
Content-Type: application/json; charset=utf-8
cache-control: no-cache
content-length: 14

12:04:21.086 [AsyncHttpClient-1-2] DEBUG org.asynchttpclient.netty.channel.ChannelManager - Adding key: http://localhost:26374 for channel [id: 0x5e9e9eb4, L:/127.0.0.1:64175 - R:localhost/127.0.0.1:26374]
12:04:21.227 [AsyncHttpClient-1-2] DEBUG org.asynchttpclient.netty.handler.HttpHandler - Channel Closed: [id: 0x5e9e9eb4, L:/127.0.0.1:64175 ! R:localhost/127.0.0.1:26374] with attribute DISCARD
12:04:21.284 [Test worker] INFO  - 
  _____   ___   ___   _____     ___     _     ___   ___   ___   ___  
 |_   _| | __| / __| |_   _|   | _ \   /_\   / __| / __| | __| |   \ 
   | |   | _|  \__ \   | |     |  _/  / _ \  \__ \ \__ \ | _|  | |) |
   |_|   |___| |___/   |_|     |_|   /_/ \_\ |___/ |___/ |___| |___/ 

Validar que se pueda realizar una compra en Demoblaze
----------------------------------------------------------------------
]]></system-out>
  <system-err><![CDATA[Starting ChromeDriver 114.0.5735.90 (386bc09e8f4f2e025eddae123f36f6263096ae49-refs/branch-heads/5735@{#1052}) on port 26374
Only local connections are allowed.
Please see https://chromedriver.chromium.org/security-considerations for suggestions on keeping ChromeDriver safe.
ChromeDriver was started successfully.
jun. 15, 2023 12:03:22 P. M. org.openqa.selenium.devtools.CdpVersionFinder findNearestMatch
WARNING: Unable to find CDP implementation matching 114
jun. 15, 2023 12:03:22 P. M. org.openqa.selenium.chromium.ChromiumDriver lambda$new$3
WARNING: Unable to find version of CDP to use for . You may need to include a dependency on a specific version of the CDP using something similar to `org.seleniumhq.selenium:selenium-devtools-v86:4.6.0` where the version ("v86") matches the version of the chromium-based browser you're using and the version number of the artifact is the same as Selenium's.
]]></system-err>
</testsuite>
